<?xml version="1.0" encoding="UTF-8"?>
<!-- Generated by org.testng.reporters.JUnitXMLReporter -->
<testsuite ignored="1" hostname="DESKTOP-JJUAQ9I" failures="2" tests="10" name="Test" time="21213.13" errors="0" timestamp="2024-04-03T17:50:08 IST">
  <testcase classname="commonMethods.Testcases" name="Scenario1" time="37.321"/>
  <testcase classname="commonMethods.Testcases" name="Scenario2" time="1326.477"/>
  <testcase classname="commonMethods.Testcases" name="Scenario3" time="742.883"/>
  <testcase classname="commonMethods.Testcases" name="Scenario5" time="1661.957"/>
  <testcase classname="commonMethods.Testcases" name="Scenario6" time="4127.951"/>
  <testcase classname="commonMethods.Testcases" name="Scenario7" time="1289.834">
    <failure type="java.lang.AssertionError" message="null">
      <![CDATA[java.lang.AssertionError: null
at commonMethods.Keywords.click(Keywords.java:388)
at scripts.Scenario7.Masterplan7(Scenario7.java:242)
at commonMethods.Testcases.Scenario7(Testcases.java:329)
at java.base/java.util.ArrayList.forEach(ArrayList.java:1511)
... Removed 29 stack frames]]>
    </failure>
  </testcase> <!-- Scenario7 -->
  <testcase classname="commonMethods.Testcases" name="Scenario8" time="859.597"/>
  <testcase classname="commonMethods.Testcases" name="Scenario9" time="312.168">
    <failure type="java.lang.AssertionError" message="null">
      <![CDATA[java.lang.AssertionError: null
at commonMethods.Keywords.waitForElement(Keywords.java:320)
at scripts.Scenario9.Semiautorun9(Scenario9.java:239)
at commonMethods.Testcases.Scenario9(Testcases.java:391)
at java.base/java.util.ArrayList.forEach(ArrayList.java:1511)
... Removed 29 stack frames]]>
    </failure>
  </testcase> <!-- Scenario9 -->
  <testcase classname="commonMethods.Testcases" name="Scenario10" time="1339.068"/>
  <testcase classname="commonMethods.Testcases" name="Scenario11" time="9479.903"/>
  <testcase classname="commonMethods.Testcases" name="Scenario4" time="0.0">
    <ignored/>
  </testcase> <!-- Scenario4 -->
</testsuite> <!-- Test -->
