<?xml version="1.0" encoding="UTF-8"?>
<!-- Generated by org.testng.reporters.JUnitXMLReporter -->
<testsuite ignored="5" hostname="DESKTOP-TSHER2F" failures="0" tests="1" name="Test" time="20.913" errors="0" timestamp="2024-03-06T20:08:27 IST">
  <testcase classname="commonMethods.Testcases" name="Scenario1" time="16.207"/>
  <testcase classname="commonMethods.Testcases" name="Scenario4" time="0.0">
    <ignored/>
  </testcase> <!-- Scenario4 -->
  <testcase classname="commonMethods.Testcases" name="Scenario5" time="0.0">
    <ignored/>
  </testcase> <!-- Scenario5 -->
  <testcase classname="commonMethods.Testcases" name="Scenario6" time="0.0">
    <ignored/>
  </testcase> <!-- Scenario6 -->
  <testcase classname="commonMethods.Testcases" name="Scenario2" time="0.0">
    <ignored/>
  </testcase> <!-- Scenario2 -->
  <testcase classname="commonMethods.Testcases" name="Scenario3" time="0.0">
    <ignored/>
  </testcase> <!-- Scenario3 -->
</testsuite> <!-- Test -->
