<?xml version="1.0" encoding="UTF-8"?>
<testsuite xmlns:xsi="http://www.w3.org/2001/XMLSchema-instance" xsi:noNamespaceSchemaLocation="https://maven.apache.org/surefire/maven-surefire-plugin/xsd/surefire-test-report-3.0.xsd" version="3.0" name="TestSuite" time="1930.611" tests="11" errors="0" skipped="0" failures="10">
  <properties>
[...]
</properties>
  <testcase name="Scenario1" classname="commonMethods.Testcases" time="21.088">
    <system-out><![CDATA[[TestNGContentHandler] [WARN] It is strongly recommended to add "<!DOCTYPE suite SYSTEM "http://testng.org/testng-1.0.dtd" >" at the top of your file, otherwise TestNG may fail or not work as expected.
******************Script Execution Started******************
16:49:32.121 [main] INFO  i.g.bonigarcia.wdm.WebDriverManager - Using chromedriver 122.0.6261.94 (resolved driver for Chrome 122)
16:49:32.149 [main] INFO  i.g.bonigarcia.wdm.WebDriverManager - Exporting webdriver.chrome.driver as C:\Users\RBT\.cache\selenium\chromedriver\win64\122.0.6261.94\chromedriver.exe
Chrome Browser launched...
Stowage numbers not present in the test sheet: [261580, 650116, 650114, 650112, 101672, 170202, 290908, 581008, 170204, 020578, 290904, 020576, 290906, 020574, 020572, 290902, 261572, 290910, 101680, 261576, 460716, 261574, 500478, 261578, 300808, 150602, 581018, 650110, 101674, 581014, 101676, 460718, 581016, 500480, 101678, 581010, 581012, 180476, 180478, 570372, 341318, 421116, 100318, 341316, 421118, 010316, 100314, 100316, 070876, 070874, 180480, 070872, 180482, 631872, 070878, 540502, 100380, 191108, 540508, 631876, 370702, 631874, 370704, 540504, 181780, 540506, 631878, 380980, 370706, 631882, 370708, 631880, 191106, 100376, 380982, 191104, 100378, 631886, 631884, 191110, 380974, 380972, 191114, 380978, 191112, 380976, 260272, 260274, 260276, 260278, 210804, 171512, 210802, 230410, 210808, 210806, 171514, 260280, 181772, 181774, 181776, 100372, 181778, 100374, 370710, 230402, 111010, 230408, 230406, 230404, 330606, 431302, 431304, 330602, 330604, 431306, 431308, 500410, 150672, 660318, 581880, 490506, 490508, 340878, 340876, 170272, 490502, 490504, 340874, 140406, 170274, 140408, 461178, 461176, 060618, 420672, 461180, 381410, 140410, 140412, 381414, 301274, 140414, 381412, 301272, 140416, 381418, 301278, 381416, 301276, 431310, 431312, 381408, 431314, 500414, 500412, 500418, 420680, 500416, 420676, 420674, 301280, 420678, 381402, 301282, 381406, 381404, 031278, 501776, 031276, 501778, 031274, 580516, 031280, 580518, 420602, 501780, 420606, 420604, 380108, 380106, 420608, 221516, 221514, 420610, 501772, 501774, 070816, 420614, 070814, 461174, 420612, 461172, 070812, 210872, 420616, 220218, 220212, 220214, 220216, 500472, 500476, 660374, 500474, 660376, 610908, 660372, 340812, 031272, 340810, 340816, 581876, 380112, 340814, 581878, 380110, 581872, 380116, 581874, 380114, 380118, 290104, 650910, 290106, 290102, 461112, 531672, 461110, 461116, 461114, 141680, 290108, 290112, 131412, 621580, 290114, 621582, 340918, 290110, 340916, 531674, 621578, 050412, 621574, 050410, 621576, 050416, 050414, 621572, 580618, 381380, 140380, 140372, 381372, 580616, 140374, 140376, 381376, 140378, 381374, 381378, 450472, 450474, 700172, 301314, 461108, 700174, 461106, 670512, 050406, 670510, 190602, 670516, 670514, 221576, 700176, 221578, 461104, 461102, 211308, 221580, 221582, 050408, 211306, 021076, 021078, 351504, 351506, 351508, 220276, 220278, 110508, 110506, 311572, 110504, 220280, 140310, 220282, 140312, 140314, 620218, 021080, 211312, 140316, 211310, 351514, 351510, 351512, 381382, 220272, 450404, 220274, 450406, 450402, 541018, 541014, 541016, 460682, 460680, 310212, 310214, 500510, 350204, 350206, 350202, 141672, 661612, 141674, 141676, 141678, 541010, 661618, 541012, 021072, 661614, 021074, 661616, 300874, 541876, 300872, 180410, 541878, 300878, 180412, 541872, 300876, 180414, 541874, 020618, 630474, 630472, 180416, 541880, 180418, 590808, 300880, 460678, 211374, 211372, 630478, 421074, 630476, 421072, 261616, 460676, 421078, 261614, 421076, 310210, 630482, 310202, 630480, 310204, 630486, 310206, 630484, 310208, 130172, 421080, 630488, 331112, 331114, 311504, 311506, 311508, 190674, 190672, 540512, 590810, 540514, 331108, 540510, 331104, 331106, 050480, 540516, 331102, 311510, 331110, 311512, 180408, 050478, 380904, 341380, 050476, 380902, 380908, 380906, 050474, 050472, 421016, 421018, 341376, 341374, 341378, 540578, 030878, 341372, 540574, 030874, 540576, 030876, 030872, 061118, 350272, 540580, 151072, 581072, 581074, 300812, 300810, 300816, 350274, 300814, 260314, 260316, 260318, 531604, 540572, 510702, 531608, 531606, 581082, 380916, 380914, 460618, 541882, 460616, 581080, 380918, 531614, 531612, 531610, 551206, 551204, 551208, 380912, 581076, 380910, 581078, 180376, 180378, 260372, 300912, 260376, 260378, 300914, 500374, 171412, 500372, 171410, 500378, 421218, 500376, 421216, 171414, 410572, 100210, 100212, 100214, 260380, 100216, 171408, 180380, 180382, 340118, 340112, 340110, 340116, 340114, 261680, 630408, 181680, 340108, 170104, 170102, 170108, 170106, 191008, 191006, 191004, 261674, 460816, 261672, 261678, 630412, 261676, 630410, 630416, 630414, 191010, 100208, 130908, 150504, 130906, 150502, 460818, 500380, 100204, 191012, 100206, 580480, 210908, 341418, 210902, 020418, 341416, 580478, 210906, 210904, 580474, 580476, 580472, 181674, 181676, 181678, 100272, 100274, 070778, 070776, 070774, 181672, 070772, 210912, 210910, 580482, 230502, 180310, 180312, 180314, 101572, 180316, 101580, 250114, 101574, 250116, 101576, 101578, 381518, 501616, 060518, 501618, 501612, 501614, 381512, 381510, 381516, 381514, 431410, 431412, 381508, 431414, 501608, 501604, 501606, 661512, 420774, 661514, 420772, 501610, 420778, 581776, 420776, 581778, 581772, 581774, 141616, 381506, 661516, 141618, 381504, 661518, 100280, 130972, 330702, 031178, 010280, 130974, 031176, 031174, 010274, 010276, 500312, 230574, 031180, 010278, 500310, 230572, 340980, 100276, 380204, 100278, 380202, 660218, 581780, 380208, 380206, 221614, 221616, 291504, 490606, 490608, 010272, 340978, 340976, 490602, 170172, 140304, 490604, 140306, 340974, 291506, 140308, 340972, 170174, 291508, 220316, 610816, 610814, 130910, 461276, 610812, 220310, 461274, 610810, 220312, 130912, 220314, 461278, 461280, 010214, 301372, 010216, 301376, 301374, 220306, 220308, 301378, 610808, 500316, 500314, 220302, 500318, 220304, 590672, 031172, 380210, 301380, 380214, 380212, 380218, 170110, 380216, 431402, 431404, 431406, 090310, 431408, 501678, 090312, 580416, 580418, 501680, 381574, 381572, 381578, 381576, 070712, 090306, 501674, 090304, 501676, 461272, 070716, 090308, 501672, 070714, 270614, 300116, 050314, 621474, 430972, 050312, 621476, 300118, 050316, 621472, 050310, 381472, 510606, 510608, 381476, 381474, 381478, 450572, 510602, 450574, 510604, 190508, 700272, 190506, 050306, 670412, 190504, 670410, 670416, 670414, 221676, 141580, 221678, 211408, 141572, 211406, 221680, 141574, 141576, 190502, 141578, 050308, 071276, 650810, 351604, 071274, 461216, 351606, 071272, 351608, 470172, 170904, 461210, 291572, 650816, 170908, 461214, 650814, 170906, 461212, 650812, 071278, 420702, 420706, 620118, 420704, 211410, 620114, 420708, 620116, 540478, 620110, 351612, 620112, 351614, 540474, 540476, 071280, 131312, 610788, 610786, 351610, 381482, 381480, 420712, 420710, 610790, 470174, 420716, 620108, 420714, 540480, 291512, 301402, 301406, 130874, 291510, 301404, 130872, 301408, 610778, 610776, 610784, 610782, 610780, 150472, 301410, 461208, 350304, 301414, 461206, 350306, 301412, 590712, 380180, 461204, 461202, 350302, 380174, 610774, 380172, 610772, 380178, 140202, 380176, 140204, 621416, 140206, 621418, 140208, 621412, 621414, 290204, 621410, 290206, 290202, 531574, 531572, 311672, 140210, 140212, 140214, 140216, 290208, 290214, 290210, 211474, 290212, 211472, 421180, 460782, 460780, 260416, 260418, 470104, 470106, 470108, 190574, 190572, 470102, 540412, 540414, 540410, 180304, 050380, 351672, 540416, 180306, 470110, 180308, 470112, 470114, 210172, 540402, 300974, 540404, 050378, 300972, 300978, 430910, 210174, 300976, 430912, 050372, 430914, 540406, 050376, 540408, 050374, 020518, 450510, 450512, 300980, 340180, 460778, 300982, 460776, 430902, 430904, 430906, 430908, 450506, 310302, 450508, 061018, 310304, 450502, 310306, 450504, 181616, 340178, 181618, 340176, 261780, 340174, 340172, 331214, 051680, 071216, 331210, 140280, 331212, 531504, 140276, 140278, 311604, 311606, 540472, 311608, 531508, 531506, 051678, 051676, 331208, 261774, 261772, 331204, 261778, 331206, 261776, 170912, 051674, 051672, 331202, 311610, 311612, 551106, 170910, 531512, 551104, 531510, 551108, 541776, 541778, 541772, 341480, 541774, 611208, 341476, 541780, 341474, 190510, 541782, 341478, 621482, 341472, 421174, 421172, 621480, 421178, 421176, 621478, 100580, 501578, 651210, 100574, 100576, 501580, 100578, 181116, 181118, 051076, 051074, 051078, 501574, 501576, 501572, 530908, 530906, 530904, 530902, 220812, 220814, 111212, 220816, 631612, 631616, 631614, 220810, 500274, 500272, 620914, 500278, 051072, 620916, 500276, 620910, 620912, 380718, 380716, 100572, 261316, 261314, 380714, 380712, 431102, 431104, 431106, 330404, 431108, 330406, 470706, 330402, 170406, 470708, 421780, 421776, 421774, 170404, 470702, 020778, 421778, 170402, 020776, 470704, 020774, 020772, 581680, 431110, 411504, 261374, 411506, 261372, 030116, 261378, 490308, 340680, 261376, 030112, 030114, 411508, 470710, 340678, 470712, 470714, 310802, 340672, 490304, 310804, 490306, 310806, 261380, 340676, 340674, 500280, 490302, 411514, 411510, 180676, 411512, 180678, 420474, 420472, 231506, 301072, 231508, 301076, 301074, 301078, 431112, 431114, 051016, 420480, 180680, 180682, 420478, 420476, 301082, 301080, 220878, 220874, 220876, 580318, 420404, 380780, 420402, 580316, 420408, 420406, 190906, 190904, 350902, 350904, 190908, 420412, 420410, 420416, 090608, 380772, 420414, 090606, 350906, 380776, 350908, 380774, 231510, 231512, 380778, 350910, 350912, 350914, 101012, 501516, 501518, 501512, 531372, 501514, 210606, 210604, 230210, 210602, 181178, 610708, 501506, 390102, 220880, 501508, 181172, 390104, 421772, 181174, 181176, 501504, 230204, 340614, 661412, 230202, 340612, 501510, 661414, 581678, 181180, 340616, 151312, 581674, 101014, 151310, 581676, 101016, 230208, 340610, 101018, 661416, 230206, 581672, 661418, 301006, 101072, 301004, 101074, 101076, 301008, 101078, 340608, 500212, 150874, 500210, 290706, 150872, 301010, 290702, 301014, 660118, 290704, 301012, 140608, 101080, 581616, 581618, 581612, 581614, 581610, 170474, 140604, 170472, 140606, 060818, 030172, 381212, 381210, 140610, 381216, 140612, 381214, 140614, 450274, 140616, 381218, 450272, 030178, 500216, 500214, 030174, 030176, 500218, 231572, 381204, 231574, 381202, 301002, 381208, 381206, 050676, 050674, 050678, 070280, 110708, 110706, 050672, 381112, 381110, 450212, 381116, 381114, 450210, 381118, 291204, 291206, 540376, 291202, 540378, 221314, 381102, 450206, 450208, 381106, 450202, 381104, 450204, 291208, 540380, 381108, 291212, 291210, 460482, 350872, 510508, 260914, 531406, 660972, 260916, 531404, 660974, 540372, 510502, 540374, 510504, 660976, 510506, 531408, 551004, 551008, 531410, 551006, 621318, 621314, 621316, 621310, 300676, 650712, 300674, 621312, 650710, 300678, 260972, 260974, 650716, 260976, 650714, 260978, 151208, 141880, 300680, 460478, 460476, 460480, 050614, 461778, 050612, 461774, 461776, 381182, 090710, 381180, 311310, 461772, 381174, 311302, 140572, 381172, 311304, 140574, 381178, 311306, 140576, 381176, 311308, 140578, 050616, 110710, 670310, 670314, 130302, 211110, 670312, 221376, 670316, 221378, 461780, 461782, 140580, 311312, 221380, 221382, 211104, 090708, 300672, 211108, 211106, 540302, 351304, 540304, 351306, 341180, 191308, 351308, 191306, 070206, 070204, 540306, 540308, 351302, 070208, 341178, 341176, 211112, 341174, 341172, 070216, 351310, 070214, 351312, 070212, 351314, 070210, 191314, 191312, 191310, 300610, 300614, 460408, 300612, 300618, 300616, 541616, 141074, 541618, 460416, 460414, 260980, 141080, 460412, 460410, 141076, 061378, 141078, 061372, 061374, 061376, 541678, 180610, 180612, 541676, 611108, 020818, 630272, 630276, 630274, 541680, 180614, 141006, 660914, 541682, 180616, 141008, 660916, 660912, 101880, 261414, 300608, 630278, 621380, 261416, 141010, 630284, 141012, 630282, 141014, 141016, 141018, 101872, 101874, 101876, 470672, 630280, 101878, 470674, 621376, 621378, 621372, 621374, 100516, 341118, 330472, 190874, 100510, 341116, 190872, 100512, 100514, 070274, 540314, 070272, 540310, 540312, 070278, 070276, 180604, 180606, 180608, 580280, 580282, 220914, 111112, 341218, 620818, 580276, 580278, 010416, 580272, 341216, 580274, 380816, 380814, 100472, 500118, 070976, 500116, 070974, 070972, 470874, 070978, 380812, 380810, 470872, 260118, 290806, 651110, 501480, 290802, 290804, 101780, 501476, 501478, 501472, 501474, 101772, 101774, 101776, 101778, 411614, 260172, 180576, 260174, 411610, 180578, 260176, 411612, 260178, 631512, 631516, 631514, 500176, 500174, 231606, 171614, 500178, 310910, 231608, 171612, 260180, 431212, 431214, 581580, 420580, 180580, 180582, 420576, 420574, 581578, 420578, 581574, 581576, 581572, 220976, 100480, 220978, 330504, 191208, 330506, 470806, 470808, 330502, 630208, 220972, 181880, 220974, 170302, 470802, 630210, 470804, 191206, 100474, 191204, 100476, 100478, 261472, 261476, 490408, 261474, 630214, 261478, 630212, 630216, 340778, 470810, 470812, 470814, 490404, 380874, 340772, 310902, 490406, 380872, 191214, 310904, 380878, 340776, 261480, 191212, 310906, 231610, 490402, 380876, 191210, 340774, 500180, 310908, 231612, 610616, 461078, 610614, 461076, 610612, 610610, 210704, 461080, 210702, 140510, 301174, 140512, 301172, 140514, 301178, 140516, 301176, 610608, 181072, 220980, 181074, 220982, 181076, 181078, 181080, 301180, 431202, 431204, 431206, 431208, 421880, 580218, 421874, 421872, 421878, 580216, 421876, 431210, 411604, 411606, 411608, 070916, 090508, 141872, 461074, 070914, 090506, 141874, 461072, 141876, 141878, 501418, 060718, 501414, 501416, 381310, 381314, 381312, 450374, 381318, 381316, 450372, 501408, 661314, 501410, 340714, 661316, 501412, 340712, 661312, 340716, 381304, 231672, 381302, 231674, 381308, 661318, 340710, 381306, 461012, 340708, 461010, 010480, 461016, 461014, 500110, 010472, 010474, 500114, 420504, 340706, 010476, 420502, 340704, 500112, 230374, 010478, 420508, 420506, 140508, 181014, 301116, 370672, 181016, 301114, 181018, 230372, 221412, 221414, 420510, 581516, 581518, 420514, 581512, 420512, 581514, 420516, 581510, 170374, 140506, 170372, 291310, 291312, 220110, 531310, 340808, 220112, 220114, 140480, 220116, 531306, 531304, 140474, 140476, 540272, 140478, 540274, 531308, 220108, 301216, 070176, 461008, 070174, 301214, 070172, 461002, 220102, 220104, 461006, 220106, 461004, 070178, 610572, 621218, 621214, 621216, 541578, 621210, 621212, 070180, 541576, 611886, 190710, 541582, 541580, 611878, 611876, 611884, 611882, 611880, 050512, 270414, 050516, 050514, 460582, 381280, 310112, 381274, 611874, 510408, 310114, 611872, 381272, 381278, 381276, 510402, 510404, 510406, 190708, 670210, 190706, 190704, 211210, 670214, 190702, 670212, 670216, 221476, 221478, 221480, 211208, 221482, 141772, 141774, 141776, 141778, 211206, 211204, 351404, 300776, 650612, 351406, 300774, 650610, 351408, 300778, 110608, 220176, 110606, 220178, 110604, 650616, 351402, 650614, 141780, 151108, 211212, 300780, 351414, 291304, 291306, 460578, 540276, 540278, 291302, 351410, 460576, 310110, 351412, 310102, 450308, 310104, 381282, 460580, 310106, 450304, 310108, 450306, 151112, 450302, 151110, 540280, 291308, 541514, 130274, 461876, 461878, 461872, 461874, 331012, 541516, 331014, 541518, 181872, 350106, 181874, 181876, 181878, 331006, 331008, 331002, 350102, 461880, 350104, 331004, 461882, 331010, 300772, 341280, 180512, 180514, 070106, 070104, 611008, 070108, 180516, 341278, 341276, 070110, 341274, 341272, 621280, 070116, 070114, 070112, 300710, 621276, 621278, 300714, 371074, 621272, 300712, 621274, 260216, 300716, 260218, 100416, 100418, 100410, 190774, 100412, 190772, 100414, 540214, 460514, 540210, 540212, 460516, 371072, 540204, 380806, 050578, 540206, 380804, 050576, 540202, 380808, 540208, 050574, 020718, 050572, 630172, 660818, 380802, 410272, 261514, 300708, 261516, 100406, 100408, 061218, 470772, 130272, 470774, 100404, 330206, 330202, 421580, 470508, 330204, 421578, 421576, 470502, 470504, 470506, 411306, 140806, 411308, 140808, 580172, 411302, 411304, 340480, 470512, 170674, 310602, 340474, 310604, 490106, 310606, 490108, 411310, 340478, 170672, 490102, 340476, 470510, 490104, 140804, 140816, 411312, 411314, 331512, 331514, 420276, 420274, 331510, 190274, 190272, 020118, 140810, 140812, 580174, 140814, 331508, 540910, 331504, 331506, 540916, 420280, 540918, 540912, 540914, 420278, 380508, 380506, 341780, 070404, 420210, 420202, 341778, 230872, 580116, 420206, 070408, 420204, 580118, 070406, 491406, 341772, 501380, 491404, 651010, 420208, 491402, 380504, 341776, 380502, 341774, 181316, 070414, 051274, 070412, 051272, 070410, 051278, 051276, 420214, 501376, 420212, 501378, 501372, 051280, 420216, 501374, 070416, 181318, 220614, 220616, 220610, 220612, 551612, 551610, 551614, 131072, 581480, 261114, 220608, 261116, 421574, 421572, 340416, 340414, 340418, 581476, 380512, 551606, 581478, 101214, 380510, 340412, 581472, 101216, 380516, 340410, 581474, 101218, 380514, 551608, 650514, 290502, 650512, 101272, 650510, 101274, 101276, 650516, 581408, 381872, 340408, 381876, 510202, 140876, 381874, 510204, 140878, 290504, 510206, 290506, 381878, 510208, 101280, 261176, 261174, 261178, 500876, 500874, 500878, 500880, 581418, 140880, 581414, 581416, 581410, 101278, 581412, 261180, 231306, 231308, 421516, 050816, 421518, 050814, 261172, 231304, 670112, 670110, 670116, 670114, 381880, 570712, 181380, 220672, 220674, 220676, 220678, 380580, 220680, 350702, 380574, 380572, 380578, 231310, 380576, 231312, 300378, 501318, 460284, 501314, 501316, 210408, 210406, 171114, 620716, 620718, 620712, 300380, 620714, 210404, 171112, 210402, 171110, 620710, 181376, 181378, 501308, 220682, 181372, 181374, 501310, 661214, 501312, 661216, 151514, 171108, 171106, 661212, 210410, 300478, 621112, 300476, 621114, 621110, 231372, 180810, 180812, 300480, 180814, 660718, 180816, 500918, 500916, 500910, 460276, 500914, 500912, 460278, 141210, 141212, 460282, 141214, 460280, 141216, 141218, 570808, 570810, 461576, 461578, 311110, 461572, 311112, 461574, 311102, 311104, 461580, 311106, 311108, 060218, 150172, 540116, 540112, 540114, 461582, 110910, 180802, 231374, 180804, 300474, 180806, 300472, 180808, 050874, 050872, 050878, 050876, 610416, 610414, 011274, 610412, 011272, 500972, 301772, 301776, 301774, 540178, 301778, 610408, 221114, 221116, 610410, 301780, 540180, 300412, 300410, 300416, 300414, 300418, 260714, 260716, 531208, 531206, 531204, 510302, 540174, 510304, 540176, 510306, 510308, 540172, 500976, 011280, 500974, 460214, 500978, 011278, 011276, 500980, 461514, 260772, 461516, 260774, 461510, 260776, 461512, 260778, 551674, 551672, 221172, 221174, 170602, 221176, 300408, 470472, 470474, 621174, 180876, 621172, 330272, 100714, 100716, 330274, 450872, 180878, 450874, 100712, 070472, 461506, 180882, 030416, 461508, 461504, 030414, 221178, 070478, 070476, 070474, 180880, 221180, 221182, 190204, 190202, 540104, 351106, 540106, 351108, 411214, 070480, 540102, 100780, 420172, 540108, 420176, 351102, 390710, 420174, 351104, 450814, 450810, 450812, 100772, 540110, 100774, 230912, 100776, 230910, 100778, 420180, 230908, 230906, 351110, 351112, 351114, 450808, 450804, 450806, 420178, 450802, 191514, 230904, 191512, 230902, 191510, 500906, 111414, 541414, 500904, 541416, 270116, 270114, 500908, 541412, 500902, 541418, 610478, 141272, 470402, 610488, 470404, 610486, 470406, 610484, 610482, 610480, 260780, 141280, 390702, 390704, 610476, 141274, 061576, 390706, 610474, 141276, 061578, 610472, 390708, 141278, 621116, 061572, 621118, 061574, 510172, 411412, 411414, 501216, 420374, 060918, 501218, 420372, 190174, 190172, 431014, 581380, 540810, 501208, 261216, 540816, 030276, 420380, 261214, 030278, 501204, 540812, 030272, 501206, 540814, 030274, 030280, 661116, 501212, 420378, 420376, 501214, 661112, 661114, 501210, 581376, 581378, 581372, 581374, 380608, 380606, 330306, 100680, 470608, 540806, 330302, 540808, 330304, 540802, 010680, 540804, 470602, 010672, 470604, 010674, 150974, 470606, 010676, 150972, 100672, 010678, 100674, 100676, 380604, 100678, 380602, 140706, 140708, 181216, 340580, 181218, 051174, 051172, 051178, 051176, 470610, 170574, 470612, 470614, 310702, 051180, 490206, 310704, 340574, 490208, 340572, 310706, 490202, 340578, 170572, 490204, 140704, 340576, 220712, 220714, 331614, 220716, 331610, 331612, 661172, 220710, 551510, 150912, 150910, 551512, 331608, 380616, 220706, 331604, 220708, 331606, 421672, 170510, 380610, 551506, 101114, 341880, 101116, 380614, 101118, 380612, 551508, 431002, 431004, 431006, 431008, 421680, 070304, 421676, 341878, 421674, 070308, 070306, 421678, 341872, 501280, 341876, 431010, 431012, 341874, 190110, 411404, 411406, 030214, 411402, 030216, 070316, 070314, 030212, 411408, 070312, 070310, 501278, 501274, 501276, 411410, 501272, 050714, 231404, 231406, 500774, 231408, 500772, 421618, 421616, 050716, 171012, 171010, 450172, 450174, 410972, 171006, 340516, 171004, 340514, 171008, 151412, 511404, 151410, 340512, 430572, 511406, 340510, 220778, 650414, 650412, 650410, 181280, 220772, 220774, 220776, 650416, 420302, 581308, 380680, 531008, 340508, 420306, 140772, 531006, 420304, 140774, 531004, 510104, 140776, 510106, 420308, 140778, 510108, 261274, 630816, 261272, 630814, 261278, 350802, 510102, 261276, 350804, 500778, 130504, 500776, 630812, 630810, 420312, 581318, 420310, 420316, 581314, 420314, 581316, 350806, 380676, 581310, 380674, 231410, 581312, 380678, 261280, 580878, 580874, 620618, 580876, 140710, 580872, 140712, 140714, 210502, 140716, 181278, 181272, 181274, 181276, 580880, 101172, 290602, 101174, 101176, 231472, 501202, 290604, 290606, 101180, 101178, 500808, 500806, 260814, 260816, 260818, 060118, 110810, 011180, 011178, 011176, 231474, 300578, 050776, 300576, 050774, 210572, 050778, 110806, 410906, 410908, 410902, 050772, 410904, 381010, 580978, 381014, 580974, 110808, 381012, 580976, 300580, 450114, 381018, 660618, 381016, 580972, 450110, 450112, 410910, 291106, 410912, 500816, 291108, 291102, 291104, 230174, 500810, 230172, 410914, 500814, 460378, 221214, 500812, 221216, 460376, 460382, 450106, 381002, 460380, 450108, 141114, 580980, 141116, 450102, 381006, 210574, 580982, 450104, 381004, 381008, 461678, 461674, 461676, 580916, 311210, 461672, 580918, 531108, 311202, 580912, 090810, 531106, 311204, 461680, 580914, 531104, 311206, 140674, 311208, 580910, 140676, 140678, 130404, 130402, 611616, 611614, 461682, 611612, 311212, 140680, 090808, 300574, 300572, 341080, 190912, 190910, 011174, 011172, 611610, 500872, 221272, 221274, 341078, 301872, 341072, 301876, 301874, 341076, 341074, 301878, 301880, 300512, 300510, 180776, 270214, 300516, 621074, 180778, 300514, 621076, 621072, 381082, 381080, 141172, 100614, 381076, 100616, 020978, 020976, 381078, 020974, 020972, 100610, 100612, 180782, 030314, 260880, 190108, 030316, 670812, 221276, 141180, 221278, 460312, 670816, 180780, 460310, 670814, 221280, 141174, 221282, 141176, 141178, 190106, 190104, 190102, 250614, 351206, 461616, 071672, 351208, 461618, 191408, 461612, 191406, 260872, 461614, 260874, 170508, 260876, 170506, 461610, 071678, 351202, 260878, 071676, 351204, 071674, 170504, 490172, 170502, 540874, 540876, 071680, 540872, 300508, 580908, 150908, 351210, 540878, 150906, 351212, 351214, 191414, 470572, 540880, 191412, 470574, 020980, 191410, 541314, 111314, 541316, 130472, 291112, 541312, 291110, 541318, 061480, 341018, 341016, 070374, 461606, 070372, 461608, 461604, 070378, 070376, 061476, 061478, 061472, 621016, 061474, 621012, 621014, 070380, 180712, 621010, 331672, 551574, 180714, 180716, 180718, 551572, 341580, 540706, 181580, 540708, 540702, 540704, 501102, 501104, 070608, 341574, 341572, 341578, 341576, 260480, 100110, 070612, 070610, 090202, 100108, 070616, 070614, 100102, 250214, 100104, 100106, 260472, 581272, 260474, 260476, 260478, 501116, 501118, 171314, 171312, 630772, 171310, 181574, 581280, 181576, 181578, 421372, 630776, 630774, 171308, 421376, 501106, 421374, 630778, 181572, 501108, 501112, 340218, 101418, 661016, 501114, 340216, 630782, 661012, 501110, 630780, 661014, 340210, 581278, 230606, 230604, 340214, 581274, 340212, 230602, 581276, 101416, 180210, 180212, 460904, 101472, 180214, 460902, 101474, 180216, 630786, 630784, 630788, 630790, 340208, 581208, 460908, 460906, 460910, 101480, 460914, 460912, 330872, 170874, 170872, 581216, 581218, 581212, 101476, 581214, 101478, 460916, 581210, 381618, 050174, 661074, 050172, 661076, 050178, 050176, 661072, 190472, 341516, 020318, 421318, 050180, 421316, 341518, 381612, 100112, 381610, 100114, 381616, 100116, 190474, 381614, 540710, 381608, 540712, 381606, 180206, 070678, 070676, 070674, 540714, 070672, 540716, 180208, 430272, 381604, 100180, 380308, 550908, 380302, 100178, 380306, 550906, 380304, 550904, 291608, 291604, 291606, 220416, 291612, 220418, 291610, 220412, 220414, 300180, 620518, 500674, 500672, 620514, 620516, 620510, 620512, 100172, 100174, 100176, 380310, 620508, 511304, 380314, 380312, 141516, 380318, 511306, 380316, 141518, 330804, 650316, 330806, 650314, 650312, 431504, 330802, 650310, 431506, 431508, 381674, 381672, 381678, 020378, 381676, 020376, 020374, 020372, 500678, 500676, 150404, 500680, 150402, 300174, 490702, 300172, 300178, 300176, 180276, 180278, 461378, 461374, 461376, 461380, 231108, 010114, 010116, 580772, 301472, 301476, 231104, 301474, 231106, 431510, 301478, 431512, 431514, 180280, 221774, 180282, 221772, 420880, 221778, 221776, 420874, 211508, 381680, 420872, 420878, 221780, 420876, 381682, 301482, 301480, 220474, 220476, 291672, 220478, 610216, 610214, 140110, 140112, 220480, 140114, 220482, 420804, 140116, 211510, 420802, 301574, 420808, 420806, 211512, 301578, 301576, 610208, 381582, 610212, 381580, 610210, 461372, 420812, 420810, 220472, 420816, 231110, 301582, 420814, 231112, 301580, 500708, 541216, 500706, 541218, 300218, 541212, 300216, 541214, 500704, 210208, 210202, 210206, 210204, 350402, 350404, 350406, 611516, 611514, 380280, 611512, 141480, 380272, 141472, 141474, 380276, 141476, 380274, 141478, 380278, 210210, 541210, 290302, 071176, 290304, 071174, 071172, 461316, 461312, 461314, 071178, 461310, 010176, 611510, 010178, 660518, 290306, 211572, 621780, 500712, 531002, 500710, 500716, 010172, 500714, 010174, 141414, 470272, 141416, 470274, 141418, 621776, 621778, 621772, 621774, 060418, 580816, 580812, 100912, 580814, 100914, 100916, 100918, 450674, 211574, 450672, 461308, 301516, 461304, 301514, 461306, 461302, 140102, 140104, 140106, 140108, 110304, 050278, 050272, 050276, 110308, 050274, 110306, 100978, 050280, 450612, 450614, 100972, 450610, 100974, 501180, 100976, 540776, 540778, 540772, 030676, 540774, 030678, 030672, 030674, 501178, 450606, 450608, 501174, 450602, 501176, 450604, 100980, 181516, 501172, 540780, 181518, 350472, 460880, 260514, 260516, 460882, 470204, 551410, 470206, 470208, 610284, 610282, 610280, 470202, 610278, 610276, 610274, 551404, 610272, 551408, 551406, 470210, 470212, 260572, 260574, 260576, 260578, 460878, 340280, 460876, 421272, 551472, 421276, 421274, 310402, 310404, 310406, 340276, 340278, 050214, 261880, 050212, 421280, 050216, 331314, 071116, 140180, 050210, 331310, 331312, 140174, 140176, 421278, 140178, 411002, 411008, 050204, 110312, 030616, 331306, 261872, 110310, 411004, 190406, 050208, 331308, 411006, 190404, 050206, 331302, 261876, 670714, 261874, 331304, 670712, 261878, 670716, 411012, 190402, 411014, 411010, 340372, 331412, 331414, 331410, 020218, 140914, 181476, 181478, 331406, 331408, 331402, 331404, 181472, 421474, 181474, 421472, 101318, 230704, 230702, 101316, 180112, 180114, 180116, 341680, 421480, 501002, 421478, 501004, 070508, 421476, 341674, 491306, 341678, 491304, 341676, 491302, 260580, 411206, 411208, 411202, 411204, 070514, 070512, 070510, 070516, 411210, 411212, 390672, 501018, 190372, 421416, 421418, 190374, 540610, 540612, 261014, 030478, 030474, 261016, 030476, 540614, 501006, 540616, 501008, 030472, 340318, 501014, 340316, 501016, 501010, 501012, 340310, 340314, 340312, 540602, 380408, 540608, 540604, 420110, 540606, 420104, 420102, 420108, 010872, 420106, 340308, 581108, 010874, 380402, 010876, 010878, 380406, 380404, 181416, 420114, 170774, 420112, 170772, 581116, 420116, 581118, 181418, 581112, 581114, 581110, 220514, 220516, 220510, 220512, 341616, 341618, 620418, 261072, 220504, 220506, 380418, 220508, 500514, 500512, 500518, 500516, 380412, 380410, 380416, 380414, 290402, 290404, 101372, 101374, 501876, 501878, 381772, 501880, 381776, 381774, 290406, 381778, 101380, 501872, 501874, 101376, 101378, 180178, 300278, 180176, 500572, 231206, 171214, 231208, 171212, 500576, 300280, 500574, 050916, 171210, 231204, 330914, 431610, 221878, 330910, 431612, 431614, 330912, 221872, 180180, 180182, 420980, 221876, 221874, 381780, 151614, 171208, 420976, 221880, 171206, 420974, 211608, 420978, 630608, 330904, 650216, 330906, 650214, 650212, 330902, 650210, 181480, 380480, 211610, 140976, 330908, 140978, 211612, 261076, 261074, 350602, 630616, 350604, 490804, 261078, 350606, 460176, 630610, 500578, 630614, 460178, 630612, 460180, 500580, 380474, 460184, 140980, 380472, 460182, 150302, 300272, 380478, 261080, 231210, 490802, 380476, 231212, 300276, 300274, 541116, 130672, 541118, 370102, 541112, 541114, 461476, 461478, 461472, 580718, 071016, 370104, 461474, 071014, 580714, 461480, 380380, 580716, 150274, 150272, 350502, 350504, 350506, 380372, 380376, 380374, 300372, 541110, 380378, 300376, 300374, 431604, 431606, 431608, 180914, 180916, 301674, 180918, 301678, 301676, 211672, 621680, 551372, 301680, 621676, 301682, 621678, 300314, 621672, 300312, 621674, 300318, 300316, 060318, 221002, 221004, 221006, 260616, 221008, 260618, 100812, 100814, 100816, 221010, 450774, 211674, 450772, 460116, 050974, 071078, 050972, 071076, 461414, 210374, 071074, 050978, 210372, 461416, 071072, 050976, 461410, 461412, 620316, 620318, 620312, 620314, 660418, 391072, 620310, 500618, 391074, 500612, 221012, 300308, 500610, 221014, 500616, 500614, 470372, 141314, 470374, 620308, 420918, 300310, 420916, 551310, 070572, 461408, 301616, 461404, 301614, 461406, 461402, 070578, 070576, 070574, 551304, 170710, 551308, 551306, 221072, 221074, 221076, 501080, 501076, 501078, 501072, 501074, 050116, 180972, 050114, 581172, 180974, 180976, 460980, 421380, 050112, 050110, 470302, 421378, 510804, 470304, 470306, 470308, 180978, 411102, 510802, 411108, 050104, 030516, 180980, 260680, 411104, 050108, 670610, 411106, 050106, 581180, 670614, 221078, 670612, 141380, 670616, 221082, 141372, 141374, 141376, 141378, 250414, 411110, 581178, 190302, 411112, 581174, 221080, 581176, 351008, 110202, 260672, 411114, 260674, 100880, 260676, 170706, 330104, 260678, 351002, 170704, 330106, 351004, 351006, 170708, 330102, 100878, 170702, 450712, 450714, 100872, 450710, 100874, 100876, 540676, 131112, 460976, 540678, 131110, 460974, 540672, 540674, 230808, 340380, 191614, 460978, 351010, 351012, 351014, 460972, 450708, 450704, 450706, 310502, 310504, 450702, 230806, 191612, 340376, 540680, 310506, 230804, 191610, 340374, 230802, 340378]
Failed Stowage values for DG are: [050478, 180178, 050676, 050476, 180378, 180776, 180578, 070480, 050274, 470302, 100418, 630474, 450212, 061480, 380982, 070374, 030878, 030676, 030478, 030876, 030678, 030276, 180180, 630476, 630278, 030476, 030278, 180182, 180380, 010172, 180382, 180580, 051278, 010174, 070376, 051276, 450606, 450608, 381580, 061478, 301582, 141616, 141618, 050776, 071076, 180278, 050576, 210572, 180676, 180478, 210372, 180876, 050976, 470608, 050174, 050172, 050374, 071278, 010274, 010472, 010672, 010474, 010674, 010872, 230374, 470606, 010874, 450512, 100314, 180280, 230174, 070478, 180480, 230172, 460214, 370710, 030176, 051176, 010272, 610476, 610278, 100406, 210574, 450302, 141516, 470210, 100204, 301682, 470212]
Failed Stowage values for ISO are: [180376, 180378, 650116, 470508, 300914, 070608, 100210, 100212, 100214, 051076, 030278, 180380, 180382, 030274, 470512, 650110, 581016, 170672, 581012, 630408, 010672, 630772, 010674, 470606, 150972, 380716, 540910, 460816, 051174, 540916, 630410, 630414, 051176, 470610, 130906, 460818, 100204, 100206, 180210, 180576, 380506, 180578, 180214, 470706, 210908, 630788, 020418, 210906, 551512, 210904, 030478, 030112, 030474, 070778, 051272, 030476, 030472, 070772, 051276, 470712, 210912, 581218, 551506, 210910, 551508, 381618, 380408, 180676, 470806, 050174, 470808, 050172, 050178, 050176, 190472, 231506, 050180, 551612, 010872, 301072, 010874, 380406, 381614, 131072, 051016, 030214, 030216, 630214, 070676, 630212, 070674, 070672, 180682, 170774, 170772, 470810, 581116, 301080, 581118, 380874, 310906, 231610, 380876, 650512, 650510, 610612, 231408, 380780, 301178, 381514, 610608, 380772, 301180, 380412, 151410, 380410, 380416, 231510, 170274, 141618, 380414, 231512, 661518, 461178, 531372, 010276, 231308, 050816, 381414, 380204, 301272, 381418, 380206, 231304, 670110, 630814, 630812, 630810, 581678, 380676, 380674, 301282, 151310, 231410, 141516, 291506, 380678, 291508, 661418, 301006, 180178, 650312, 650310, 130910, 610810, 031276, 180176, 010214, 381314, 660118, 231204, 450372, 221878, 610808, 221872, 070816, 381304, 170474, 661318, 380216, 630608, 180276, 180278, 460284, 060818, 461374, 010472, 231108, 301472, 231104, 231106, 220682, 630614, 030176, 221414, 090306, 211508, 581518, 460184, 070716, 090308, 070714, 301480, 380118, 541116, 541114, 461112, 531310, 071016, 531306, 531304, 381116, 381114, 531308, 070176, 070174, 070172, 670412, 291202, 670410, 610208, 460278, 381582, 610212, 211408, 610210, 450206, 460282, 450208, 450202, 450204, 541110, 141218, 071276, 541216, 650810, 050776, 071272, 541212, 050414, 381380, 461212, 311102, 311108, 211410, 450110, 450112, 291106, 291102, 670514, 381482, 211308, 381480, 380276, 460382, 380274, 531410, 221582, 210574, 541210, 071176, 650710, 221004, 311210, 610412, 580918, 311202, 620218, 301772, 670210, 301774, 301778, 610408, 010172, 010174, 610410, 610774, 450406, 301780, 470272, 450402, 141416, 211206, 211204, 650610, 210374, 541014, 050976, 381180, 011172, 311302, 151108, 381176, 301872, 670310, 391072, 391074, 291306, 301874, 291302, 301878, 221378, 460580, 470372, 211104, 541010, 450302, 541012, 211108, 291308, 301880, 211106, 050278, 461514, 461516, 461510, 461512, 110308, 541518, 110306, 020618, 221172, 551310, 630474, 450612, 381078, 450614, 180416, 450610, 470102, 070572, 180782, 301616, 030676, 301614, 221276, 630476, 070576, 070574, 670814, 450606, 450608, 551308, 551306, 050378, 300972, 070106, 050376, 050374, 541618, 460882, 071674, 470204, 551410, 470206, 221076, 450510, 450872, 311508, 450512, 190674, 300980, 190672, 070472, 461508, 150908, 070476, 610278, 450506, 450508, 061018, 551408, 180408, 551406, 470210, 470212, 061376, 380904, 050476, 541316, 070480, 291110, 541318, 050472, 470302, 470306, 061480, 230912, 531508, 230910, 070374, 051676, 050108, 670610, 230908, 581180, 030876, 230906, 670614, 630278, 450808, 051674, 061478, 141012, 531512, 450802, 531510, 230904, 230902, 061472, 061474, 101878, 541416, 050576, 070380, 050574, 541418, 450712, 470406, 450710, 531608, 531606, 070274, 460618, 670714, 070278, 610476, 610474, 450706, 180608]
Failed Stowage values for FlashPoint are: [050714, 470508, 470502, 630474, 630472, 100210, 100212, 050716, 190574, 190572, 450172, 070572, 070976, 030276, 630476, 070974, 030278, 030272, 070972, 030274, 470512, 050774, 210572, 050372, 050772, 050374, 190274, 010274, 190272, 230572, 450510, 190674, 450472, 190672, 100316, 450474, 051174, 230174, 070514, 051172, 230172, 070512, 051176, 010272, 610278, 450506, 170574, 450508, 610274, 450502, 610272, 450504, 070516, 210574, 170572, 100204, 071176, 050512, 071174, 071172, 050514, 470706, 390710, 630272, 100418, 470702, 470704, 190772, 070374, 070372, 030478, 030474, 630278, 030114, 070776, 030476, 010172, 010174, 030472, 070376, 070772, 470710, 050974, 050212, 050972, 210372, 050612, 050976, 050210, 050572, 190472, 030172, 010114, 450712, 010116, 230374, 190874, 190872, 450274, 190474, 450672, 030174, 370710, 030176, 610476, 170774, 100406, 450704, 450706, 610472, 070716, 070714]
Failed Stowage values for OOG are: [301616, 381116]
Failed Stowage values for mul Haz are: [180276, 050476, 180776, 050416, 180478, 050216, 050414, 470608, 050272, 050372, 470808, 050474, 050274, 020618, 450814, 470602, 470208, 470604, 020118, 100214, 100314, 100216, 450210, 070472, 070174, 180382, 070772, 450606, 070716]
Failed Stowage values for Booking No are: [650116, 650114, 650112, 470508, 470502, 290908, 290904, 290906, 290902, 290910, 101680, 460716, 470512, 170674, 581018, 650110, 581014, 460718, 581016, 170672, 101678, 470510, 581012, 180476, 180478, 190274, 190272, 020118, 100314, 100316, 540910, 540916, 180480, 180482, 540912, 540914, 380506, 100380, 631876, 070404, 631874, 370704, 631878, 380980, 370706, 370708, 631880, 100376, 380982, 651010, 100378, 380504, 380502, 051272, 051278, 051276, 051280, 380974, 380972, 380978, 380976, 551612, 131072, 581480, 100372, 100374, 370710, 581476, 380512, 551606, 581478, 380510, 581472, 380516, 581474, 380514, 551608, 650514, 650512, 650510, 650516, 381872, 381876, 381874, 381878, 660318, 581880, 101280, 581418, 581414, 581416, 170272, 101278, 581412, 170274, 461178, 461176, 461180, 231306, 231308, 050816, 381414, 301274, 381412, 301272, 381418, 301278, 381416, 301276, 231304, 670112, 670110, 670116, 670114, 301280, 381880, 381402, 301282, 381406, 381404, 031278, 031276, 380580, 031280, 220680, 380108, 380106, 221514, 070816, 461174, 380574, 461172, 070812, 380572, 380578, 231310, 380576, 231312, 460284, 620716, 620718, 620712, 620714, 620710, 220682, 661214, 661216, 151514, 581876, 581878, 380110, 661212, 581872, 581874, 380114, 380118, 180810, 461112, 461116, 461114, 141680, 180812, 180814, 660718, 460276, 460278, 141210, 141212, 460282, 460280, 141216, 141218, 050416, 050414, 621572, 461576, 461578, 381380, 311110, 461572, 311112, 461574, 311102, 381372, 461580, 311106, 381376, 311108, 381374, 381378, 450472, 450474, 301314, 461106, 670512, 670510, 670516, 670514, 221576, 461582, 221578, 461104, 461102, 211308, 221580, 221582, 180806, 211306, 180808, 610416, 610414, 011274, 610412, 620218, 211312, 211310, 301772, 301776, 301774, 301778, 610408, 221114, 610410, 381382, 450404, 450406, 301780, 450402, 541018, 541014, 541016, 460682, 460680, 011280, 460214, 011278, 011276, 541010, 661618, 541012, 661614, 661616, 541876, 180410, 541878, 180412, 461514, 541872, 180414, 461516, 541874, 461510, 461512, 020618, 221172, 630474, 221174, 630472, 221176, 180416, 541880, 460678, 630478, 630476, 460676, 630480, 470472, 470474, 621174, 180876, 621172, 311506, 450872, 180878, 311508, 450874, 190674, 190672, 070472, 461506, 180882, 461508, 461504, 030414, 221178, 070478, 050480, 070476, 070474, 180880, 311510, 221180, 311512, 221182, 180408, 050478, 380904, 050476, 380902, 380908, 070480, 100780, 380906, 050474, 390710, 050472, 450814, 450810, 450812, 230912, 230910, 100778, 030878, 030874, 230908, 030876, 230906, 030872, 450808, 450804, 450806, 450802, 230904, 230902, 581072, 541416, 581074, 541418, 470402, 531604, 470404, 470406, 610482, 610480, 531608, 531606, 581082, 380914, 460618, 541882, 460616, 581080, 141280, 390702, 390704, 610476, 061576, 390706, 610474, 531612, 061578, 610472, 390708, 531610, 380912, 061572, 581076, 061574, 581078, 180376, 180378, 300914, 100210, 100212, 100214, 100216, 581380, 030276, 030278, 180380, 030272, 180382, 030274, 661116, 661112, 661114, 581376, 581378, 581372, 581374, 380606, 630408, 100680, 470608, 470602, 010672, 470604, 010674, 150974, 470606, 010676, 150972, 010678, 380604, 380602, 460816, 051174, 630412, 051172, 630410, 630416, 051178, 630414, 051176, 100208, 470610, 130908, 170574, 470612, 130906, 470614, 460818, 170572, 100204, 100206, 210908, 661172, 551510, 150912, 210902, 020418, 150910, 210906, 551512, 210904, 380616, 100272, 100274, 070778, 070776, 070772, 210912, 380610, 551506, 380614, 210910, 380612, 551508, 070304, 070306, 101580, 030214, 030216, 030212, 101578, 381518, 050714, 060518, 231404, 231406, 231408, 381512, 050716, 381516, 381514, 450172, 661514, 581776, 581778, 581772, 151410, 581774, 141616, 381506, 661516, 141618, 381504, 661518, 100280, 650414, 650412, 130972, 650410, 130974, 031176, 031174, 650416, 010274, 380680, 010276, 010278, 230572, 100276, 380204, 100278, 380202, 660218, 581780, 380208, 380206, 630816, 221614, 291504, 630814, 630812, 010272, 630810, 581318, 581314, 581316, 380676, 380674, 231410, 581312, 291506, 380678, 291508, 610816, 610814, 130910, 461276, 610812, 461274, 610810, 130912, 461278, 461280, 620618, 010214, 301372, 301376, 301374, 301378, 610808, 031172, 380210, 301380, 380214, 380218, 380216, 231472, 381574, 381572, 381578, 381576, 070712, 101180, 090306, 090304, 461272, 070716, 090308, 070714, 101178, 621474, 621476, 621472, 381472, 381476, 381474, 381478, 670412, 670410, 670416, 670414, 221676, 141580, 221678, 211408, 011176, 211406, 221680, 231474, 050308, 071276, 650810, 050776, 050774, 461216, 210572, 071272, 470172, 050778, 650816, 050772, 461214, 650814, 461212, 650812, 071278, 381010, 580978, 381014, 580974, 381012, 580976, 381018, 620118, 660618, 381016, 211410, 580972, 450110, 620114, 450112, 620116, 620110, 291106, 291108, 291102, 071280, 131312, 291104, 230174, 230172, 610788, 460378, 221214, 610786, 460376, 381482, 381480, 460382, 450106, 381002, 460380, 450108, 470174, 580980, 450102, 381006, 210574, 580982, 450104, 381004, 381008, 291512, 301402, 301406, 461678, 291510, 301404, 461674, 301408, 461676, 610778, 580916, 311210, 461672, 610776, 580918, 610784, 311202, 580912, 610782, 461680, 580914, 610780, 311208, 301410, 301414, 380180, 461204, 461682, 461202, 311212, 380174, 610774, 380178, 380176, 011174, 311672, 011172, 301872, 301876, 301874, 211474, 211472, 301878, 301880, 180776, 621074, 180778, 621076, 460782, 460780, 621072, 381082, 381080, 470104, 470106, 470108, 381078, 190574, 190572, 470102, 180782, 030314, 030316, 670812, 221276, 050380, 141180, 221278, 670816, 180780, 670814, 221280, 221282, 470110, 461616, 300974, 461618, 050378, 300972, 461612, 300978, 461614, 210174, 300976, 050372, 461610, 050376, 050374, 071674, 450510, 450512, 300980, 460778, 071680, 460776, 150908, 150906, 450506, 450508, 061018, 450502, 450504, 541316, 291112, 051680, 291110, 071216, 541318, 531504, 061480, 531508, 531506, 070374, 461606, 051678, 070372, 051676, 461604, 070378, 051674, 070376, 061476, 061478, 531512, 531510, 061472, 061474, 541776, 541778, 070380, 541772, 541774, 180714, 541780, 541782, 621478, 100580, 070608, 651210, 051076, 070610, 051078, 581272, 630772, 380718, 581280, 380716, 630776, 630774, 630778, 661016, 630782, 630780, 581278, 581274, 380714, 581276, 180210, 180212, 180214, 460902, 180216, 630786, 470706, 170406, 630784, 470708, 630788, 630790, 170404, 470702, 470704, 460906, 581680, 460910, 101480, 460914, 460912, 030112, 030114, 170874, 470710, 170872, 470712, 470714, 581216, 581218, 581212, 581214, 101478, 460916, 581210, 381618, 180676, 180678, 050174, 050172, 050178, 050176, 661072, 190472, 020318, 231506, 050180, 301072, 231508, 381612, 301076, 301074, 381616, 190474, 381614, 301078, 051016, 381606, 180206, 070678, 070676, 070674, 180680, 070672, 180682, 301082, 301080, 180208, 381604, 100180, 380308, 380780, 380302, 100178, 380306, 380304, 380772, 380776, 380774, 231510, 231512, 380778, 531372, 620518, 620514, 620516, 620510, 620512, 100172, 610708, 100174, 100176, 390102, 220880, 661412, 661414, 581678, 380310, 620508, 151312, 581674, 380314, 151310, 581676, 141516, 380318, 661416, 581672, 380316, 141518, 661418, 301006, 650316, 301004, 650314, 650312, 301008, 650310, 101078, 381674, 381672, 381678, 381676, 301014, 660118, 101080, 581616, 581618, 581612, 581614, 581610, 170474, 170472, 180276, 180278, 461378, 060818, 461374, 461376, 461380, 231108, 030172, 010114, 381212, 010116, 381216, 301472, 381214, 450274, 301476, 231104, 381218, 301474, 231106, 301478, 030178, 180280, 221774, 180282, 221772, 030174, 221778, 030176, 221776, 211508, 381680, 221780, 381682, 301482, 381204, 301480, 381202, 381208, 381206, 050676, 050674, 050678, 610216, 610214, 220482, 450212, 381116, 211510, 381114, 301574, 450210, 211512, 301578, 291204, 301576, 291206, 291202, 610208, 221314, 381582, 610212, 381580, 610210, 461372, 450206, 450208, 450202, 231110, 301582, 450204, 301580, 291208, 541216, 541218, 291212, 541212, 541214, 291210, 460482, 531406, 660972, 531404, 660974, 531408, 380280, 141480, 380276, 380274, 531410, 380278, 541210, 071176, 650712, 071174, 650710, 071172, 461316, 461312, 461314, 650716, 650714, 071178, 010176, 010178, 151208, 141880, 660518, 010172, 460478, 010174, 460476, 460480, 141414, 470272, 141416, 470274, 621772, 461778, 050612, 461774, 461776, 381182, 381180, 311310, 461772, 381174, 311302, 381172, 381178, 311306, 381176, 311308, 450674, 450672, 670310, 461304, 670314, 211110, 301514, 461306, 670312, 221376, 461302, 670316, 221378, 461780, 461782, 311312, 221380, 221382, 211104, 211108, 211106, 110304, 050278, 050272, 050276, 110308, 050274, 110306, 100978, 050280, 450612, 450614, 450610, 211112, 030676, 030678, 030672, 030674, 450606, 450608, 450602, 450604, 100980, 460408, 460880, 541616, 141074, 541618, 460882, 470204, 551410, 470206, 470208, 610282, 610280, 470202, 460414, 141080, 460412, 460410, 610278, 141076, 061378, 610276, 610274, 551404, 610272, 551408, 551406, 061372, 470210, 061374, 470212, 061376, 541678, 180610, 180612, 541676, 630272, 630276, 630274, 541680, 180614, 660914, 541682, 660916, 460878, 460876, 101880, 630278, 141010, 141012, 630282, 141014, 141016, 141018, 101872, 101874, 101876, 470672, 630280, 101878, 470674, 050212, 050216, 621374, 071116, 050210, 190874, 190872, 070274, 070272, 030616, 190406, 190404, 670714, 670712, 070278, 070276, 670716, 180604, 190402, 180606, 180608, 220914, 020218, 620818, 140914, 380816, 380814, 100472, 070976, 070974, 070972, 470874, 070978, 380812, 380810, 470872, 070508, 651110, 101780, 070514, 070512, 070510, 070516, 101772, 101774, 101776, 101778, 180576, 180578, 231606, 310910, 231608, 581580, 030478, 030474, 030476, 180580, 030472, 180582, 581578, 581574, 581576, 581572, 220976, 380408, 100480, 220978, 470806, 470808, 630208, 630210, 010872, 470804, 010874, 100474, 380402, 010876, 100476, 010878, 100478, 380406, 380404, 630214, 630212, 630216, 170774, 170772, 470810, 470812, 581116, 470814, 581118, 380874, 310902, 581112, 380872, 310904, 581114, 380878, 310906, 231610, 380876, 310908, 231612, 610616, 461078, 610614, 461076, 610612, 610610, 461080, 301174, 301172, 620418, 301178, 301176, 610608, 220980, 220982, 301180, 380412, 380410, 380416, 380414, 381772, 381776, 381774, 381778, 101380, 461074, 070914, 461072, 141876, 101378, 141878, 180178, 180176, 231206, 231208, 381314, 381312, 450374, 231204, 450372, 221878, 221872, 180180, 180182, 221876, 221874, 381780, 661314, 661316, 151614, 221880, 661312, 211608, 381304, 231672, 381302, 381308, 661318, 381306, 630608, 650216, 650214, 650212, 650210, 461016, 461014, 010472, 010474, 380480, 010476, 230374, 010478, 211610, 211612, 301114, 630616, 460176, 630610, 630614, 460178, 630612, 221414, 460180, 581516, 581518, 460184, 140980, 581512, 460182, 581514, 380478, 231210, 380476, 231212, 581510, 541116, 541118, 370102, 291310, 541112, 291312, 541114, 461476, 531310, 461478, 461472, 071016, 461474, 071014, 531306, 461480, 380380, 531304, 531308, 070176, 070174, 301214, 070172, 461002, 461006, 461004, 380376, 541110, 380378, 541578, 070180, 541576, 190710, 541582, 541580, 301678, 301676, 211672, 611878, 551372, 611880, 301680, 621676, 301682, 621678, 621672, 050512, 621674, 050516, 050514, 460582, 221004, 221006, 381280, 221008, 381274, 611874, 381272, 381278, 381276, 221010, 211674, 190708, 670210, 190706, 190704, 211210, 670214, 670212, 670216, 221476, 221478, 221480, 211208, 141776, 141778, 211206, 211204, 050974, 650612, 071078, 050972, 071076, 650610, 461414, 210374, 050978, 210372, 461416, 071072, 050976, 220176, 461412, 650616, 650614, 141780, 151108, 620316, 620318, 211212, 620314, 660418, 391072, 291304, 620310, 391074, 291306, 460578, 291302, 221012, 460576, 450308, 381282, 460580, 450304, 450306, 470372, 151112, 620308, 450302, 151110, 291308, 461876, 461878, 461872, 461874, 541516, 541518, 551310, 070572, 301616, 461404, 301614, 461406, 461402, 070578, 070576, 461880, 070574, 461882, 551304, 170710, 551308, 551306, 070106, 070104, 221076, 070110, 070112, 621276, 581172, 621278, 371074, 621274, 100416, 470302, 100418, 470304, 470306, 470308, 190774, 100412, 190772, 100414, 030516, 050108, 670610, 050106, 581180, 670614, 670612, 141380, 670616, 221082, 581178, 581174, 221080, 581176, 380806, 050578, 380804, 050576, 100880, 170706, 170704, 050574, 170708, 050572, 450712, 450714, 450710, 660818, 380802, 131112, 131110, 100406, 450704, 450706, 470772]
Failed Stowage values for OLF (m) are: [301616, 381116]
Failed Stowage values for OOH (m) are: [301616, 381116]
Failed Stowage values for OWS (m) are: [301616, 381116]
Failed Stowage values for Variant are: [180376, 180378, 470508, 630474, 100210, 100212, 100214, 190574, 100216, 070572, 030676, 630476, 030278, 180380, 030272, 070972, 470512, 381580, 450604, 170272, 301582, 170274, 210572, 470608, 050372, 050772, 190274, 470602, 190272, 470604, 470606, 050816, 190674, 450472, 190672, 100316, 450474, 230174, 070514, 051172, 230172, 051176, 610278, 170574, 450508, 610274, 450502, 610272, 450504, 070516, 210574, 301682, 050512, 071174, 071172, 050516, 470708, 180176, 630272, 470702, 450810, 470704, 380982, 070374, 030878, 070372, 030876, 030474, 630278, 030114, 450808, 030472, 070376, 450804, 470710, 070816, 450806, 170474, 170472, 210372, 050216, 050976, 470806, 470808, 190472, 010472, 010474, 450712, 010116, 230374, 470804, 450710, 190474, 450672, 030176, 610476, 470810, 450706, 470812]
Failed Stowage values for DG class are: [180376, 050676, 180378, 180776, 050274, 630474, 100210, 450212, 100212, 050716, 100214, 190574, 100216, 190572, 070572, 030676, 030678, 070976, 030276, 630476, 030278, 180380, 030272, 180382, 030274, 450606, 450608, 381580, 450604, 170272, 301582, 141616, 170274, 141618, 050776, 210572, 180478, 180876, 470608, 050372, 050772, 050374, 071278, 190274, 010274, 190272, 010672, 010674, 470606, 450512, 190674, 100314, 190672, 100316, 230174, 070514, 051172, 070478, 180480, 230172, 070512, 051176, 010272, 610278, 170574, 210574, 170572, 141516, 470210, 100204, 301682, 470212, 050478, 180178, 050512, 071174, 050476, 071172, 180578, 070480, 050516, 470706, 180176, 470302, 100418, 470702, 061480, 380982, 070374, 030878, 030478, 030876, 030474, 180180, 630278, 070776, 030476, 180182, 010172, 180580, 051278, 010174, 030472, 070376, 070772, 051276, 061478, 170474, 170472, 050212, 071076, 180278, 050576, 180676, 210372, 050216, 050976, 050174, 050172, 050210, 050572, 190472, 010472, 030172, 010474, 010872, 230374, 010874, 190474, 180280, 030174, 460214, 370710, 030176, 610476, 100406, 450704, 070716, 470814, 450302]
Failed Stowage values for OWP (m) are: [301616, 381116]
Failed Stowage values for DGLQ are: [050478, 180178, 050676, 050476, 180378, 180776, 180578, 070480, 050274, 470302, 100418, 630474, 450212, 061480, 380982, 100214, 100216, 070374, 030878, 030676, 030478, 030876, 030678, 030276, 180180, 630476, 630278, 030476, 030278, 180182, 180380, 010172, 180382, 180580, 051278, 010174, 070376, 051276, 450606, 450608, 381580, 061478, 301582, 141616, 141618, 050776, 071076, 180278, 050576, 210572, 180676, 180478, 210372, 050216, 180876, 050976, 470608, 050174, 050372, 050172, 050374, 071278, 010274, 010472, 010672, 010474, 010674, 010872, 230374, 470606, 010874, 450512, 100314, 100316, 180280, 230174, 070478, 180480, 230172, 460214, 370710, 030176, 051176, 010272, 610476, 610278, 100406, 210574, 450302, 141516, 470210, 100204, 301682, 470212]
Failed Stowage values for OLA (m) are: [301616, 381116]
Failed Stowage values for UNNO are: [180376, 050676, 180378, 470508, 470502, 100210, 450212, 100212, 100214, 100216, 070176, 070976, 030276, 030278, 180380, 030272, 070972, 180382, 030274, 470512, 381580, 301582, 050776, 180476, 210572, 071272, 180478, 470608, 050772, 071278, 190274, 470602, 190272, 010672, 470604, 010674, 470606, 450472, 100314, 100316, 450474, 230174, 070514, 051172, 180480, 230172, 070512, 051176, 170574, 070516, 210574, 170572, 100204, 301682, 050512, 071174, 071172, 180578, 050516, 470706, 020418, 470702, 470704, 380982, 030474, 030114, 070776, 051272, 180580, 051278, 030472, 070772, 051276, 470710, 470712, 071076, 180676, 210372, 050976, 470806, 050174, 470808, 050172, 190472, 020318, 010872, 470804, 010874, 190474, 450672, 030214, 030216, 070676, 460214, 370710, 170774, 470810, 470812, 470814, 450302, 180776, 050274, 630474, 470108, 630472, 050716, 190574, 190572, 450172, 070572, 030676, 030678, 630476, 450606, 450608, 450602, 450604, 170272, 141616, 170274, 141618, 180876, 050372, 050374, 050816, 450510, 450512, 190674, 190672, 070478, 610278, 450506, 450508, 610274, 450502, 610272, 450504, 141516, 470210, 470212, 050478, 180178, 050476, 070480, 390710, 180176, 630272, 450814, 470302, 100418, 010214, 450812, 061480, 190772, 070374, 030878, 070372, 030876, 180180, 630278, 180182, 450808, 070376, 450804, 070816, 450806, 061478, 170474, 170472, 180276, 050212, 180278, 050576, 050216, 050210, 050572, 010472, 030172, 010474, 010114, 450712, 010116, 230374, 450710, 190872, 450274, 070274, 180280, 030174, 030176, 610476, 100406, 450704, 450706, 610472, 070716]
Failed Stowage values for Weight(t) are: [650116, 100580, 650112, 470508, 470502, 070608, 290904, 651210, 290906, 290902, 290910, 101680, 460716, 051076, 070610, 051078, 470512, 170674, 581018, 650110, 581014, 460718, 581016, 170672, 101678, 470510, 581012, 581272, 180476, 180478, 190274, 190272, 630772, 020118, 100314, 100316, 380718, 581280, 380716, 540910, 630776, 540916, 630774, 180480, 180482, 540912, 630778, 540914, 661016, 630782, 630780, 581278, 581274, 380714, 581276, 180210, 380506, 100380, 180212, 180214, 460902, 180216, 631876, 630786, 070404, 470706, 631874, 170406, 370704, 630784, 470708, 631878, 630788, 630790, 380980, 170404, 370706, 470702, 370708, 470704, 631880, 100376, 380982, 460906, 651010, 100378, 380504, 581680, 380502, 460910, 101480, 460914, 460912, 030112, 030114, 051272, 051278, 051276, 170874, 470710, 170872, 470712, 470714, 581216, 051280, 581218, 581212, 380974, 581214, 101478, 380972, 460916, 380978, 581210, 380976, 381618, 180676, 180678, 050174, 050172, 050178, 050176, 661072, 190472, 020318, 231506, 050180, 551612, 301072, 231508, 381612, 301076, 301074, 381616, 190474, 381614, 301078, 131072, 051016, 381606, 581480, 100372, 180206, 100374, 070678, 070676, 070674, 180680, 370710, 070672, 180682, 301082, 301080, 180208, 581476, 380512, 551606, 581478, 581472, 380516, 381604, 581474, 380514, 551608, 100180, 380308, 650512, 650510, 650516, 381872, 380780, 380302, 381876, 100178, 381874, 380306, 380304, 381878, 660318, 581880, 101280, 581418, 581414, 380772, 581416, 170272, 380776, 101278, 581412, 380774, 231510, 170274, 231512, 380778, 461178, 461176, 531372, 461180, 231306, 231308, 620518, 050816, 381414, 620514, 301274, 381412, 620516, 301272, 381418, 620510, 301278, 381416, 620512, 301276, 231304, 670112, 670110, 100172, 670116, 100174, 100176, 390102, 220880, 661412, 661414, 301280, 581678, 380310, 381880, 581674, 380314, 381402, 301282, 151310, 581676, 141516, 380318, 381406, 661416, 581672, 380316, 381404, 141518, 661418, 301006, 650316, 301004, 650312, 301008, 650310, 101078, 031278, 031276, 380580, 031280, 381674, 381672, 220680, 381678, 381676, 380108, 301014, 660118, 380106, 101080, 221514, 581616, 070816, 581618, 461174, 581612, 380574, 461172, 581614, 380572, 380578, 231310, 380576, 170474, 170472, 180276, 180278, 461378, 460284, 060818, 461374, 461376, 461380, 231108, 030172, 010114, 381212, 620716, 010116, 620718, 381216, 620712, 301472, 381214, 450274, 301476, 231104, 381218, 620710, 301474, 231106, 301478, 030178, 180280, 220682, 221774, 180282, 221772, 030174, 221778, 030176, 221776, 211508, 381680, 661214, 661216, 151514, 221780, 581876, 581878, 380110, 381682, 661212, 301482, 581872, 381204, 301480, 581874, 380114, 381202, 381208, 380118, 381206, 050676, 050674, 050678, 180810, 461112, 461116, 610216, 461114, 141680, 220482, 450212, 180812, 381116, 211510, 180814, 381114, 660718, 301574, 450210, 301578, 291204, 301576, 291206, 291202, 460276, 610208, 221314, 460278, 381582, 610212, 381580, 610210, 141210, 461372, 450206, 141212, 460282, 450208, 460280, 450202, 141216, 231110, 301582, 450204, 141218, 301580, 541216, 541218, 050416, 291212, 541212, 050414, 621572, 541214, 461576, 291210, 461578, 460482, 381380, 311110, 461572, 311112, 461574, 311102, 381372, 531406, 660972, 461580, 531404, 660974, 381376, 311108, 381374, 381378, 450472, 450474, 531408, 461106, 670510, 670516, 670514, 221576, 461582, 221578, 380280, 461102, 141480, 211308, 380276, 221580, 380274, 531410, 221582, 380278, 541210, 180806, 211306, 180808, 071176, 650712, 071174, 650710, 071172, 461316, 610416, 461314, 650716, 011274, 610412, 071178, 010176, 010178, 151208, 141880, 620218, 660518, 211310, 301772, 301776, 301774, 301778, 610408, 221114, 010172, 460478, 010174, 460476, 610410, 381382, 450404, 460480, 450406, 141414, 301780, 470272, 450402, 141416, 470274, 621772, 541018, 461778, 541014, 050612, 541016, 461774, 460682, 461776, 460680, 381182, 381180, 311310, 461772, 381174, 311302, 381172, 381178, 381176, 311308, 450674, 450672, 670310, 461304, 211110, 461306, 670312, 011280, 221376, 461302, 670316, 221378, 460214, 461780, 461782, 311312, 011278, 011276, 221380, 221382, 211104, 541010, 661618, 541012, 211108, 661614, 211106, 661616, 110304, 541876, 050278, 180410, 541878, 180412, 461514, 541872, 180414, 461516, 541874, 050272, 461510, 461512, 050276, 110308, 050274, 110306, 020618, 100978, 221172, 630474, 221174, 050280, 450612, 630472, 221176, 450614, 180416, 541880, 450610, 460678, 030676, 030678, 630478, 030672, 630476, 030674, 460676, 450606, 450608, 630480, 450602, 450604, 100980, 470472, 470474, 621174, 460408, 180876, 460880, 621172, 541616, 141074, 541618, 460882, 470204, 551410, 470206, 470208, 450872, 610282, 180878, 311508, 450874, 610280, 190674, 190672, 470202, 070472, 461506, 180882, 461508, 460414, 461504, 221178, 070478, 050480, 141080, 070476, 460412, 070474, 180880, 460410, 610278, 141076, 311510, 221180, 061378, 610276, 311512, 221182, 610274, 551404, 610272, 551408, 180408, 551406, 061372, 470210, 061374, 470212, 061376, 050478, 380904, 541678, 050476, 380902, 380908, 180610, 070480, 100780, 380906, 180612, 541676, 050474, 390710, 050472, 630272, 450814, 630276, 450810, 630274, 450812, 541680, 180614, 541682, 660916, 230912, 230910, 100778, 460878, 030878, 460876, 030874, 230908, 101880, 030876, 230906, 630278, 030872, 450808, 450804, 141010, 450806, 141012, 630282, 141014, 450802, 141016, 141018, 101872, 230904, 101874, 230902, 101876, 470672, 630280, 101878, 470674, 581072, 050212, 541416, 581074, 050216, 621374, 071116, 050210, 541418, 470402, 531604, 470404, 470406, 610482, 610480, 190874, 190872, 531608, 531606, 070274, 581082, 070272, 380914, 030616, 460618, 541882, 190406, 460616, 581080, 190404, 670714, 070278, 141280, 390702, 070276, 670716, 390704, 610476, 061576, 390706, 610474, 531612, 061578, 610472, 390708, 531610, 180604, 190402, 180606, 180608, 380912, 061572, 581076, 061574, 581078, 180376, 180378, 220914, 300914, 020218, 620818, 100210, 100212, 100214, 100216, 380816, 581380, 380814, 100472, 070976, 030276, 070974, 030278, 180380, 030272, 070972, 180382, 030274, 661116, 470874, 661112, 661114, 070978, 581376, 581378, 380812, 581372, 380810, 581374, 380606, 630408, 100680, 470608, 470602, 070508, 010672, 470604, 010674, 150974, 470606, 010676, 150972, 010678, 651110, 380604, 380602, 460816, 101780, 051174, 630412, 070514, 051172, 630410, 070512, 630416, 051178, 070510, 630414, 051176, 100208, 470610, 130908, 170574, 470612, 130906, 070516, 101772, 101774, 460818, 101776, 170572, 100204, 101778, 100206, 180576, 180578, 210908, 661172, 551510, 210902, 020418, 150910, 231606, 210906, 310910, 231608, 551512, 210904, 380616, 581580, 100272, 030478, 100274, 030474, 070778, 070776, 030476, 180580, 030472, 070772, 180582, 210912, 581578, 380610, 551506, 581574, 581576, 380614, 210910, 380612, 551508, 581572, 220976, 380408, 100480, 220978, 070304, 470806, 470808, 630208, 630210, 010872, 070306, 470804, 010874, 100474, 380402, 010876, 100476, 010878, 100478, 380406, 380404, 101580, 030214, 030216, 630214, 630212, 030212, 630216, 170774, 170772, 470810, 470812, 581116, 470814, 581118, 380874, 310902, 581112, 380872, 310904, 581114, 380878, 101578, 310906, 231610, 380876, 310908, 231612, 381518, 050714, 610616, 461078, 060518, 461076, 610612, 610610, 231404, 461080, 231406, 231408, 301174, 381512, 301172, 050716, 620418, 301178, 381516, 301176, 381514, 450172, 610608, 220980, 220982, 661514, 581776, 301180, 581778, 380412, 581772, 151410, 380410, 581774, 141616, 380416, 661516, 141618, 380414, 381504, 661518, 100280, 650412, 130972, 650410, 130974, 031176, 031174, 650416, 010274, 380680, 010276, 381772, 010278, 230572, 100276, 380204, 381776, 100278, 380202, 381774, 660218, 581780, 380206, 381778, 101380, 630816, 221614, 291504, 630814, 630812, 010272, 630810, 581318, 461074, 581314, 070914, 461072, 581316, 380676, 141876, 380674, 101378, 141878, 231410, 581312, 291506, 380678, 291508, 180178, 610816, 130910, 461276, 610812, 461274, 610810, 180176, 461278, 461280, 231206, 231208, 620618, 010214, 301372, 381314, 381312, 301376, 450374, 301374, 231204, 301378, 450372, 221878, 610808, 221872, 180180, 180182, 221876, 221874, 381780, 031172, 661314, 661316, 151614, 380210, 301380, 221880, 661312, 211608, 380214, 381304, 231672, 381302, 380218, 381308, 661318, 380216, 381306, 630608, 650216, 650212, 650210, 231472, 461016, 461014, 010472, 010474, 380480, 381574, 010476, 230374, 381572, 010478, 211610, 381578, 381576, 301114, 630616, 460176, 630610, 630614, 101180, 460178, 630612, 221414, 090306, 460180, 581516, 090304, 581518, 460184, 140980, 461272, 581512, 070716, 090308, 460182, 581514, 070714, 380478, 101178, 231210, 380476, 541116, 621474, 541118, 370102, 621476, 291310, 541112, 291312, 541114, 621472, 461476, 531310, 461478, 461472, 071016, 461474, 071014, 381472, 531306, 461480, 380380, 531304, 381476, 381474, 381478, 531308, 070176, 070174, 301214, 070172, 670412, 670410, 461002, 670416, 461006, 221676, 461004, 221678, 211408, 011176, 211406, 221680, 380376, 231474, 050308, 541110, 380378, 541578, 071276, 650810, 050776, 050774, 461216, 210572, 071272, 070180, 470172, 541576, 050778, 650816, 050772, 461214, 461212, 650812, 071278, 381010, 580978, 381014, 580974, 381012, 580976, 381018, 620118, 660618, 190710, 541582, 381016, 211410, 580972, 450110, 620114, 450112, 620116, 541580, 301678, 291106, 301676, 211672, 291102, 071280, 291104, 230174, 230172, 610788, 611878, 460378, 221214, 610786, 551372, 460376, 381482, 381480, 460382, 450106, 381002, 611880, 460380, 450108, 301680, 470174, 580980, 450102, 381006, 210574, 580982, 450104, 381004, 621676, 301682, 381008, 621678, 291512, 301402, 621672, 050512, 621674, 301406, 461678, 050516, 291510, 301404, 050514, 461674, 301408, 461676, 460582, 221004, 221006, 610778, 381280, 580916, 311210, 461672, 221008, 610776, 580918, 610784, 381274, 611874, 311202, 580912, 610782, 381272, 461680, 580914, 610780, 381278, 381276, 311208, 221010, 211674, 301410, 190708, 301414, 670210, 190706, 190704, 211210, 670212, 670216, 221476, 380180, 461204, 461682, 221478, 461202, 311212, 380174, 610774, 221480, 211208, 380178, 380176, 141776, 141778, 211206, 211204, 050974, 650612, 071078, 050972, 071076, 650610, 461414, 210374, 050978, 210372, 461416, 071072, 050976, 220176, 461412, 011174, 650616, 311672, 011172, 141780, 151108, 620316, 620318, 301872, 620314, 660418, 391072, 291304, 301876, 391074, 291306, 301874, 460578, 211474, 211472, 291302, 301878, 221012, 460576, 450308, 381282, 460580, 450304, 450306, 470372, 450302, 151110, 291308, 301880, 180776, 461876, 621074, 461878, 180778, 621076, 461872, 460782, 461874, 460780, 621072, 541516, 381082, 541518, 381080, 470104, 470106, 551310, 470108, 381078, 190574, 190572, 470102, 070572, 180782, 301616, 030316, 301614, 461406, 221276, 050380, 141180, 461402, 070578, 221278, 070576, 461880, 670816, 070574, 461882, 180780, 670814, 221280, 221282, 551304, 170710, 551308, 470110, 551306, 461616, 300974, 461618, 050378, 300972, 461612, 300978, 461614, 210174, 300976, 070106, 050372, 070104, 461610, 050376, 050374, 071674, 221076, 450510, 450512, 300980, 460778, 071680, 460776, 150908, 150906, 450506, 450508, 061018, 450502, 450504, 621276, 541316, 581172, 621278, 291112, 371074, 621274, 051680, 291110, 071216, 541318, 100416, 531504, 470302, 100418, 470304, 470306, 470308, 061480, 190774, 100412, 531508, 190772, 100414, 531506, 030516, 070374, 461606, 051678, 070372, 051676, 050108, 670610, 050106, 581180, 461604, 670614, 070378, 051674, 070376, 670616, 221082, 061476, 061478, 531512, 531510, 581178, 061472, 581174, 061474, 221080, 581176, 541776, 380806, 050578, 541778, 380804, 050576, 070380, 541772, 541774, 100880, 170706, 170704, 050574, 170708, 050572, 450712, 450714, 180714, 541780, 450710, 660818, 541782, 380802, 131110, 100406, 450704, 450706, 470772, 621478]
Failed Stowage values for Rfr are: [180676, 061472, 061474]
Failed Stowage values for IsSpl are: [051678, 050678, 050976, 130974, 631874, 031278, 031176, 011174, 531372, 031174, 631878, 551372, 011176, 010276, 630474, 150974, 150972, 470272, 131072]
Failure count for column 'DG': 89
Failure count for column 'ISO': 420
Failure count for column 'FlashPoint': 112
Failure count for column 'OOG': 2
Failure count for column 'Booking No': 1551
Failure count for column 'mul Haz': 29
Failure count for column 'OLF (m)': 2
Failure count for column 'OOH (m)': 2
Failure count for column 'OWS (m)': 2
Failure count for column 'DG class': 140
Failure count for column 'Variant': 99
Failure count for column 'OWP (m)': 2
Failure count for column 'OLA (m)': 2
Failure count for column 'DGLQ': 94
Failure count for column 'Weight(t)': 1484
Failure count for column 'UNNO': 196
Failure count for column 'IsSpl': 19
Failure count for column 'Rfr': 3
Group failure count for column 'DG class': 51
Group failure count for column 'Variant': 69
Group failure count for column 'DG': 41
Group failure count for column 'FlashPoint': 83
Group failure count for column 'OOG': 1
Group failure count for column 'DGLQ': 5
Group failure count for column 'mul Haz': 21
Group failure count for column 'UNNO': 113
Group failure count for column 'IsSpl': 10
Group failure count for column 'Rfr': 2
Total Failed count is : 1551
]]></system-out>
    <system-err><![CDATA[Starting ChromeDriver 122.0.6261.94 (880dbf29479c6152d5e4f08dfd3a96b30f919e56-refs/branch-heads/6261@{#960}) on port 24645
Only local connections are allowed.
Please see https://chromedriver.chromium.org/security-considerations for suggestions on keeping ChromeDriver safe.
ChromeDriver was started successfully.
Mar 05, 2024 4:49:33 PM org.openqa.selenium.remote.ProtocolHandshake createSession
INFO: Detected dialect: W3C
]]></system-err>
  </testcase>
  <testcase name="Scenario2" classname="commonMethods.Testcases" time="1894.337">
    <failure message="target frame detached&#10;  (failed to check if window was closed: disconnected: not connected to DevTools)&#10;  (Session info: chrome=122.0.6261.95)&#10;Build info: version: &apos;3.10.0&apos;, revision: &apos;176b4a9&apos;, time: &apos;2018-03-02T19:03:16.397Z&apos;&#10;System info: host: &apos;DESKTOP-HERP98R&apos;, ip: &apos;192.168.0.245&apos;, os.name: &apos;Windows 10&apos;, os.arch: &apos;amd64&apos;, os.version: &apos;10.0&apos;, java.version: &apos;18.0.1&apos;&#10;Driver info: org.openqa.selenium.chrome.ChromeDriver&#10;Capabilities {acceptInsecureCerts: false, browserName: chrome, browserVersion: 122.0.6261.95, chrome: {chromedriverVersion: 122.0.6261.94 (880dbf29479c..., userDataDir: C:\Users\RBT\AppData\Local\...}, fedcm:accounts: true, goog:chromeOptions: {debuggerAddress: localhost:60238}, javascriptEnabled: true, networkConnectionEnabled: false, pageLoadStrategy: normal, platform: WINDOWS, platformName: WINDOWS, proxy: Proxy(), setWindowRect: true, strictFileInteractability: false, timeouts: {implicit: 0, pageLoad: 300000, script: 30000}, unhandledPromptBehavior: dismiss and notify, webauthn:extension:credBlob: true, webauthn:extension:largeBlob: true, webauthn:extension:minPinLength: true, webauthn:extension:prf: true, webauthn:virtualAuthenticators: true}&#10;Session ID: 4b451609a636569e80c551a9f44f2775&#10;*** Element info: {Using=xpath, value=//*[@alt=&apos;Partial Success&apos;]}" type="org.openqa.selenium.WebDriverException"><![CDATA[org.openqa.selenium.WebDriverException: 
target frame detached
  (failed to check if window was closed: disconnected: not connected to DevTools)
  (Session info: chrome=122.0.6261.95)
Build info: version: '3.10.0', revision: '176b4a9', time: '2018-03-02T19:03:16.397Z'
System info: host: 'DESKTOP-HERP98R', ip: '192.168.0.245', os.name: 'Windows 10', os.arch: 'amd64', os.version: '10.0', java.version: '18.0.1'
Driver info: org.openqa.selenium.chrome.ChromeDriver
Capabilities {acceptInsecureCerts: false, browserName: chrome, browserVersion: 122.0.6261.95, chrome: {chromedriverVersion: 122.0.6261.94 (880dbf29479c..., userDataDir: C:\Users\RBT\AppData\Local\...}, fedcm:accounts: true, goog:chromeOptions: {debuggerAddress: localhost:60238}, javascriptEnabled: true, networkConnectionEnabled: false, pageLoadStrategy: normal, platform: WINDOWS, platformName: WINDOWS, proxy: Proxy(), setWindowRect: true, strictFileInteractability: false, timeouts: {implicit: 0, pageLoad: 300000, script: 30000}, unhandledPromptBehavior: dismiss and notify, webauthn:extension:credBlob: true, webauthn:extension:largeBlob: true, webauthn:extension:minPinLength: true, webauthn:extension:prf: true, webauthn:virtualAuthenticators: true}
Session ID: 4b451609a636569e80c551a9f44f2775
*** Element info: {Using=xpath, value=//*[@alt='Partial Success']}
	at java.base/jdk.internal.reflect.DirectConstructorHandleAccessor.newInstance(DirectConstructorHandleAccessor.java:67)
	at java.base/java.lang.reflect.Constructor.newInstanceWithCaller(Constructor.java:499)
	at java.base/java.lang.reflect.Constructor.newInstance(Constructor.java:483)
	at org.openqa.selenium.remote.http.W3CHttpResponseCodec.createException(W3CHttpResponseCodec.java:187)
	at org.openqa.selenium.remote.http.W3CHttpResponseCodec.decode(W3CHttpResponseCodec.java:122)
	at org.openqa.selenium.remote.http.W3CHttpResponseCodec.decode(W3CHttpResponseCodec.java:49)
	at org.openqa.selenium.remote.HttpCommandExecutor.execute(HttpCommandExecutor.java:160)
	at org.openqa.selenium.remote.service.DriverCommandExecutor.execute(DriverCommandExecutor.java:83)
	at org.openqa.selenium.remote.RemoteWebDriver.execute(RemoteWebDriver.java:601)
	at org.openqa.selenium.remote.RemoteWebDriver.findElements(RemoteWebDriver.java:398)
	at org.openqa.selenium.remote.RemoteWebDriver.findElementsByXPath(RemoteWebDriver.java:477)
	at org.openqa.selenium.By$ByXPath.findElements(By.java:356)
	at org.openqa.selenium.remote.RemoteWebDriver.findElements(RemoteWebDriver.java:359)
	at org.openqa.selenium.support.ui.ExpectedConditions.findElement(ExpectedConditions.java:895)
	at org.openqa.selenium.support.ui.ExpectedConditions.access$000(ExpectedConditions.java:44)
	at org.openqa.selenium.support.ui.ExpectedConditions$6.apply(ExpectedConditions.java:183)
	at org.openqa.selenium.support.ui.ExpectedConditions$6.apply(ExpectedConditions.java:180)
	at org.openqa.selenium.support.ui.FluentWait.until(FluentWait.java:249)
	at scripts.Scenario2.Semiautorun2(Scenario2.java:666)
	at commonMethods.Testcases.Scenario2(Testcases.java:131)
	at java.base/jdk.internal.reflect.DirectMethodHandleAccessor.invoke(DirectMethodHandleAccessor.java:104)
	at java.base/java.lang.reflect.Method.invoke(Method.java:577)
	at org.testng.internal.MethodInvocationHelper.invokeMethod(MethodInvocationHelper.java:86)
	at org.testng.internal.Invoker.invokeMethod(Invoker.java:643)
	at org.testng.internal.Invoker.invokeTestMethod(Invoker.java:820)
	at org.testng.internal.Invoker.invokeTestMethods(Invoker.java:1128)
	at org.testng.internal.TestMethodWorker.invokeTestMethods(TestMethodWorker.java:129)
	at org.testng.internal.TestMethodWorker.run(TestMethodWorker.java:112)
	at org.testng.TestRunner.privateRun(TestRunner.java:782)
	at org.testng.TestRunner.run(TestRunner.java:632)
	at org.testng.SuiteRunner.runTest(SuiteRunner.java:366)
	at org.testng.SuiteRunner.runSequentially(SuiteRunner.java:361)
	at org.testng.SuiteRunner.privateRun(SuiteRunner.java:319)
	at org.testng.SuiteRunner.run(SuiteRunner.java:268)
	at org.testng.SuiteRunnerWorker.runSuite(SuiteRunnerWorker.java:52)
	at org.testng.SuiteRunnerWorker.run(SuiteRunnerWorker.java:86)
	at org.testng.TestNG.runSuitesSequentially(TestNG.java:1244)
	at org.testng.TestNG.runSuitesLocally(TestNG.java:1169)
	at org.testng.TestNG.run(TestNG.java:1064)
	at org.apache.maven.surefire.testng.TestNGExecutor.run(TestNGExecutor.java:308)
	at org.apache.maven.surefire.testng.TestNGXmlTestSuite.execute(TestNGXmlTestSuite.java:71)
	at org.apache.maven.surefire.testng.TestNGProvider.invoke(TestNGProvider.java:113)
	at org.apache.maven.surefire.booter.ForkedBooter.runSuitesInProcess(ForkedBooter.java:385)
	at org.apache.maven.surefire.booter.ForkedBooter.execute(ForkedBooter.java:162)
	at org.apache.maven.surefire.booter.ForkedBooter.run(ForkedBooter.java:507)
	at org.apache.maven.surefire.booter.ForkedBooter.main(ForkedBooter.java:495)
]]></failure>
    <system-out><![CDATA[Test is Passed
Screenshot captured successfully!
Screenshot captured successfully!
Screenshot captured successfully!
Screenshot captured successfully!
Screenshot captured successfully!
Screenshot captured successfully!
Screenshot captured successfully!
Screenshot captured successfully!
Screenshot captured successfully!
Screenshot captured successfully!
Screenshot captured successfully!
Screenshot captured successfully!
Screenshot captured successfully!
Screenshot captured successfully!
Screenshot captured successfully!
Screenshot captured successfully!
Screenshot captured successfully!
Screenshot captured successfully!
Screenshot captured successfully!
Screenshot captured successfully!
Screenshot captured successfully!
Screenshot captured successfully!
Screenshot captured successfully!
Selected VAPPlan-764 is opened
Element dragged
Element dragged 1
Element dragged
Element dragged 2
Element dragged
Element dragged 3
Element dragged
Element dragged 4
Element dragged
Element dragged 5
Element dragged
Element dragged 5
Element dragged
Element dragged 5
Element dragged
Element dragged 5
Element dragged
Element dragged 11
Element dragged
Element dragged 12
Element dragged
Element dragged 13
Element dragged
Element dragged 14
Element dragged
Element dragged 15
Element dragged
Element dragged 16
Element dragged
Element dragged 17
Element dragged
Element dragged 18
Element dragged
Element dragged 19
Element dragged
Element dragged 20
Element dragged
Element dragged 21
Element dragged
Element dragged 22
Element dragged
Element dragged 18
Element dragged
Element dragged 24
Element dragged
]]></system-out>
    <system-err><![CDATA[Mar 05, 2024 5:21:29 PM org.openqa.selenium.support.ui.ExpectedConditions findElement
WARNING: WebDriverException thrown by findElement(By.xpath: //*[@alt='Partial Success'])
org.openqa.selenium.WebDriverException: target frame detached
  (failed to check if window was closed: disconnected: not connected to DevTools)
  (Session info: chrome=122.0.6261.95)
Build info: version: '3.10.0', revision: '176b4a9', time: '2018-03-02T19:03:16.397Z'
System info: host: 'DESKTOP-HERP98R', ip: '192.168.0.245', os.name: 'Windows 10', os.arch: 'amd64', os.version: '10.0', java.version: '18.0.1'
Driver info: org.openqa.selenium.chrome.ChromeDriver
Capabilities {acceptInsecureCerts: false, browserName: chrome, browserVersion: 122.0.6261.95, chrome: {chromedriverVersion: 122.0.6261.94 (880dbf29479c..., userDataDir: C:\Users\RBT\AppData\Local\...}, fedcm:accounts: true, goog:chromeOptions: {debuggerAddress: localhost:60238}, javascriptEnabled: true, networkConnectionEnabled: false, pageLoadStrategy: normal, platform: WINDOWS, platformName: WINDOWS, proxy: Proxy(), setWindowRect: true, strictFileInteractability: false, timeouts: {implicit: 0, pageLoad: 300000, script: 30000}, unhandledPromptBehavior: dismiss and notify, webauthn:extension:credBlob: true, webauthn:extension:largeBlob: true, webauthn:extension:minPinLength: true, webauthn:extension:prf: true, webauthn:virtualAuthenticators: true}
Session ID: 4b451609a636569e80c551a9f44f2775
*** Element info: {Using=xpath, value=//*[@alt='Partial Success']}
	at java.base/jdk.internal.reflect.DirectConstructorHandleAccessor.newInstance(DirectConstructorHandleAccessor.java:67)
	at java.base/java.lang.reflect.Constructor.newInstanceWithCaller(Constructor.java:499)
	at java.base/java.lang.reflect.Constructor.newInstance(Constructor.java:483)
	at org.openqa.selenium.remote.http.W3CHttpResponseCodec.createException(W3CHttpResponseCodec.java:187)
	at org.openqa.selenium.remote.http.W3CHttpResponseCodec.decode(W3CHttpResponseCodec.java:122)
	at org.openqa.selenium.remote.http.W3CHttpResponseCodec.decode(W3CHttpResponseCodec.java:49)
	at org.openqa.selenium.remote.HttpCommandExecutor.execute(HttpCommandExecutor.java:160)
	at org.openqa.selenium.remote.service.DriverCommandExecutor.execute(DriverCommandExecutor.java:83)
	at org.openqa.selenium.remote.RemoteWebDriver.execute(RemoteWebDriver.java:601)
	at org.openqa.selenium.remote.RemoteWebDriver.findElements(RemoteWebDriver.java:398)
	at org.openqa.selenium.remote.RemoteWebDriver.findElementsByXPath(RemoteWebDriver.java:477)
	at org.openqa.selenium.By$ByXPath.findElements(By.java:356)
	at org.openqa.selenium.remote.RemoteWebDriver.findElements(RemoteWebDriver.java:359)
	at org.openqa.selenium.support.ui.ExpectedConditions.findElement(ExpectedConditions.java:895)
	at org.openqa.selenium.support.ui.ExpectedConditions.access$000(ExpectedConditions.java:44)
	at org.openqa.selenium.support.ui.ExpectedConditions$6.apply(ExpectedConditions.java:183)
	at org.openqa.selenium.support.ui.ExpectedConditions$6.apply(ExpectedConditions.java:180)
	at org.openqa.selenium.support.ui.FluentWait.until(FluentWait.java:249)
	at scripts.Scenario2.Semiautorun2(Scenario2.java:666)
	at commonMethods.Testcases.Scenario2(Testcases.java:131)
	at java.base/jdk.internal.reflect.DirectMethodHandleAccessor.invoke(DirectMethodHandleAccessor.java:104)
	at java.base/java.lang.reflect.Method.invoke(Method.java:577)
	at org.testng.internal.MethodInvocationHelper.invokeMethod(MethodInvocationHelper.java:86)
	at org.testng.internal.Invoker.invokeMethod(Invoker.java:643)
	at org.testng.internal.Invoker.invokeTestMethod(Invoker.java:820)
	at org.testng.internal.Invoker.invokeTestMethods(Invoker.java:1128)
	at org.testng.internal.TestMethodWorker.invokeTestMethods(TestMethodWorker.java:129)
[...]
	at org.testng.internal.Invoker.invokeMethod(Invoker.java:643)
	at org.testng.internal.Invoker.invokeTestMethod(Invoker.java:820)
	at org.testng.internal.Invoker.invokeTestMethods(Invoker.java:1128)
	at org.testng.internal.TestMethodWorker.invokeTestMethods(TestMethodWorker.java:129)
	at org.testng.internal.TestMethodWorker.run(TestMethodWorker.java:112)
	at org.testng.TestRunner.privateRun(TestRunner.java:782)
	at org.testng.TestRunner.run(TestRunner.java:632)
	at org.testng.SuiteRunner.runTest(SuiteRunner.java:366)
	at org.testng.SuiteRunner.runSequentially(SuiteRunner.java:361)
	at org.testng.SuiteRunner.privateRun(SuiteRunner.java:319)
	at org.testng.SuiteRunner.run(SuiteRunner.java:268)
	at org.testng.SuiteRunnerWorker.runSuite(SuiteRunnerWorker.java:52)
	at org.testng.SuiteRunnerWorker.run(SuiteRunnerWorker.java:86)
	at org.testng.TestNG.runSuitesSequentially(TestNG.java:1244)
	at org.testng.TestNG.runSuitesLocally(TestNG.java:1169)
	at org.testng.TestNG.run(TestNG.java:1064)
	at org.apache.maven.surefire.testng.TestNGExecutor.run(TestNGExecutor.java:308)
	at org.apache.maven.surefire.testng.TestNGXmlTestSuite.execute(TestNGXmlTestSuite.java:71)
	at org.apache.maven.surefire.testng.TestNGProvider.invoke(TestNGProvider.java:113)
	at org.apache.maven.surefire.booter.ForkedBooter.runSuitesInProcess(ForkedBooter.java:385)
	at org.apache.maven.surefire.booter.ForkedBooter.execute(ForkedBooter.java:162)
	at org.apache.maven.surefire.booter.ForkedBooter.run(ForkedBooter.java:507)
	at org.apache.maven.surefire.booter.ForkedBooter.main(ForkedBooter.java:495)
]]></failure>
  </testcase>
  <testcase name="Teardown[[TestResult name=Scenario5 status=FAILURE method=Testcases.Scenario5()[pri:0, instance:commonMethods.Testcases@30814f43] output={null}]](0)" classname="commonMethods.Testcases" time="0.032">
    <failure message="disconnected: not connected to DevTools&#10;  (failed to check if window was closed: disconnected: not connected to DevTools)&#10;  (Session info: chrome=122.0.6261.95)&#10;Build info: version: &apos;3.10.0&apos;, revision: &apos;176b4a9&apos;, time: &apos;2018-03-02T19:03:16.397Z&apos;&#10;System info: host: &apos;DESKTOP-HERP98R&apos;, ip: &apos;192.168.0.245&apos;, os.name: &apos;Windows 10&apos;, os.arch: &apos;amd64&apos;, os.version: &apos;10.0&apos;, java.version: &apos;18.0.1&apos;&#10;Driver info: org.openqa.selenium.chrome.ChromeDriver&#10;Capabilities {acceptInsecureCerts: false, browserName: chrome, browserVersion: 122.0.6261.95, chrome: {chromedriverVersion: 122.0.6261.94 (880dbf29479c..., userDataDir: C:\Users\RBT\AppData\Local\...}, fedcm:accounts: true, goog:chromeOptions: {debuggerAddress: localhost:60238}, javascriptEnabled: true, networkConnectionEnabled: false, pageLoadStrategy: normal, platform: WINDOWS, platformName: WINDOWS, proxy: Proxy(), setWindowRect: true, strictFileInteractability: false, timeouts: {implicit: 0, pageLoad: 300000, script: 30000}, unhandledPromptBehavior: dismiss and notify, webauthn:extension:credBlob: true, webauthn:extension:largeBlob: true, webauthn:extension:minPinLength: true, webauthn:extension:prf: true, webauthn:virtualAuthenticators: true}&#10;Session ID: 4b451609a636569e80c551a9f44f2775" type="org.openqa.selenium.WebDriverException"><![CDATA[org.openqa.selenium.WebDriverException: 
disconnected: not connected to DevTools
  (failed to check if window was closed: disconnected: not connected to DevTools)
  (Session info: chrome=122.0.6261.95)
Build info: version: '3.10.0', revision: '176b4a9', time: '2018-03-02T19:03:16.397Z'
System info: host: 'DESKTOP-HERP98R', ip: '192.168.0.245', os.name: 'Windows 10', os.arch: 'amd64', os.version: '10.0', java.version: '18.0.1'
Driver info: org.openqa.selenium.chrome.ChromeDriver
Capabilities {acceptInsecureCerts: false, browserName: chrome, browserVersion: 122.0.6261.95, chrome: {chromedriverVersion: 122.0.6261.94 (880dbf29479c..., userDataDir: C:\Users\RBT\AppData\Local\...}, fedcm:accounts: true, goog:chromeOptions: {debuggerAddress: localhost:60238}, javascriptEnabled: true, networkConnectionEnabled: false, pageLoadStrategy: normal, platform: WINDOWS, platformName: WINDOWS, proxy: Proxy(), setWindowRect: true, strictFileInteractability: false, timeouts: {implicit: 0, pageLoad: 300000, script: 30000}, unhandledPromptBehavior: dismiss and notify, webauthn:extension:credBlob: true, webauthn:extension:largeBlob: true, webauthn:extension:minPinLength: true, webauthn:extension:prf: true, webauthn:virtualAuthenticators: true}
Session ID: 4b451609a636569e80c551a9f44f2775
	at java.base/jdk.internal.reflect.DirectConstructorHandleAccessor.newInstance(DirectConstructorHandleAccessor.java:67)
	at java.base/java.lang.reflect.Constructor.newInstanceWithCaller(Constructor.java:499)
	at java.base/java.lang.reflect.Constructor.newInstance(Constructor.java:483)
	at org.openqa.selenium.remote.http.W3CHttpResponseCodec.createException(W3CHttpResponseCodec.java:187)
	at org.openqa.selenium.remote.http.W3CHttpResponseCodec.decode(W3CHttpResponseCodec.java:122)
	at org.openqa.selenium.remote.http.W3CHttpResponseCodec.decode(W3CHttpResponseCodec.java:49)
	at org.openqa.selenium.remote.HttpCommandExecutor.execute(HttpCommandExecutor.java:160)
	at org.openqa.selenium.remote.service.DriverCommandExecutor.execute(DriverCommandExecutor.java:83)
	at org.openqa.selenium.remote.RemoteWebDriver.execute(RemoteWebDriver.java:601)
	at org.openqa.selenium.remote.RemoteWebDriver.execute(RemoteWebDriver.java:658)
	at org.openqa.selenium.remote.RemoteWebDriver.getScreenshotAs(RemoteWebDriver.java:343)
	at atu.testng.reports.ATUReports.base64(ATUReports.java:584)
	at atu.testng.reports.ATUReports.teardown(ATUReports.java:539)
	at commonMethods.Testcases.Teardown(Testcases.java:102)
	at java.base/jdk.internal.reflect.DirectMethodHandleAccessor.invoke(DirectMethodHandleAccessor.java:104)
	at java.base/java.lang.reflect.Method.invoke(Method.java:577)
	at org.testng.internal.MethodInvocationHelper.invokeMethod(MethodInvocationHelper.java:86)
	at org.testng.internal.Invoker.invokeConfigurationMethod(Invoker.java:514)
	at org.testng.internal.Invoker.invokeConfigurations(Invoker.java:215)
	at org.testng.internal.Invoker.invokeMethod(Invoker.java:707)
	at org.testng.internal.Invoker.invokeTestMethod(Invoker.java:820)
	at org.testng.internal.Invoker.invokeTestMethods(Invoker.java:1128)
	at org.testng.internal.TestMethodWorker.invokeTestMethods(TestMethodWorker.java:129)
	at org.testng.internal.TestMethodWorker.run(TestMethodWorker.java:112)
	at org.testng.TestRunner.privateRun(TestRunner.java:782)
	at org.testng.TestRunner.run(TestRunner.java:632)
	at org.testng.SuiteRunner.runTest(SuiteRunner.java:366)
	at org.testng.SuiteRunner.runSequentially(SuiteRunner.java:361)
	at org.testng.SuiteRunner.privateRun(SuiteRunner.java:319)
	at org.testng.SuiteRunner.run(SuiteRunner.java:268)
	at org.testng.SuiteRunnerWorker.runSuite(SuiteRunnerWorker.java:52)
	at org.testng.SuiteRunnerWorker.run(SuiteRunnerWorker.java:86)
	at org.testng.TestNG.runSuitesSequentially(TestNG.java:1244)
	at org.testng.TestNG.runSuitesLocally(TestNG.java:1169)
	at org.testng.TestNG.run(TestNG.java:1064)
	at org.apache.maven.surefire.testng.TestNGExecutor.run(TestNGExecutor.java:308)
	at org.apache.maven.surefire.testng.TestNGXmlTestSuite.execute(TestNGXmlTestSuite.java:71)
	at org.apache.maven.surefire.testng.TestNGProvider.invoke(TestNGProvider.java:113)
	at org.apache.maven.surefire.booter.ForkedBooter.runSuitesInProcess(ForkedBooter.java:385)
	at org.apache.maven.surefire.booter.ForkedBooter.execute(ForkedBooter.java:162)
	at org.apache.maven.surefire.booter.ForkedBooter.run(ForkedBooter.java:507)
	at org.apache.maven.surefire.booter.ForkedBooter.main(ForkedBooter.java:495)
]]></failure>
    <system-out><![CDATA[Test is failed
]]></system-out>
  </testcase>
  <testcase name="Scenario6" classname="commonMethods.Testcases" time="0.001">
    <failure message="disconnected: not connected to DevTools&#10;  (failed to check if window was closed: disconnected: not connected to DevTools)&#10;  (Session info: chrome=122.0.6261.95)&#10;Build info: version: &apos;3.10.0&apos;, revision: &apos;176b4a9&apos;, time: &apos;2018-03-02T19:03:16.397Z&apos;&#10;System info: host: &apos;DESKTOP-HERP98R&apos;, ip: &apos;192.168.0.245&apos;, os.name: &apos;Windows 10&apos;, os.arch: &apos;amd64&apos;, os.version: &apos;10.0&apos;, java.version: &apos;18.0.1&apos;&#10;Driver info: org.openqa.selenium.chrome.ChromeDriver&#10;Capabilities {acceptInsecureCerts: false, browserName: chrome, browserVersion: 122.0.6261.95, chrome: {chromedriverVersion: 122.0.6261.94 (880dbf29479c..., userDataDir: C:\Users\RBT\AppData\Local\...}, fedcm:accounts: true, goog:chromeOptions: {debuggerAddress: localhost:60238}, javascriptEnabled: true, networkConnectionEnabled: false, pageLoadStrategy: normal, platform: WINDOWS, platformName: WINDOWS, proxy: Proxy(), setWindowRect: true, strictFileInteractability: false, timeouts: {implicit: 0, pageLoad: 300000, script: 30000}, unhandledPromptBehavior: dismiss and notify, webauthn:extension:credBlob: true, webauthn:extension:largeBlob: true, webauthn:extension:minPinLength: true, webauthn:extension:prf: true, webauthn:virtualAuthenticators: true}&#10;Session ID: 4b451609a636569e80c551a9f44f2775" type="org.openqa.selenium.WebDriverException"><![CDATA[org.openqa.selenium.WebDriverException: 
disconnected: not connected to DevTools
  (failed to check if window was closed: disconnected: not connected to DevTools)
  (Session info: chrome=122.0.6261.95)
Build info: version: '3.10.0', revision: '176b4a9', time: '2018-03-02T19:03:16.397Z'
System info: host: 'DESKTOP-HERP98R', ip: '192.168.0.245', os.name: 'Windows 10', os.arch: 'amd64', os.version: '10.0', java.version: '18.0.1'
Driver info: org.openqa.selenium.chrome.ChromeDriver
Capabilities {acceptInsecureCerts: false, browserName: chrome, browserVersion: 122.0.6261.95, chrome: {chromedriverVersion: 122.0.6261.94 (880dbf29479c..., userDataDir: C:\Users\RBT\AppData\Local\...}, fedcm:accounts: true, goog:chromeOptions: {debuggerAddress: localhost:60238}, javascriptEnabled: true, networkConnectionEnabled: false, pageLoadStrategy: normal, platform: WINDOWS, platformName: WINDOWS, proxy: Proxy(), setWindowRect: true, strictFileInteractability: false, timeouts: {implicit: 0, pageLoad: 300000, script: 30000}, unhandledPromptBehavior: dismiss and notify, webauthn:extension:credBlob: true, webauthn:extension:largeBlob: true, webauthn:extension:minPinLength: true, webauthn:extension:prf: true, webauthn:virtualAuthenticators: true}
Session ID: 4b451609a636569e80c551a9f44f2775
	at java.base/jdk.internal.reflect.DirectConstructorHandleAccessor.newInstance(DirectConstructorHandleAccessor.java:67)
	at java.base/java.lang.reflect.Constructor.newInstanceWithCaller(Constructor.java:499)
	at java.base/java.lang.reflect.Constructor.newInstance(Constructor.java:483)
	at org.openqa.selenium.remote.http.W3CHttpResponseCodec.createException(W3CHttpResponseCodec.java:187)
	at org.openqa.selenium.remote.http.W3CHttpResponseCodec.decode(W3CHttpResponseCodec.java:122)
	at org.openqa.selenium.remote.http.W3CHttpResponseCodec.decode(W3CHttpResponseCodec.java:49)
	at org.openqa.selenium.remote.HttpCommandExecutor.execute(HttpCommandExecutor.java:160)
	at org.openqa.selenium.remote.service.DriverCommandExecutor.execute(DriverCommandExecutor.java:83)
	at org.openqa.selenium.remote.RemoteWebDriver.execute(RemoteWebDriver.java:601)
	at org.openqa.selenium.remote.RemoteWebDriver.get(RemoteWebDriver.java:325)
	at org.openqa.selenium.remote.RemoteWebDriver$RemoteNavigation.to(RemoteWebDriver.java:912)
	at commonMethods.Keywords.navigateUrl(Keywords.java:2077)
	at scripts.Scenario6.Semiautorun6(Scenario6.java:49)
	at commonMethods.Testcases.Scenario6(Testcases.java:187)
	at java.base/jdk.internal.reflect.DirectMethodHandleAccessor.invoke(DirectMethodHandleAccessor.java:104)
	at java.base/java.lang.reflect.Method.invoke(Method.java:577)
	at org.testng.internal.MethodInvocationHelper.invokeMethod(MethodInvocationHelper.java:86)
	at org.testng.internal.Invoker.invokeMethod(Invoker.java:643)
	at org.testng.internal.Invoker.invokeTestMethod(Invoker.java:820)
	at org.testng.internal.Invoker.invokeTestMethods(Invoker.java:1128)
	at org.testng.internal.TestMethodWorker.invokeTestMethods(TestMethodWorker.java:129)
	at org.testng.internal.TestMethodWorker.run(TestMethodWorker.java:112)
	at org.testng.TestRunner.privateRun(TestRunner.java:782)
	at org.testng.TestRunner.run(TestRunner.java:632)
	at org.testng.SuiteRunner.runTest(SuiteRunner.java:366)
	at org.testng.SuiteRunner.runSequentially(SuiteRunner.java:361)
	at org.testng.SuiteRunner.privateRun(SuiteRunner.java:319)
	at org.testng.SuiteRunner.run(SuiteRunner.java:268)
	at org.testng.SuiteRunnerWorker.runSuite(SuiteRunnerWorker.java:52)
	at org.testng.SuiteRunnerWorker.run(SuiteRunnerWorker.java:86)
	at org.testng.TestNG.runSuitesSequentially(TestNG.java:1244)
	at org.testng.TestNG.runSuitesLocally(TestNG.java:1169)
	at org.testng.TestNG.run(TestNG.java:1064)
	at org.apache.maven.surefire.testng.TestNGExecutor.run(TestNGExecutor.java:308)
	at org.apache.maven.surefire.testng.TestNGXmlTestSuite.execute(TestNGXmlTestSuite.java:71)
	at org.apache.maven.surefire.testng.TestNGProvider.invoke(TestNGProvider.java:113)
	at org.apache.maven.surefire.booter.ForkedBooter.runSuitesInProcess(ForkedBooter.java:385)
	at org.apache.maven.surefire.booter.ForkedBooter.execute(ForkedBooter.java:162)
	at org.apache.maven.surefire.booter.ForkedBooter.run(ForkedBooter.java:507)
	at org.apache.maven.surefire.booter.ForkedBooter.main(ForkedBooter.java:495)
]]></failure>
  </testcase>
  <testcase name="Teardown[[TestResult name=Scenario6 status=FAILURE method=Testcases.Scenario6()[pri:0, instance:commonMethods.Testcases@30814f43] output={null}]](0)" classname="commonMethods.Testcases" time="0.019">
    <failure message="disconnected: not connected to DevTools&#10;  (failed to check if window was closed: disconnected: not connected to DevTools)&#10;  (Session info: chrome=122.0.6261.95)&#10;Build info: version: &apos;3.10.0&apos;, revision: &apos;176b4a9&apos;, time: &apos;2018-03-02T19:03:16.397Z&apos;&#10;System info: host: &apos;DESKTOP-HERP98R&apos;, ip: &apos;192.168.0.245&apos;, os.name: &apos;Windows 10&apos;, os.arch: &apos;amd64&apos;, os.version: &apos;10.0&apos;, java.version: &apos;18.0.1&apos;&#10;Driver info: org.openqa.selenium.chrome.ChromeDriver&#10;Capabilities {acceptInsecureCerts: false, browserName: chrome, browserVersion: 122.0.6261.95, chrome: {chromedriverVersion: 122.0.6261.94 (880dbf29479c..., userDataDir: C:\Users\RBT\AppData\Local\...}, fedcm:accounts: true, goog:chromeOptions: {debuggerAddress: localhost:60238}, javascriptEnabled: true, networkConnectionEnabled: false, pageLoadStrategy: normal, platform: WINDOWS, platformName: WINDOWS, proxy: Proxy(), setWindowRect: true, strictFileInteractability: false, timeouts: {implicit: 0, pageLoad: 300000, script: 30000}, unhandledPromptBehavior: dismiss and notify, webauthn:extension:credBlob: true, webauthn:extension:largeBlob: true, webauthn:extension:minPinLength: true, webauthn:extension:prf: true, webauthn:virtualAuthenticators: true}&#10;Session ID: 4b451609a636569e80c551a9f44f2775" type="org.openqa.selenium.WebDriverException"><![CDATA[org.openqa.selenium.WebDriverException: 
disconnected: not connected to DevTools
  (failed to check if window was closed: disconnected: not connected to DevTools)
  (Session info: chrome=122.0.6261.95)
Build info: version: '3.10.0', revision: '176b4a9', time: '2018-03-02T19:03:16.397Z'
System info: host: 'DESKTOP-HERP98R', ip: '192.168.0.245', os.name: 'Windows 10', os.arch: 'amd64', os.version: '10.0', java.version: '18.0.1'
Driver info: org.openqa.selenium.chrome.ChromeDriver
Capabilities {acceptInsecureCerts: false, browserName: chrome, browserVersion: 122.0.6261.95, chrome: {chromedriverVersion: 122.0.6261.94 (880dbf29479c..., userDataDir: C:\Users\RBT\AppData\Local\...}, fedcm:accounts: true, goog:chromeOptions: {debuggerAddress: localhost:60238}, javascriptEnabled: true, networkConnectionEnabled: false, pageLoadStrategy: normal, platform: WINDOWS, platformName: WINDOWS, proxy: Proxy(), setWindowRect: true, strictFileInteractability: false, timeouts: {implicit: 0, pageLoad: 300000, script: 30000}, unhandledPromptBehavior: dismiss and notify, webauthn:extension:credBlob: true, webauthn:extension:largeBlob: true, webauthn:extension:minPinLength: true, webauthn:extension:prf: true, webauthn:virtualAuthenticators: true}
Session ID: 4b451609a636569e80c551a9f44f2775
	at java.base/jdk.internal.reflect.DirectConstructorHandleAccessor.newInstance(DirectConstructorHandleAccessor.java:67)
	at java.base/java.lang.reflect.Constructor.newInstanceWithCaller(Constructor.java:499)
	at java.base/java.lang.reflect.Constructor.newInstance(Constructor.java:483)
	at org.openqa.selenium.remote.http.W3CHttpResponseCodec.createException(W3CHttpResponseCodec.java:187)
	at org.openqa.selenium.remote.http.W3CHttpResponseCodec.decode(W3CHttpResponseCodec.java:122)
	at org.openqa.selenium.remote.http.W3CHttpResponseCodec.decode(W3CHttpResponseCodec.java:49)
	at org.openqa.selenium.remote.HttpCommandExecutor.execute(HttpCommandExecutor.java:160)
	at org.openqa.selenium.remote.service.DriverCommandExecutor.execute(DriverCommandExecutor.java:83)
	at org.openqa.selenium.remote.RemoteWebDriver.execute(RemoteWebDriver.java:601)
	at org.openqa.selenium.remote.RemoteWebDriver.execute(RemoteWebDriver.java:658)
	at org.openqa.selenium.remote.RemoteWebDriver.getScreenshotAs(RemoteWebDriver.java:343)
	at atu.testng.reports.ATUReports.base64(ATUReports.java:584)
	at atu.testng.reports.ATUReports.teardown(ATUReports.java:539)
	at commonMethods.Testcases.Teardown(Testcases.java:102)
	at java.base/jdk.internal.reflect.DirectMethodHandleAccessor.invoke(DirectMethodHandleAccessor.java:104)
	at java.base/java.lang.reflect.Method.invoke(Method.java:577)
	at org.testng.internal.MethodInvocationHelper.invokeMethod(MethodInvocationHelper.java:86)
	at org.testng.internal.Invoker.invokeConfigurationMethod(Invoker.java:514)
	at org.testng.internal.Invoker.invokeConfigurations(Invoker.java:215)
	at org.testng.internal.Invoker.invokeMethod(Invoker.java:707)
	at org.testng.internal.Invoker.invokeTestMethod(Invoker.java:820)
	at org.testng.internal.Invoker.invokeTestMethods(Invoker.java:1128)
	at org.testng.internal.TestMethodWorker.invokeTestMethods(TestMethodWorker.java:129)
	at org.testng.internal.TestMethodWorker.run(TestMethodWorker.java:112)
	at org.testng.TestRunner.privateRun(TestRunner.java:782)
	at org.testng.TestRunner.run(TestRunner.java:632)
	at org.testng.SuiteRunner.runTest(SuiteRunner.java:366)
	at org.testng.SuiteRunner.runSequentially(SuiteRunner.java:361)
	at org.testng.SuiteRunner.privateRun(SuiteRunner.java:319)
	at org.testng.SuiteRunner.run(SuiteRunner.java:268)
	at org.testng.SuiteRunnerWorker.runSuite(SuiteRunnerWorker.java:52)
	at org.testng.SuiteRunnerWorker.run(SuiteRunnerWorker.java:86)
	at org.testng.TestNG.runSuitesSequentially(TestNG.java:1244)
	at org.testng.TestNG.runSuitesLocally(TestNG.java:1169)
	at org.testng.TestNG.run(TestNG.java:1064)
	at org.apache.maven.surefire.testng.TestNGExecutor.run(TestNGExecutor.java:308)
	at org.apache.maven.surefire.testng.TestNGXmlTestSuite.execute(TestNGXmlTestSuite.java:71)
	at org.apache.maven.surefire.testng.TestNGProvider.invoke(TestNGProvider.java:113)
	at org.apache.maven.surefire.booter.ForkedBooter.runSuitesInProcess(ForkedBooter.java:385)
	at org.apache.maven.surefire.booter.ForkedBooter.execute(ForkedBooter.java:162)
	at org.apache.maven.surefire.booter.ForkedBooter.run(ForkedBooter.java:507)
	at org.apache.maven.surefire.booter.ForkedBooter.main(ForkedBooter.java:495)
]]></failure>
    <system-out><![CDATA[Test is failed
]]></system-out>
  </testcase>
</testsuite>