<?xml version="1.0" encoding="UTF-8"?>
<testng-results ignored="1" total="11" passed="8" failed="2" skipped="0">
  <reporter-output>
    <line>
      <![CDATA[STEP1]]>
    </line>
    <line>
      <![CDATA[STEP2]]>
    </line>
    <line>
      <![CDATA[STEP3]]>
    </line>
    <line>
      <![CDATA[STEP4]]>
    </line>
    <line>
      <![CDATA[STEP5]]>
    </line>
    <line>
      <![CDATA[STEP6]]>
    </line>
    <line>
      <![CDATA[STEP7]]>
    </line>
    <line>
      <![CDATA[STEP8]]>
    </line>
    <line>
      <![CDATA[STEP9]]>
    </line>
    <line>
      <![CDATA[STEP10]]>
    </line>
    <line>
      <![CDATA[STEP11]]>
    </line>
    <line>
      <![CDATA[STEP12]]>
    </line>
    <line>
      <![CDATA[STEP13]]>
    </line>
    <line>
      <![CDATA[STEP14]]>
    </line>
    <line>
      <![CDATA[STEP15]]>
    </line>
    <line>
      <![CDATA[STEP16]]>
    </line>
    <line>
      <![CDATA[STEP17]]>
    </line>
    <line>
      <![CDATA[STEP18]]>
    </line>
    <line>
      <![CDATA[STEP19]]>
    </line>
    <line>
      <![CDATA[STEP20]]>
    </line>
    <line>
      <![CDATA[STEP21]]>
    </line>
    <line>
      <![CDATA[STEP22]]>
    </line>
    <line>
      <![CDATA[STEP23]]>
    </line>
    <line>
      <![CDATA[STEP24]]>
    </line>
    <line>
      <![CDATA[STEP25]]>
    </line>
    <line>
      <![CDATA[STEP26]]>
    </line>
    <line>
      <![CDATA[STEP27]]>
    </line>
    <line>
      <![CDATA[STEP28]]>
    </line>
    <line>
      <![CDATA[STEP29]]>
    </line>
    <line>
      <![CDATA[STEP30]]>
    </line>
    <line>
      <![CDATA[STEP31]]>
    </line>
    <line>
      <![CDATA[STEP32]]>
    </line>
    <line>
      <![CDATA[STEP33]]>
    </line>
    <line>
      <![CDATA[STEP34]]>
    </line>
    <line>
      <![CDATA[STEP35]]>
    </line>
    <line>
      <![CDATA[STEP36]]>
    </line>
    <line>
      <![CDATA[STEP37]]>
    </line>
    <line>
      <![CDATA[STEP38]]>
    </line>
    <line>
      <![CDATA[STEP39]]>
    </line>
    <line>
      <![CDATA[STEP40]]>
    </line>
    <line>
      <![CDATA[STEP41]]>
    </line>
    <line>
      <![CDATA[STEP42]]>
    </line>
    <line>
      <![CDATA[STEP43]]>
    </line>
    <line>
      <![CDATA[STEP44]]>
    </line>
    <line>
      <![CDATA[STEP45]]>
    </line>
    <line>
      <![CDATA[STEP46]]>
    </line>
    <line>
      <![CDATA[STEP47]]>
    </line>
    <line>
      <![CDATA[STEP48]]>
    </line>
    <line>
      <![CDATA[STEP49]]>
    </line>
    <line>
      <![CDATA[STEP50]]>
    </line>
    <line>
      <![CDATA[STEP51]]>
    </line>
    <line>
      <![CDATA[STEP52]]>
    </line>
    <line>
      <![CDATA[STEP53]]>
    </line>
    <line>
      <![CDATA[STEP54]]>
    </line>
    <line>
      <![CDATA[STEP55]]>
    </line>
    <line>
      <![CDATA[STEP56]]>
    </line>
    <line>
      <![CDATA[STEP57]]>
    </line>
    <line>
      <![CDATA[STEP58]]>
    </line>
    <line>
      <![CDATA[STEP59]]>
    </line>
    <line>
      <![CDATA[STEP60]]>
    </line>
    <line>
      <![CDATA[STEP61]]>
    </line>
    <line>
      <![CDATA[STEP62]]>
    </line>
    <line>
      <![CDATA[STEP63]]>
    </line>
    <line>
      <![CDATA[STEP64]]>
    </line>
    <line>
      <![CDATA[STEP65]]>
    </line>
    <line>
      <![CDATA[STEP66]]>
    </line>
    <line>
      <![CDATA[STEP67]]>
    </line>
    <line>
      <![CDATA[STEP68]]>
    </line>
    <line>
      <![CDATA[STEP69]]>
    </line>
    <line>
      <![CDATA[STEP70]]>
    </line>
    <line>
      <![CDATA[STEP71]]>
    </line>
    <line>
      <![CDATA[STEP72]]>
    </line>
    <line>
      <![CDATA[STEP73]]>
    </line>
    <line>
      <![CDATA[STEP74]]>
    </line>
    <line>
      <![CDATA[STEP75]]>
    </line>
    <line>
      <![CDATA[STEP76]]>
    </line>
    <line>
      <![CDATA[STEP77]]>
    </line>
    <line>
      <![CDATA[STEP78]]>
    </line>
    <line>
      <![CDATA[STEP79]]>
    </line>
    <line>
      <![CDATA[STEP80]]>
    </line>
    <line>
      <![CDATA[STEP81]]>
    </line>
    <line>
      <![CDATA[STEP82]]>
    </line>
    <line>
      <![CDATA[STEP83]]>
    </line>
    <line>
      <![CDATA[STEP84]]>
    </line>
    <line>
      <![CDATA[STEP85]]>
    </line>
    <line>
      <![CDATA[STEP86]]>
    </line>
    <line>
      <![CDATA[STEP87]]>
    </line>
    <line>
      <![CDATA[STEP88]]>
    </line>
    <line>
      <![CDATA[STEP89]]>
    </line>
    <line>
      <![CDATA[STEP90]]>
    </line>
    <line>
      <![CDATA[STEP91]]>
    </line>
    <line>
      <![CDATA[STEP92]]>
    </line>
    <line>
      <![CDATA[STEP93]]>
    </line>
    <line>
      <![CDATA[STEP94]]>
    </line>
    <line>
      <![CDATA[STEP95]]>
    </line>
    <line>
      <![CDATA[STEP96]]>
    </line>
    <line>
      <![CDATA[STEP97]]>
    </line>
    <line>
      <![CDATA[STEP98]]>
    </line>
    <line>
      <![CDATA[STEP99]]>
    </line>
    <line>
      <![CDATA[STEP100]]>
    </line>
    <line>
      <![CDATA[STEP101]]>
    </line>
    <line>
      <![CDATA[STEP102]]>
    </line>
    <line>
      <![CDATA[STEP103]]>
    </line>
    <line>
      <![CDATA[STEP104]]>
    </line>
    <line>
      <![CDATA[STEP105]]>
    </line>
    <line>
      <![CDATA[STEP106]]>
    </line>
    <line>
      <![CDATA[STEP107]]>
    </line>
    <line>
      <![CDATA[STEP108]]>
    </line>
    <line>
      <![CDATA[STEP109]]>
    </line>
    <line>
      <![CDATA[STEP110]]>
    </line>
    <line>
      <![CDATA[STEP111]]>
    </line>
    <line>
      <![CDATA[STEP112]]>
    </line>
    <line>
      <![CDATA[STEP113]]>
    </line>
    <line>
      <![CDATA[STEP114]]>
    </line>
    <line>
      <![CDATA[STEP115]]>
    </line>
    <line>
      <![CDATA[STEP116]]>
    </line>
    <line>
      <![CDATA[STEP117]]>
    </line>
    <line>
      <![CDATA[STEP118]]>
    </line>
    <line>
      <![CDATA[STEP119]]>
    </line>
    <line>
      <![CDATA[STEP120]]>
    </line>
    <line>
      <![CDATA[STEP121]]>
    </line>
    <line>
      <![CDATA[STEP122]]>
    </line>
    <line>
      <![CDATA[STEP123]]>
    </line>
    <line>
      <![CDATA[STEP124]]>
    </line>
    <line>
      <![CDATA[STEP125]]>
    </line>
    <line>
      <![CDATA[STEP126]]>
    </line>
    <line>
      <![CDATA[STEP127]]>
    </line>
    <line>
      <![CDATA[STEP128]]>
    </line>
    <line>
      <![CDATA[STEP129]]>
    </line>
    <line>
      <![CDATA[STEP130]]>
    </line>
    <line>
      <![CDATA[STEP131]]>
    </line>
    <line>
      <![CDATA[STEP132]]>
    </line>
    <line>
      <![CDATA[STEP133]]>
    </line>
    <line>
      <![CDATA[STEP134]]>
    </line>
    <line>
      <![CDATA[STEP135]]>
    </line>
    <line>
      <![CDATA[STEP136]]>
    </line>
    <line>
      <![CDATA[STEP137]]>
    </line>
    <line>
      <![CDATA[STEP138]]>
    </line>
    <line>
      <![CDATA[STEP139]]>
    </line>
    <line>
      <![CDATA[STEP140]]>
    </line>
    <line>
      <![CDATA[STEP141]]>
    </line>
    <line>
      <![CDATA[STEP142]]>
    </line>
    <line>
      <![CDATA[STEP143]]>
    </line>
    <line>
      <![CDATA[STEP144]]>
    </line>
    <line>
      <![CDATA[STEP145]]>
    </line>
    <line>
      <![CDATA[STEP146]]>
    </line>
    <line>
      <![CDATA[STEP147]]>
    </line>
    <line>
      <![CDATA[STEP148]]>
    </line>
    <line>
      <![CDATA[STEP149]]>
    </line>
    <line>
      <![CDATA[STEP150]]>
    </line>
    <line>
      <![CDATA[STEP151]]>
    </line>
    <line>
      <![CDATA[STEP152]]>
    </line>
    <line>
      <![CDATA[STEP153]]>
    </line>
    <line>
      <![CDATA[STEP154]]>
    </line>
    <line>
      <![CDATA[STEP155]]>
    </line>
    <line>
      <![CDATA[STEP156]]>
    </line>
    <line>
      <![CDATA[STEP157]]>
    </line>
    <line>
      <![CDATA[STEP158]]>
    </line>
    <line>
      <![CDATA[STEP159]]>
    </line>
    <line>
      <![CDATA[STEP160]]>
    </line>
    <line>
      <![CDATA[STEP161]]>
    </line>
    <line>
      <![CDATA[STEP162]]>
    </line>
    <line>
      <![CDATA[STEP163]]>
    </line>
    <line>
      <![CDATA[STEP164]]>
    </line>
    <line>
      <![CDATA[STEP165]]>
    </line>
    <line>
      <![CDATA[STEP166]]>
    </line>
    <line>
      <![CDATA[STEP167]]>
    </line>
    <line>
      <![CDATA[STEP168]]>
    </line>
    <line>
      <![CDATA[STEP169]]>
    </line>
    <line>
      <![CDATA[STEP170]]>
    </line>
    <line>
      <![CDATA[STEP171]]>
    </line>
    <line>
      <![CDATA[STEP172]]>
    </line>
    <line>
      <![CDATA[STEP173]]>
    </line>
    <line>
      <![CDATA[STEP174]]>
    </line>
    <line>
      <![CDATA[STEP175]]>
    </line>
    <line>
      <![CDATA[STEP176]]>
    </line>
    <line>
      <![CDATA[STEP177]]>
    </line>
    <line>
      <![CDATA[STEP178]]>
    </line>
    <line>
      <![CDATA[STEP179]]>
    </line>
    <line>
      <![CDATA[STEP180]]>
    </line>
    <line>
      <![CDATA[STEP181]]>
    </line>
    <line>
      <![CDATA[STEP182]]>
    </line>
    <line>
      <![CDATA[STEP183]]>
    </line>
    <line>
      <![CDATA[STEP184]]>
    </line>
    <line>
      <![CDATA[STEP185]]>
    </line>
    <line>
      <![CDATA[STEP186]]>
    </line>
    <line>
      <![CDATA[STEP187]]>
    </line>
    <line>
      <![CDATA[STEP188]]>
    </line>
    <line>
      <![CDATA[STEP189]]>
    </line>
    <line>
      <![CDATA[STEP190]]>
    </line>
    <line>
      <![CDATA[STEP191]]>
    </line>
    <line>
      <![CDATA[STEP192]]>
    </line>
    <line>
      <![CDATA[STEP193]]>
    </line>
    <line>
      <![CDATA[STEP194]]>
    </line>
    <line>
      <![CDATA[STEP195]]>
    </line>
    <line>
      <![CDATA[STEP196]]>
    </line>
    <line>
      <![CDATA[STEP197]]>
    </line>
    <line>
      <![CDATA[STEP198]]>
    </line>
    <line>
      <![CDATA[STEP199]]>
    </line>
    <line>
      <![CDATA[STEP200]]>
    </line>
    <line>
      <![CDATA[STEP201]]>
    </line>
    <line>
      <![CDATA[STEP202]]>
    </line>
    <line>
      <![CDATA[STEP203]]>
    </line>
    <line>
      <![CDATA[STEP204]]>
    </line>
    <line>
      <![CDATA[STEP205]]>
    </line>
    <line>
      <![CDATA[STEP206]]>
    </line>
    <line>
      <![CDATA[STEP207]]>
    </line>
    <line>
      <![CDATA[STEP208]]>
    </line>
    <line>
      <![CDATA[STEP209]]>
    </line>
    <line>
      <![CDATA[STEP210]]>
    </line>
    <line>
      <![CDATA[STEP211]]>
    </line>
    <line>
      <![CDATA[STEP212]]>
    </line>
    <line>
      <![CDATA[STEP213]]>
    </line>
    <line>
      <![CDATA[STEP214]]>
    </line>
    <line>
      <![CDATA[STEP215]]>
    </line>
    <line>
      <![CDATA[STEP216]]>
    </line>
    <line>
      <![CDATA[STEP217]]>
    </line>
    <line>
      <![CDATA[STEP218]]>
    </line>
    <line>
      <![CDATA[STEP219]]>
    </line>
    <line>
      <![CDATA[STEP220]]>
    </line>
    <line>
      <![CDATA[STEP221]]>
    </line>
    <line>
      <![CDATA[STEP222]]>
    </line>
    <line>
      <![CDATA[STEP223]]>
    </line>
    <line>
      <![CDATA[STEP224]]>
    </line>
    <line>
      <![CDATA[STEP225]]>
    </line>
    <line>
      <![CDATA[STEP226]]>
    </line>
    <line>
      <![CDATA[STEP227]]>
    </line>
    <line>
      <![CDATA[STEP228]]>
    </line>
    <line>
      <![CDATA[STEP229]]>
    </line>
    <line>
      <![CDATA[STEP230]]>
    </line>
    <line>
      <![CDATA[STEP231]]>
    </line>
    <line>
      <![CDATA[STEP232]]>
    </line>
    <line>
      <![CDATA[STEP233]]>
    </line>
    <line>
      <![CDATA[STEP234]]>
    </line>
    <line>
      <![CDATA[STEP235]]>
    </line>
    <line>
      <![CDATA[STEP236]]>
    </line>
    <line>
      <![CDATA[STEP237]]>
    </line>
    <line>
      <![CDATA[STEP238]]>
    </line>
    <line>
      <![CDATA[STEP239]]>
    </line>
    <line>
      <![CDATA[STEP240]]>
    </line>
    <line>
      <![CDATA[STEP241]]>
    </line>
    <line>
      <![CDATA[STEP242]]>
    </line>
    <line>
      <![CDATA[STEP243]]>
    </line>
    <line>
      <![CDATA[STEP244]]>
    </line>
    <line>
      <![CDATA[STEP245]]>
    </line>
    <line>
      <![CDATA[STEP246]]>
    </line>
    <line>
      <![CDATA[STEP247]]>
    </line>
    <line>
      <![CDATA[STEP248]]>
    </line>
    <line>
      <![CDATA[STEP249]]>
    </line>
    <line>
      <![CDATA[STEP250]]>
    </line>
    <line>
      <![CDATA[STEP251]]>
    </line>
    <line>
      <![CDATA[STEP252]]>
    </line>
    <line>
      <![CDATA[STEP253]]>
    </line>
    <line>
      <![CDATA[STEP254]]>
    </line>
    <line>
      <![CDATA[STEP255]]>
    </line>
    <line>
      <![CDATA[STEP256]]>
    </line>
    <line>
      <![CDATA[STEP257]]>
    </line>
    <line>
      <![CDATA[STEP258]]>
    </line>
    <line>
      <![CDATA[STEP259]]>
    </line>
    <line>
      <![CDATA[STEP260]]>
    </line>
    <line>
      <![CDATA[STEP261]]>
    </line>
    <line>
      <![CDATA[STEP262]]>
    </line>
    <line>
      <![CDATA[STEP263]]>
    </line>
    <line>
      <![CDATA[STEP264]]>
    </line>
    <line>
      <![CDATA[STEP265]]>
    </line>
    <line>
      <![CDATA[STEP266]]>
    </line>
    <line>
      <![CDATA[STEP267]]>
    </line>
    <line>
      <![CDATA[STEP268]]>
    </line>
    <line>
      <![CDATA[STEP269]]>
    </line>
    <line>
      <![CDATA[STEP270]]>
    </line>
    <line>
      <![CDATA[STEP271]]>
    </line>
    <line>
      <![CDATA[STEP272]]>
    </line>
    <line>
      <![CDATA[STEP273]]>
    </line>
    <line>
      <![CDATA[STEP274]]>
    </line>
    <line>
      <![CDATA[STEP275]]>
    </line>
    <line>
      <![CDATA[STEP276]]>
    </line>
    <line>
      <![CDATA[STEP277]]>
    </line>
    <line>
      <![CDATA[STEP278]]>
    </line>
    <line>
      <![CDATA[STEP279]]>
    </line>
    <line>
      <![CDATA[STEP280]]>
    </line>
    <line>
      <![CDATA[STEP281]]>
    </line>
    <line>
      <![CDATA[STEP282]]>
    </line>
    <line>
      <![CDATA[STEP283]]>
    </line>
    <line>
      <![CDATA[STEP284]]>
    </line>
    <line>
      <![CDATA[STEP285]]>
    </line>
    <line>
      <![CDATA[STEP286]]>
    </line>
    <line>
      <![CDATA[STEP287]]>
    </line>
    <line>
      <![CDATA[STEP288]]>
    </line>
    <line>
      <![CDATA[STEP289]]>
    </line>
    <line>
      <![CDATA[STEP290]]>
    </line>
    <line>
      <![CDATA[STEP291]]>
    </line>
    <line>
      <![CDATA[STEP292]]>
    </line>
    <line>
      <![CDATA[STEP293]]>
    </line>
    <line>
      <![CDATA[STEP294]]>
    </line>
    <line>
      <![CDATA[STEP295]]>
    </line>
    <line>
      <![CDATA[STEP296]]>
    </line>
    <line>
      <![CDATA[STEP297]]>
    </line>
    <line>
      <![CDATA[STEP298]]>
    </line>
    <line>
      <![CDATA[STEP299]]>
    </line>
    <line>
      <![CDATA[STEP300]]>
    </line>
    <line>
      <![CDATA[STEP301]]>
    </line>
    <line>
      <![CDATA[STEP302]]>
    </line>
    <line>
      <![CDATA[STEP303]]>
    </line>
    <line>
      <![CDATA[STEP304]]>
    </line>
    <line>
      <![CDATA[STEP305]]>
    </line>
    <line>
      <![CDATA[STEP306]]>
    </line>
    <line>
      <![CDATA[STEP307]]>
    </line>
    <line>
      <![CDATA[STEP308]]>
    </line>
    <line>
      <![CDATA[STEP309]]>
    </line>
    <line>
      <![CDATA[STEP310]]>
    </line>
    <line>
      <![CDATA[STEP311]]>
    </line>
    <line>
      <![CDATA[STEP312]]>
    </line>
    <line>
      <![CDATA[STEP313]]>
    </line>
    <line>
      <![CDATA[STEP314]]>
    </line>
    <line>
      <![CDATA[STEP315]]>
    </line>
    <line>
      <![CDATA[STEP316]]>
    </line>
    <line>
      <![CDATA[STEP317]]>
    </line>
    <line>
      <![CDATA[STEP318]]>
    </line>
    <line>
      <![CDATA[STEP319]]>
    </line>
    <line>
      <![CDATA[STEP320]]>
    </line>
    <line>
      <![CDATA[STEP321]]>
    </line>
    <line>
      <![CDATA[STEP322]]>
    </line>
    <line>
      <![CDATA[STEP323]]>
    </line>
    <line>
      <![CDATA[STEP324]]>
    </line>
    <line>
      <![CDATA[STEP325]]>
    </line>
    <line>
      <![CDATA[STEP326]]>
    </line>
    <line>
      <![CDATA[STEP327]]>
    </line>
    <line>
      <![CDATA[STEP328]]>
    </line>
    <line>
      <![CDATA[STEP329]]>
    </line>
    <line>
      <![CDATA[STEP330]]>
    </line>
    <line>
      <![CDATA[STEP331]]>
    </line>
    <line>
      <![CDATA[STEP332]]>
    </line>
    <line>
      <![CDATA[STEP333]]>
    </line>
    <line>
      <![CDATA[STEP334]]>
    </line>
    <line>
      <![CDATA[STEP335]]>
    </line>
    <line>
      <![CDATA[STEP336]]>
    </line>
    <line>
      <![CDATA[STEP337]]>
    </line>
    <line>
      <![CDATA[STEP338]]>
    </line>
    <line>
      <![CDATA[STEP339]]>
    </line>
    <line>
      <![CDATA[STEP340]]>
    </line>
    <line>
      <![CDATA[STEP341]]>
    </line>
    <line>
      <![CDATA[STEP342]]>
    </line>
    <line>
      <![CDATA[STEP343]]>
    </line>
    <line>
      <![CDATA[STEP344]]>
    </line>
    <line>
      <![CDATA[STEP345]]>
    </line>
    <line>
      <![CDATA[STEP346]]>
    </line>
    <line>
      <![CDATA[STEP347]]>
    </line>
    <line>
      <![CDATA[STEP348]]>
    </line>
    <line>
      <![CDATA[STEP349]]>
    </line>
    <line>
      <![CDATA[STEP350]]>
    </line>
    <line>
      <![CDATA[STEP351]]>
    </line>
    <line>
      <![CDATA[STEP352]]>
    </line>
    <line>
      <![CDATA[STEP353]]>
    </line>
    <line>
      <![CDATA[STEP354]]>
    </line>
    <line>
      <![CDATA[STEP355]]>
    </line>
    <line>
      <![CDATA[STEP356]]>
    </line>
    <line>
      <![CDATA[STEP357]]>
    </line>
    <line>
      <![CDATA[STEP358]]>
    </line>
    <line>
      <![CDATA[STEP359]]>
    </line>
    <line>
      <![CDATA[STEP360]]>
    </line>
    <line>
      <![CDATA[STEP361]]>
    </line>
    <line>
      <![CDATA[STEP362]]>
    </line>
    <line>
      <![CDATA[STEP363]]>
    </line>
    <line>
      <![CDATA[STEP364]]>
    </line>
    <line>
      <![CDATA[STEP365]]>
    </line>
    <line>
      <![CDATA[STEP366]]>
    </line>
    <line>
      <![CDATA[STEP367]]>
    </line>
    <line>
      <![CDATA[STEP368]]>
    </line>
    <line>
      <![CDATA[STEP369]]>
    </line>
    <line>
      <![CDATA[STEP370]]>
    </line>
    <line>
      <![CDATA[STEP371]]>
    </line>
    <line>
      <![CDATA[STEP372]]>
    </line>
    <line>
      <![CDATA[STEP373]]>
    </line>
    <line>
      <![CDATA[STEP374]]>
    </line>
    <line>
      <![CDATA[STEP375]]>
    </line>
    <line>
      <![CDATA[STEP376]]>
    </line>
    <line>
      <![CDATA[STEP377]]>
    </line>
    <line>
      <![CDATA[STEP378]]>
    </line>
    <line>
      <![CDATA[STEP379]]>
    </line>
    <line>
      <![CDATA[STEP380]]>
    </line>
    <line>
      <![CDATA[STEP381]]>
    </line>
    <line>
      <![CDATA[STEP382]]>
    </line>
    <line>
      <![CDATA[STEP383]]>
    </line>
    <line>
      <![CDATA[STEP384]]>
    </line>
    <line>
      <![CDATA[STEP385]]>
    </line>
    <line>
      <![CDATA[STEP386]]>
    </line>
    <line>
      <![CDATA[STEP387]]>
    </line>
    <line>
      <![CDATA[STEP388]]>
    </line>
    <line>
      <![CDATA[STEP389]]>
    </line>
    <line>
      <![CDATA[STEP390]]>
    </line>
    <line>
      <![CDATA[STEP391]]>
    </line>
    <line>
      <![CDATA[STEP392]]>
    </line>
    <line>
      <![CDATA[STEP393]]>
    </line>
    <line>
      <![CDATA[STEP394]]>
    </line>
    <line>
      <![CDATA[STEP395]]>
    </line>
    <line>
      <![CDATA[STEP396]]>
    </line>
    <line>
      <![CDATA[STEP397]]>
    </line>
    <line>
      <![CDATA[STEP398]]>
    </line>
    <line>
      <![CDATA[STEP399]]>
    </line>
    <line>
      <![CDATA[STEP400]]>
    </line>
    <line>
      <![CDATA[STEP401]]>
    </line>
    <line>
      <![CDATA[STEP402]]>
    </line>
    <line>
      <![CDATA[STEP403]]>
    </line>
    <line>
      <![CDATA[STEP404]]>
    </line>
    <line>
      <![CDATA[STEP405]]>
    </line>
    <line>
      <![CDATA[STEP406]]>
    </line>
    <line>
      <![CDATA[STEP407]]>
    </line>
    <line>
      <![CDATA[STEP408]]>
    </line>
    <line>
      <![CDATA[STEP409]]>
    </line>
    <line>
      <![CDATA[STEP410]]>
    </line>
    <line>
      <![CDATA[STEP411]]>
    </line>
    <line>
      <![CDATA[STEP412]]>
    </line>
    <line>
      <![CDATA[STEP413]]>
    </line>
    <line>
      <![CDATA[STEP414]]>
    </line>
    <line>
      <![CDATA[STEP415]]>
    </line>
    <line>
      <![CDATA[STEP416]]>
    </line>
    <line>
      <![CDATA[STEP417]]>
    </line>
    <line>
      <![CDATA[STEP418]]>
    </line>
    <line>
      <![CDATA[STEP419]]>
    </line>
    <line>
      <![CDATA[STEP420]]>
    </line>
    <line>
      <![CDATA[STEP421]]>
    </line>
    <line>
      <![CDATA[STEP422]]>
    </line>
    <line>
      <![CDATA[STEP423]]>
    </line>
    <line>
      <![CDATA[STEP424]]>
    </line>
    <line>
      <![CDATA[STEP425]]>
    </line>
    <line>
      <![CDATA[STEP426]]>
    </line>
    <line>
      <![CDATA[STEP427]]>
    </line>
    <line>
      <![CDATA[STEP428]]>
    </line>
    <line>
      <![CDATA[STEP429]]>
    </line>
    <line>
      <![CDATA[STEP430]]>
    </line>
    <line>
      <![CDATA[STEP431]]>
    </line>
    <line>
      <![CDATA[STEP432]]>
    </line>
    <line>
      <![CDATA[STEP433]]>
    </line>
    <line>
      <![CDATA[STEP434]]>
    </line>
    <line>
      <![CDATA[STEP435]]>
    </line>
    <line>
      <![CDATA[STEP436]]>
    </line>
    <line>
      <![CDATA[STEP437]]>
    </line>
    <line>
      <![CDATA[STEP438]]>
    </line>
    <line>
      <![CDATA[STEP439]]>
    </line>
    <line>
      <![CDATA[STEP440]]>
    </line>
    <line>
      <![CDATA[STEP441]]>
    </line>
    <line>
      <![CDATA[STEP442]]>
    </line>
    <line>
      <![CDATA[STEP443]]>
    </line>
    <line>
      <![CDATA[STEP444]]>
    </line>
    <line>
      <![CDATA[STEP445]]>
    </line>
    <line>
      <![CDATA[STEP446]]>
    </line>
    <line>
      <![CDATA[STEP447]]>
    </line>
    <line>
      <![CDATA[STEP448]]>
    </line>
    <line>
      <![CDATA[STEP449]]>
    </line>
    <line>
      <![CDATA[STEP450]]>
    </line>
    <line>
      <![CDATA[STEP451]]>
    </line>
    <line>
      <![CDATA[STEP452]]>
    </line>
    <line>
      <![CDATA[STEP453]]>
    </line>
    <line>
      <![CDATA[STEP454]]>
    </line>
    <line>
      <![CDATA[STEP455]]>
    </line>
    <line>
      <![CDATA[STEP456]]>
    </line>
    <line>
      <![CDATA[STEP457]]>
    </line>
    <line>
      <![CDATA[STEP458]]>
    </line>
    <line>
      <![CDATA[STEP459]]>
    </line>
    <line>
      <![CDATA[STEP460]]>
    </line>
    <line>
      <![CDATA[STEP461]]>
    </line>
    <line>
      <![CDATA[STEP462]]>
    </line>
    <line>
      <![CDATA[STEP463]]>
    </line>
    <line>
      <![CDATA[STEP464]]>
    </line>
    <line>
      <![CDATA[STEP465]]>
    </line>
    <line>
      <![CDATA[STEP466]]>
    </line>
    <line>
      <![CDATA[STEP467]]>
    </line>
    <line>
      <![CDATA[STEP468]]>
    </line>
    <line>
      <![CDATA[STEP469]]>
    </line>
    <line>
      <![CDATA[STEP470]]>
    </line>
    <line>
      <![CDATA[STEP471]]>
    </line>
    <line>
      <![CDATA[STEP472]]>
    </line>
    <line>
      <![CDATA[STEP473]]>
    </line>
    <line>
      <![CDATA[STEP474]]>
    </line>
    <line>
      <![CDATA[STEP475]]>
    </line>
    <line>
      <![CDATA[STEP476]]>
    </line>
    <line>
      <![CDATA[STEP477]]>
    </line>
    <line>
      <![CDATA[STEP478]]>
    </line>
    <line>
      <![CDATA[STEP479]]>
    </line>
    <line>
      <![CDATA[STEP480]]>
    </line>
    <line>
      <![CDATA[STEP481]]>
    </line>
    <line>
      <![CDATA[STEP482]]>
    </line>
    <line>
      <![CDATA[STEP483]]>
    </line>
    <line>
      <![CDATA[STEP484]]>
    </line>
    <line>
      <![CDATA[STEP485]]>
    </line>
    <line>
      <![CDATA[STEP486]]>
    </line>
    <line>
      <![CDATA[STEP487]]>
    </line>
    <line>
      <![CDATA[STEP488]]>
    </line>
    <line>
      <![CDATA[STEP489]]>
    </line>
    <line>
      <![CDATA[STEP490]]>
    </line>
    <line>
      <![CDATA[STEP491]]>
    </line>
    <line>
      <![CDATA[STEP492]]>
    </line>
    <line>
      <![CDATA[STEP493]]>
    </line>
    <line>
      <![CDATA[STEP494]]>
    </line>
    <line>
      <![CDATA[STEP495]]>
    </line>
    <line>
      <![CDATA[STEP496]]>
    </line>
    <line>
      <![CDATA[STEP497]]>
    </line>
    <line>
      <![CDATA[STEP498]]>
    </line>
    <line>
      <![CDATA[STEP499]]>
    </line>
    <line>
      <![CDATA[STEP500]]>
    </line>
    <line>
      <![CDATA[STEP501]]>
    </line>
    <line>
      <![CDATA[STEP502]]>
    </line>
    <line>
      <![CDATA[STEP503]]>
    </line>
    <line>
      <![CDATA[STEP504]]>
    </line>
    <line>
      <![CDATA[STEP505]]>
    </line>
    <line>
      <![CDATA[STEP506]]>
    </line>
    <line>
      <![CDATA[STEP507]]>
    </line>
    <line>
      <![CDATA[STEP508]]>
    </line>
    <line>
      <![CDATA[STEP509]]>
    </line>
    <line>
      <![CDATA[STEP510]]>
    </line>
    <line>
      <![CDATA[STEP511]]>
    </line>
    <line>
      <![CDATA[STEP512]]>
    </line>
    <line>
      <![CDATA[STEP513]]>
    </line>
    <line>
      <![CDATA[STEP514]]>
    </line>
    <line>
      <![CDATA[STEP515]]>
    </line>
    <line>
      <![CDATA[STEP516]]>
    </line>
    <line>
      <![CDATA[STEP517]]>
    </line>
    <line>
      <![CDATA[STEP518]]>
    </line>
    <line>
      <![CDATA[STEP519]]>
    </line>
    <line>
      <![CDATA[STEP520]]>
    </line>
    <line>
      <![CDATA[STEP521]]>
    </line>
    <line>
      <![CDATA[STEP522]]>
    </line>
    <line>
      <![CDATA[STEP523]]>
    </line>
    <line>
      <![CDATA[STEP524]]>
    </line>
    <line>
      <![CDATA[STEP525]]>
    </line>
    <line>
      <![CDATA[STEP526]]>
    </line>
    <line>
      <![CDATA[STEP527]]>
    </line>
    <line>
      <![CDATA[STEP528]]>
    </line>
    <line>
      <![CDATA[STEP529]]>
    </line>
    <line>
      <![CDATA[STEP530]]>
    </line>
    <line>
      <![CDATA[STEP531]]>
    </line>
    <line>
      <![CDATA[STEP532]]>
    </line>
    <line>
      <![CDATA[STEP533]]>
    </line>
    <line>
      <![CDATA[STEP534]]>
    </line>
    <line>
      <![CDATA[STEP535]]>
    </line>
    <line>
      <![CDATA[STEP536]]>
    </line>
    <line>
      <![CDATA[STEP537]]>
    </line>
    <line>
      <![CDATA[STEP538]]>
    </line>
    <line>
      <![CDATA[STEP539]]>
    </line>
    <line>
      <![CDATA[STEP540]]>
    </line>
    <line>
      <![CDATA[STEP541]]>
    </line>
    <line>
      <![CDATA[STEP542]]>
    </line>
    <line>
      <![CDATA[STEP543]]>
    </line>
    <line>
      <![CDATA[STEP544]]>
    </line>
    <line>
      <![CDATA[STEP545]]>
    </line>
    <line>
      <![CDATA[STEP546]]>
    </line>
    <line>
      <![CDATA[STEP547]]>
    </line>
    <line>
      <![CDATA[STEP548]]>
    </line>
    <line>
      <![CDATA[STEP549]]>
    </line>
    <line>
      <![CDATA[STEP550]]>
    </line>
    <line>
      <![CDATA[STEP551]]>
    </line>
    <line>
      <![CDATA[STEP552]]>
    </line>
    <line>
      <![CDATA[STEP553]]>
    </line>
    <line>
      <![CDATA[STEP554]]>
    </line>
    <line>
      <![CDATA[STEP555]]>
    </line>
    <line>
      <![CDATA[STEP556]]>
    </line>
    <line>
      <![CDATA[STEP557]]>
    </line>
    <line>
      <![CDATA[STEP558]]>
    </line>
    <line>
      <![CDATA[STEP559]]>
    </line>
    <line>
      <![CDATA[STEP560]]>
    </line>
    <line>
      <![CDATA[STEP561]]>
    </line>
    <line>
      <![CDATA[STEP562]]>
    </line>
    <line>
      <![CDATA[STEP563]]>
    </line>
    <line>
      <![CDATA[STEP564]]>
    </line>
    <line>
      <![CDATA[STEP565]]>
    </line>
    <line>
      <![CDATA[STEP566]]>
    </line>
    <line>
      <![CDATA[STEP567]]>
    </line>
    <line>
      <![CDATA[STEP568]]>
    </line>
    <line>
      <![CDATA[STEP569]]>
    </line>
    <line>
      <![CDATA[STEP570]]>
    </line>
    <line>
      <![CDATA[STEP571]]>
    </line>
    <line>
      <![CDATA[STEP572]]>
    </line>
    <line>
      <![CDATA[STEP573]]>
    </line>
    <line>
      <![CDATA[STEP574]]>
    </line>
    <line>
      <![CDATA[STEP575]]>
    </line>
    <line>
      <![CDATA[STEP576]]>
    </line>
    <line>
      <![CDATA[STEP577]]>
    </line>
    <line>
      <![CDATA[STEP578]]>
    </line>
    <line>
      <![CDATA[STEP579]]>
    </line>
    <line>
      <![CDATA[STEP580]]>
    </line>
    <line>
      <![CDATA[STEP581]]>
    </line>
    <line>
      <![CDATA[STEP582]]>
    </line>
    <line>
      <![CDATA[STEP583]]>
    </line>
    <line>
      <![CDATA[STEP584]]>
    </line>
    <line>
      <![CDATA[STEP585]]>
    </line>
    <line>
      <![CDATA[STEP586]]>
    </line>
    <line>
      <![CDATA[STEP587]]>
    </line>
    <line>
      <![CDATA[STEP588]]>
    </line>
    <line>
      <![CDATA[STEP589]]>
    </line>
    <line>
      <![CDATA[STEP590]]>
    </line>
    <line>
      <![CDATA[STEP591]]>
    </line>
    <line>
      <![CDATA[STEP592]]>
    </line>
    <line>
      <![CDATA[STEP593]]>
    </line>
    <line>
      <![CDATA[STEP594]]>
    </line>
    <line>
      <![CDATA[STEP595]]>
    </line>
    <line>
      <![CDATA[STEP596]]>
    </line>
    <line>
      <![CDATA[STEP597]]>
    </line>
    <line>
      <![CDATA[STEP598]]>
    </line>
    <line>
      <![CDATA[STEP599]]>
    </line>
    <line>
      <![CDATA[STEP600]]>
    </line>
    <line>
      <![CDATA[STEP601]]>
    </line>
    <line>
      <![CDATA[STEP602]]>
    </line>
    <line>
      <![CDATA[STEP603]]>
    </line>
    <line>
      <![CDATA[STEP604]]>
    </line>
    <line>
      <![CDATA[STEP605]]>
    </line>
    <line>
      <![CDATA[STEP606]]>
    </line>
    <line>
      <![CDATA[STEP607]]>
    </line>
    <line>
      <![CDATA[STEP608]]>
    </line>
    <line>
      <![CDATA[STEP609]]>
    </line>
    <line>
      <![CDATA[STEP610]]>
    </line>
    <line>
      <![CDATA[STEP611]]>
    </line>
    <line>
      <![CDATA[STEP612]]>
    </line>
    <line>
      <![CDATA[STEP613]]>
    </line>
    <line>
      <![CDATA[STEP614]]>
    </line>
    <line>
      <![CDATA[STEP615]]>
    </line>
    <line>
      <![CDATA[STEP616]]>
    </line>
    <line>
      <![CDATA[STEP617]]>
    </line>
    <line>
      <![CDATA[STEP618]]>
    </line>
    <line>
      <![CDATA[STEP619]]>
    </line>
    <line>
      <![CDATA[STEP620]]>
    </line>
    <line>
      <![CDATA[STEP621]]>
    </line>
    <line>
      <![CDATA[STEP622]]>
    </line>
    <line>
      <![CDATA[STEP623]]>
    </line>
    <line>
      <![CDATA[STEP624]]>
    </line>
    <line>
      <![CDATA[STEP625]]>
    </line>
    <line>
      <![CDATA[STEP626]]>
    </line>
    <line>
      <![CDATA[STEP627]]>
    </line>
    <line>
      <![CDATA[STEP628]]>
    </line>
    <line>
      <![CDATA[STEP629]]>
    </line>
    <line>
      <![CDATA[STEP630]]>
    </line>
    <line>
      <![CDATA[STEP631]]>
    </line>
    <line>
      <![CDATA[STEP632]]>
    </line>
    <line>
      <![CDATA[STEP633]]>
    </line>
    <line>
      <![CDATA[STEP634]]>
    </line>
    <line>
      <![CDATA[STEP635]]>
    </line>
    <line>
      <![CDATA[STEP636]]>
    </line>
    <line>
      <![CDATA[STEP637]]>
    </line>
    <line>
      <![CDATA[STEP638]]>
    </line>
    <line>
      <![CDATA[STEP639]]>
    </line>
    <line>
      <![CDATA[STEP640]]>
    </line>
    <line>
      <![CDATA[STEP641]]>
    </line>
    <line>
      <![CDATA[STEP642]]>
    </line>
    <line>
      <![CDATA[STEP643]]>
    </line>
    <line>
      <![CDATA[STEP644]]>
    </line>
    <line>
      <![CDATA[STEP645]]>
    </line>
    <line>
      <![CDATA[STEP646]]>
    </line>
    <line>
      <![CDATA[STEP647]]>
    </line>
    <line>
      <![CDATA[STEP648]]>
    </line>
    <line>
      <![CDATA[STEP649]]>
    </line>
    <line>
      <![CDATA[STEP650]]>
    </line>
    <line>
      <![CDATA[STEP651]]>
    </line>
    <line>
      <![CDATA[STEP652]]>
    </line>
    <line>
      <![CDATA[STEP653]]>
    </line>
    <line>
      <![CDATA[STEP654]]>
    </line>
    <line>
      <![CDATA[STEP655]]>
    </line>
    <line>
      <![CDATA[STEP656]]>
    </line>
    <line>
      <![CDATA[STEP657]]>
    </line>
    <line>
      <![CDATA[STEP658]]>
    </line>
    <line>
      <![CDATA[STEP659]]>
    </line>
    <line>
      <![CDATA[STEP660]]>
    </line>
    <line>
      <![CDATA[STEP661]]>
    </line>
    <line>
      <![CDATA[STEP662]]>
    </line>
    <line>
      <![CDATA[STEP663]]>
    </line>
    <line>
      <![CDATA[STEP664]]>
    </line>
    <line>
      <![CDATA[STEP665]]>
    </line>
    <line>
      <![CDATA[STEP666]]>
    </line>
    <line>
      <![CDATA[STEP667]]>
    </line>
    <line>
      <![CDATA[STEP668]]>
    </line>
    <line>
      <![CDATA[STEP669]]>
    </line>
    <line>
      <![CDATA[STEP670]]>
    </line>
    <line>
      <![CDATA[STEP671]]>
    </line>
    <line>
      <![CDATA[STEP672]]>
    </line>
    <line>
      <![CDATA[STEP673]]>
    </line>
    <line>
      <![CDATA[STEP674]]>
    </line>
    <line>
      <![CDATA[STEP675]]>
    </line>
    <line>
      <![CDATA[STEP676]]>
    </line>
    <line>
      <![CDATA[STEP677]]>
    </line>
    <line>
      <![CDATA[STEP678]]>
    </line>
    <line>
      <![CDATA[STEP679]]>
    </line>
    <line>
      <![CDATA[STEP680]]>
    </line>
    <line>
      <![CDATA[STEP681]]>
    </line>
    <line>
      <![CDATA[STEP682]]>
    </line>
    <line>
      <![CDATA[STEP683]]>
    </line>
    <line>
      <![CDATA[STEP684]]>
    </line>
    <line>
      <![CDATA[STEP685]]>
    </line>
    <line>
      <![CDATA[STEP686]]>
    </line>
    <line>
      <![CDATA[STEP687]]>
    </line>
    <line>
      <![CDATA[STEP688]]>
    </line>
    <line>
      <![CDATA[STEP689]]>
    </line>
    <line>
      <![CDATA[STEP690]]>
    </line>
    <line>
      <![CDATA[STEP691]]>
    </line>
    <line>
      <![CDATA[STEP692]]>
    </line>
    <line>
      <![CDATA[STEP693]]>
    </line>
    <line>
      <![CDATA[STEP694]]>
    </line>
    <line>
      <![CDATA[STEP695]]>
    </line>
    <line>
      <![CDATA[STEP696]]>
    </line>
    <line>
      <![CDATA[STEP697]]>
    </line>
    <line>
      <![CDATA[STEP698]]>
    </line>
    <line>
      <![CDATA[STEP699]]>
    </line>
    <line>
      <![CDATA[STEP700]]>
    </line>
    <line>
      <![CDATA[STEP701]]>
    </line>
    <line>
      <![CDATA[STEP702]]>
    </line>
    <line>
      <![CDATA[STEP703]]>
    </line>
    <line>
      <![CDATA[STEP704]]>
    </line>
    <line>
      <![CDATA[STEP705]]>
    </line>
    <line>
      <![CDATA[STEP706]]>
    </line>
    <line>
      <![CDATA[STEP707]]>
    </line>
    <line>
      <![CDATA[STEP708]]>
    </line>
    <line>
      <![CDATA[STEP709]]>
    </line>
    <line>
      <![CDATA[STEP710]]>
    </line>
    <line>
      <![CDATA[STEP711]]>
    </line>
    <line>
      <![CDATA[STEP712]]>
    </line>
    <line>
      <![CDATA[STEP713]]>
    </line>
    <line>
      <![CDATA[STEP714]]>
    </line>
    <line>
      <![CDATA[STEP715]]>
    </line>
    <line>
      <![CDATA[STEP716]]>
    </line>
    <line>
      <![CDATA[STEP717]]>
    </line>
    <line>
      <![CDATA[STEP718]]>
    </line>
    <line>
      <![CDATA[STEP719]]>
    </line>
    <line>
      <![CDATA[STEP720]]>
    </line>
    <line>
      <![CDATA[STEP721]]>
    </line>
    <line>
      <![CDATA[STEP722]]>
    </line>
    <line>
      <![CDATA[STEP723]]>
    </line>
    <line>
      <![CDATA[STEP724]]>
    </line>
    <line>
      <![CDATA[STEP725]]>
    </line>
    <line>
      <![CDATA[STEP726]]>
    </line>
    <line>
      <![CDATA[STEP727]]>
    </line>
    <line>
      <![CDATA[STEP728]]>
    </line>
    <line>
      <![CDATA[STEP729]]>
    </line>
    <line>
      <![CDATA[STEP730]]>
    </line>
    <line>
      <![CDATA[STEP731]]>
    </line>
    <line>
      <![CDATA[STEP732]]>
    </line>
    <line>
      <![CDATA[STEP733]]>
    </line>
    <line>
      <![CDATA[STEP734]]>
    </line>
    <line>
      <![CDATA[STEP735]]>
    </line>
    <line>
      <![CDATA[STEP736]]>
    </line>
    <line>
      <![CDATA[STEP737]]>
    </line>
    <line>
      <![CDATA[STEP738]]>
    </line>
    <line>
      <![CDATA[STEP739]]>
    </line>
    <line>
      <![CDATA[STEP740]]>
    </line>
    <line>
      <![CDATA[STEP741]]>
    </line>
    <line>
      <![CDATA[STEP742]]>
    </line>
    <line>
      <![CDATA[STEP743]]>
    </line>
    <line>
      <![CDATA[STEP744]]>
    </line>
    <line>
      <![CDATA[STEP745]]>
    </line>
    <line>
      <![CDATA[STEP746]]>
    </line>
    <line>
      <![CDATA[STEP747]]>
    </line>
    <line>
      <![CDATA[STEP748]]>
    </line>
    <line>
      <![CDATA[STEP749]]>
    </line>
    <line>
      <![CDATA[STEP750]]>
    </line>
    <line>
      <![CDATA[STEP751]]>
    </line>
    <line>
      <![CDATA[STEP752]]>
    </line>
    <line>
      <![CDATA[STEP753]]>
    </line>
    <line>
      <![CDATA[STEP754]]>
    </line>
    <line>
      <![CDATA[STEP755]]>
    </line>
    <line>
      <![CDATA[STEP756]]>
    </line>
    <line>
      <![CDATA[STEP757]]>
    </line>
    <line>
      <![CDATA[STEP758]]>
    </line>
    <line>
      <![CDATA[STEP759]]>
    </line>
    <line>
      <![CDATA[STEP760]]>
    </line>
    <line>
      <![CDATA[STEP761]]>
    </line>
    <line>
      <![CDATA[STEP762]]>
    </line>
    <line>
      <![CDATA[STEP763]]>
    </line>
    <line>
      <![CDATA[STEP764]]>
    </line>
    <line>
      <![CDATA[STEP765]]>
    </line>
    <line>
      <![CDATA[STEP766]]>
    </line>
    <line>
      <![CDATA[STEP767]]>
    </line>
    <line>
      <![CDATA[STEP768]]>
    </line>
    <line>
      <![CDATA[STEP769]]>
    </line>
    <line>
      <![CDATA[STEP770]]>
    </line>
    <line>
      <![CDATA[STEP771]]>
    </line>
    <line>
      <![CDATA[STEP772]]>
    </line>
    <line>
      <![CDATA[STEP773]]>
    </line>
    <line>
      <![CDATA[STEP774]]>
    </line>
    <line>
      <![CDATA[STEP775]]>
    </line>
    <line>
      <![CDATA[STEP776]]>
    </line>
    <line>
      <![CDATA[STEP777]]>
    </line>
    <line>
      <![CDATA[STEP778]]>
    </line>
    <line>
      <![CDATA[STEP779]]>
    </line>
    <line>
      <![CDATA[STEP780]]>
    </line>
    <line>
      <![CDATA[STEP781]]>
    </line>
    <line>
      <![CDATA[STEP782]]>
    </line>
    <line>
      <![CDATA[STEP783]]>
    </line>
    <line>
      <![CDATA[STEP784]]>
    </line>
    <line>
      <![CDATA[STEP785]]>
    </line>
    <line>
      <![CDATA[STEP786]]>
    </line>
    <line>
      <![CDATA[STEP787]]>
    </line>
    <line>
      <![CDATA[STEP788]]>
    </line>
    <line>
      <![CDATA[STEP789]]>
    </line>
    <line>
      <![CDATA[STEP790]]>
    </line>
    <line>
      <![CDATA[STEP791]]>
    </line>
    <line>
      <![CDATA[STEP792]]>
    </line>
    <line>
      <![CDATA[STEP793]]>
    </line>
    <line>
      <![CDATA[STEP794]]>
    </line>
    <line>
      <![CDATA[STEP795]]>
    </line>
    <line>
      <![CDATA[STEP796]]>
    </line>
    <line>
      <![CDATA[STEP797]]>
    </line>
    <line>
      <![CDATA[STEP798]]>
    </line>
    <line>
      <![CDATA[STEP799]]>
    </line>
    <line>
      <![CDATA[STEP800]]>
    </line>
    <line>
      <![CDATA[STEP801]]>
    </line>
    <line>
      <![CDATA[STEP802]]>
    </line>
    <line>
      <![CDATA[STEP803]]>
    </line>
    <line>
      <![CDATA[STEP804]]>
    </line>
    <line>
      <![CDATA[STEP805]]>
    </line>
    <line>
      <![CDATA[STEP806]]>
    </line>
    <line>
      <![CDATA[STEP807]]>
    </line>
    <line>
      <![CDATA[STEP808]]>
    </line>
    <line>
      <![CDATA[STEP809]]>
    </line>
    <line>
      <![CDATA[STEP810]]>
    </line>
    <line>
      <![CDATA[STEP811]]>
    </line>
    <line>
      <![CDATA[STEP812]]>
    </line>
    <line>
      <![CDATA[STEP813]]>
    </line>
    <line>
      <![CDATA[STEP814]]>
    </line>
    <line>
      <![CDATA[STEP815]]>
    </line>
    <line>
      <![CDATA[STEP816]]>
    </line>
    <line>
      <![CDATA[STEP817]]>
    </line>
    <line>
      <![CDATA[STEP818]]>
    </line>
    <line>
      <![CDATA[STEP819]]>
    </line>
    <line>
      <![CDATA[STEP820]]>
    </line>
    <line>
      <![CDATA[STEP821]]>
    </line>
    <line>
      <![CDATA[STEP822]]>
    </line>
    <line>
      <![CDATA[STEP823]]>
    </line>
    <line>
      <![CDATA[STEP824]]>
    </line>
    <line>
      <![CDATA[STEP825]]>
    </line>
    <line>
      <![CDATA[STEP826]]>
    </line>
    <line>
      <![CDATA[STEP827]]>
    </line>
    <line>
      <![CDATA[STEP828]]>
    </line>
    <line>
      <![CDATA[STEP829]]>
    </line>
    <line>
      <![CDATA[STEP830]]>
    </line>
    <line>
      <![CDATA[STEP831]]>
    </line>
    <line>
      <![CDATA[STEP832]]>
    </line>
    <line>
      <![CDATA[STEP833]]>
    </line>
    <line>
      <![CDATA[STEP834]]>
    </line>
    <line>
      <![CDATA[STEP835]]>
    </line>
    <line>
      <![CDATA[STEP836]]>
    </line>
    <line>
      <![CDATA[STEP837]]>
    </line>
    <line>
      <![CDATA[STEP838]]>
    </line>
    <line>
      <![CDATA[STEP839]]>
    </line>
    <line>
      <![CDATA[STEP840]]>
    </line>
    <line>
      <![CDATA[STEP841]]>
    </line>
    <line>
      <![CDATA[STEP842]]>
    </line>
    <line>
      <![CDATA[STEP843]]>
    </line>
    <line>
      <![CDATA[STEP844]]>
    </line>
    <line>
      <![CDATA[STEP845]]>
    </line>
    <line>
      <![CDATA[STEP846]]>
    </line>
    <line>
      <![CDATA[STEP847]]>
    </line>
    <line>
      <![CDATA[STEP848]]>
    </line>
    <line>
      <![CDATA[STEP849]]>
    </line>
    <line>
      <![CDATA[STEP850]]>
    </line>
    <line>
      <![CDATA[STEP851]]>
    </line>
    <line>
      <![CDATA[STEP852]]>
    </line>
    <line>
      <![CDATA[STEP853]]>
    </line>
    <line>
      <![CDATA[STEP854]]>
    </line>
    <line>
      <![CDATA[STEP855]]>
    </line>
    <line>
      <![CDATA[STEP856]]>
    </line>
    <line>
      <![CDATA[STEP857]]>
    </line>
    <line>
      <![CDATA[STEP858]]>
    </line>
    <line>
      <![CDATA[STEP859]]>
    </line>
    <line>
      <![CDATA[STEP860]]>
    </line>
    <line>
      <![CDATA[STEP861]]>
    </line>
    <line>
      <![CDATA[STEP862]]>
    </line>
    <line>
      <![CDATA[STEP863]]>
    </line>
    <line>
      <![CDATA[STEP864]]>
    </line>
    <line>
      <![CDATA[STEP865]]>
    </line>
    <line>
      <![CDATA[STEP866]]>
    </line>
    <line>
      <![CDATA[STEP867]]>
    </line>
    <line>
      <![CDATA[STEP868]]>
    </line>
    <line>
      <![CDATA[STEP869]]>
    </line>
    <line>
      <![CDATA[STEP870]]>
    </line>
    <line>
      <![CDATA[STEP871]]>
    </line>
    <line>
      <![CDATA[STEP872]]>
    </line>
    <line>
      <![CDATA[STEP873]]>
    </line>
    <line>
      <![CDATA[STEP874]]>
    </line>
    <line>
      <![CDATA[STEP875]]>
    </line>
    <line>
      <![CDATA[STEP876]]>
    </line>
    <line>
      <![CDATA[STEP877]]>
    </line>
    <line>
      <![CDATA[STEP878]]>
    </line>
    <line>
      <![CDATA[STEP879]]>
    </line>
    <line>
      <![CDATA[STEP880]]>
    </line>
    <line>
      <![CDATA[STEP881]]>
    </line>
    <line>
      <![CDATA[STEP882]]>
    </line>
    <line>
      <![CDATA[STEP883]]>
    </line>
    <line>
      <![CDATA[STEP884]]>
    </line>
    <line>
      <![CDATA[STEP885]]>
    </line>
    <line>
      <![CDATA[STEP886]]>
    </line>
    <line>
      <![CDATA[STEP887]]>
    </line>
    <line>
      <![CDATA[STEP888]]>
    </line>
    <line>
      <![CDATA[STEP889]]>
    </line>
    <line>
      <![CDATA[STEP890]]>
    </line>
    <line>
      <![CDATA[STEP891]]>
    </line>
    <line>
      <![CDATA[STEP892]]>
    </line>
    <line>
      <![CDATA[STEP893]]>
    </line>
    <line>
      <![CDATA[STEP894]]>
    </line>
    <line>
      <![CDATA[STEP895]]>
    </line>
    <line>
      <![CDATA[STEP896]]>
    </line>
    <line>
      <![CDATA[STEP897]]>
    </line>
    <line>
      <![CDATA[STEP898]]>
    </line>
    <line>
      <![CDATA[STEP899]]>
    </line>
    <line>
      <![CDATA[STEP900]]>
    </line>
    <line>
      <![CDATA[STEP901]]>
    </line>
    <line>
      <![CDATA[STEP902]]>
    </line>
    <line>
      <![CDATA[STEP903]]>
    </line>
    <line>
      <![CDATA[STEP904]]>
    </line>
    <line>
      <![CDATA[STEP905]]>
    </line>
    <line>
      <![CDATA[STEP906]]>
    </line>
    <line>
      <![CDATA[STEP907]]>
    </line>
    <line>
      <![CDATA[STEP908]]>
    </line>
    <line>
      <![CDATA[STEP909]]>
    </line>
    <line>
      <![CDATA[STEP910]]>
    </line>
    <line>
      <![CDATA[STEP911]]>
    </line>
    <line>
      <![CDATA[STEP912]]>
    </line>
    <line>
      <![CDATA[STEP913]]>
    </line>
    <line>
      <![CDATA[STEP914]]>
    </line>
    <line>
      <![CDATA[STEP915]]>
    </line>
    <line>
      <![CDATA[STEP916]]>
    </line>
    <line>
      <![CDATA[STEP917]]>
    </line>
    <line>
      <![CDATA[STEP918]]>
    </line>
    <line>
      <![CDATA[STEP919]]>
    </line>
    <line>
      <![CDATA[STEP920]]>
    </line>
    <line>
      <![CDATA[STEP921]]>
    </line>
    <line>
      <![CDATA[STEP922]]>
    </line>
    <line>
      <![CDATA[STEP923]]>
    </line>
    <line>
      <![CDATA[STEP924]]>
    </line>
    <line>
      <![CDATA[STEP925]]>
    </line>
    <line>
      <![CDATA[STEP926]]>
    </line>
    <line>
      <![CDATA[STEP927]]>
    </line>
    <line>
      <![CDATA[STEP928]]>
    </line>
    <line>
      <![CDATA[STEP929]]>
    </line>
    <line>
      <![CDATA[STEP930]]>
    </line>
    <line>
      <![CDATA[STEP931]]>
    </line>
    <line>
      <![CDATA[STEP932]]>
    </line>
    <line>
      <![CDATA[STEP933]]>
    </line>
    <line>
      <![CDATA[STEP934]]>
    </line>
    <line>
      <![CDATA[STEP935]]>
    </line>
    <line>
      <![CDATA[STEP936]]>
    </line>
    <line>
      <![CDATA[STEP937]]>
    </line>
    <line>
      <![CDATA[STEP938]]>
    </line>
    <line>
      <![CDATA[STEP939]]>
    </line>
    <line>
      <![CDATA[STEP940]]>
    </line>
    <line>
      <![CDATA[STEP941]]>
    </line>
    <line>
      <![CDATA[STEP942]]>
    </line>
    <line>
      <![CDATA[STEP943]]>
    </line>
    <line>
      <![CDATA[STEP944]]>
    </line>
    <line>
      <![CDATA[STEP945]]>
    </line>
    <line>
      <![CDATA[STEP946]]>
    </line>
    <line>
      <![CDATA[STEP947]]>
    </line>
    <line>
      <![CDATA[STEP948]]>
    </line>
    <line>
      <![CDATA[STEP949]]>
    </line>
    <line>
      <![CDATA[STEP950]]>
    </line>
    <line>
      <![CDATA[STEP951]]>
    </line>
    <line>
      <![CDATA[STEP952]]>
    </line>
    <line>
      <![CDATA[STEP953]]>
    </line>
    <line>
      <![CDATA[STEP954]]>
    </line>
    <line>
      <![CDATA[STEP955]]>
    </line>
    <line>
      <![CDATA[STEP956]]>
    </line>
    <line>
      <![CDATA[STEP957]]>
    </line>
    <line>
      <![CDATA[STEP958]]>
    </line>
    <line>
      <![CDATA[STEP959]]>
    </line>
    <line>
      <![CDATA[STEP960]]>
    </line>
    <line>
      <![CDATA[STEP961]]>
    </line>
    <line>
      <![CDATA[STEP962]]>
    </line>
    <line>
      <![CDATA[STEP963]]>
    </line>
    <line>
      <![CDATA[STEP964]]>
    </line>
    <line>
      <![CDATA[STEP965]]>
    </line>
    <line>
      <![CDATA[STEP966]]>
    </line>
    <line>
      <![CDATA[STEP967]]>
    </line>
    <line>
      <![CDATA[STEP968]]>
    </line>
    <line>
      <![CDATA[STEP969]]>
    </line>
    <line>
      <![CDATA[STEP970]]>
    </line>
    <line>
      <![CDATA[STEP971]]>
    </line>
    <line>
      <![CDATA[STEP972]]>
    </line>
    <line>
      <![CDATA[STEP973]]>
    </line>
    <line>
      <![CDATA[STEP974]]>
    </line>
    <line>
      <![CDATA[STEP975]]>
    </line>
    <line>
      <![CDATA[STEP976]]>
    </line>
    <line>
      <![CDATA[STEP977]]>
    </line>
    <line>
      <![CDATA[STEP978]]>
    </line>
    <line>
      <![CDATA[STEP979]]>
    </line>
    <line>
      <![CDATA[STEP980]]>
    </line>
    <line>
      <![CDATA[STEP981]]>
    </line>
    <line>
      <![CDATA[STEP982]]>
    </line>
    <line>
      <![CDATA[STEP983]]>
    </line>
    <line>
      <![CDATA[STEP984]]>
    </line>
    <line>
      <![CDATA[STEP985]]>
    </line>
    <line>
      <![CDATA[STEP986]]>
    </line>
    <line>
      <![CDATA[STEP987]]>
    </line>
    <line>
      <![CDATA[STEP988]]>
    </line>
    <line>
      <![CDATA[STEP989]]>
    </line>
    <line>
      <![CDATA[STEP990]]>
    </line>
    <line>
      <![CDATA[STEP991]]>
    </line>
    <line>
      <![CDATA[STEP992]]>
    </line>
    <line>
      <![CDATA[STEP993]]>
    </line>
    <line>
      <![CDATA[STEP994]]>
    </line>
    <line>
      <![CDATA[STEP995]]>
    </line>
    <line>
      <![CDATA[STEP996]]>
    </line>
    <line>
      <![CDATA[STEP997]]>
    </line>
    <line>
      <![CDATA[STEP998]]>
    </line>
    <line>
      <![CDATA[STEP999]]>
    </line>
    <line>
      <![CDATA[STEP1000]]>
    </line>
    <line>
      <![CDATA[STEP1001]]>
    </line>
    <line>
      <![CDATA[STEP1002]]>
    </line>
    <line>
      <![CDATA[STEP1003]]>
    </line>
    <line>
      <![CDATA[STEP1004]]>
    </line>
    <line>
      <![CDATA[STEP1005]]>
    </line>
    <line>
      <![CDATA[STEP1006]]>
    </line>
    <line>
      <![CDATA[STEP1007]]>
    </line>
    <line>
      <![CDATA[STEP1008]]>
    </line>
    <line>
      <![CDATA[STEP1009]]>
    </line>
    <line>
      <![CDATA[STEP1010]]>
    </line>
    <line>
      <![CDATA[STEP1011]]>
    </line>
    <line>
      <![CDATA[STEP1012]]>
    </line>
    <line>
      <![CDATA[STEP1013]]>
    </line>
    <line>
      <![CDATA[STEP1014]]>
    </line>
    <line>
      <![CDATA[STEP1015]]>
    </line>
    <line>
      <![CDATA[STEP1016]]>
    </line>
    <line>
      <![CDATA[STEP1017]]>
    </line>
    <line>
      <![CDATA[STEP1018]]>
    </line>
    <line>
      <![CDATA[STEP1019]]>
    </line>
    <line>
      <![CDATA[STEP1020]]>
    </line>
    <line>
      <![CDATA[STEP1021]]>
    </line>
    <line>
      <![CDATA[STEP1022]]>
    </line>
    <line>
      <![CDATA[STEP1023]]>
    </line>
    <line>
      <![CDATA[STEP1024]]>
    </line>
    <line>
      <![CDATA[STEP1025]]>
    </line>
    <line>
      <![CDATA[STEP1026]]>
    </line>
    <line>
      <![CDATA[STEP1027]]>
    </line>
    <line>
      <![CDATA[STEP1028]]>
    </line>
    <line>
      <![CDATA[STEP1029]]>
    </line>
    <line>
      <![CDATA[STEP1030]]>
    </line>
    <line>
      <![CDATA[STEP1031]]>
    </line>
    <line>
      <![CDATA[STEP1032]]>
    </line>
    <line>
      <![CDATA[STEP1033]]>
    </line>
    <line>
      <![CDATA[STEP1034]]>
    </line>
    <line>
      <![CDATA[STEP1035]]>
    </line>
    <line>
      <![CDATA[STEP1036]]>
    </line>
    <line>
      <![CDATA[STEP1037]]>
    </line>
    <line>
      <![CDATA[STEP1038]]>
    </line>
    <line>
      <![CDATA[STEP1039]]>
    </line>
    <line>
      <![CDATA[STEP1040]]>
    </line>
    <line>
      <![CDATA[STEP1041]]>
    </line>
    <line>
      <![CDATA[STEP1042]]>
    </line>
    <line>
      <![CDATA[STEP1043]]>
    </line>
    <line>
      <![CDATA[STEP1044]]>
    </line>
    <line>
      <![CDATA[STEP1045]]>
    </line>
    <line>
      <![CDATA[STEP1046]]>
    </line>
    <line>
      <![CDATA[STEP1047]]>
    </line>
    <line>
      <![CDATA[STEP1048]]>
    </line>
    <line>
      <![CDATA[STEP1049]]>
    </line>
    <line>
      <![CDATA[STEP1050]]>
    </line>
    <line>
      <![CDATA[STEP1051]]>
    </line>
    <line>
      <![CDATA[STEP1052]]>
    </line>
    <line>
      <![CDATA[STEP1053]]>
    </line>
    <line>
      <![CDATA[STEP1054]]>
    </line>
    <line>
      <![CDATA[STEP1055]]>
    </line>
    <line>
      <![CDATA[STEP1056]]>
    </line>
    <line>
      <![CDATA[STEP1057]]>
    </line>
    <line>
      <![CDATA[STEP1058]]>
    </line>
    <line>
      <![CDATA[STEP1059]]>
    </line>
    <line>
      <![CDATA[STEP1060]]>
    </line>
    <line>
      <![CDATA[STEP1061]]>
    </line>
    <line>
      <![CDATA[STEP1062]]>
    </line>
    <line>
      <![CDATA[STEP1063]]>
    </line>
    <line>
      <![CDATA[STEP1064]]>
    </line>
    <line>
      <![CDATA[STEP1065]]>
    </line>
    <line>
      <![CDATA[STEP1066]]>
    </line>
    <line>
      <![CDATA[STEP1067]]>
    </line>
    <line>
      <![CDATA[STEP1068]]>
    </line>
    <line>
      <![CDATA[STEP1069]]>
    </line>
    <line>
      <![CDATA[STEP1070]]>
    </line>
    <line>
      <![CDATA[STEP1071]]>
    </line>
    <line>
      <![CDATA[STEP1072]]>
    </line>
    <line>
      <![CDATA[STEP1073]]>
    </line>
    <line>
      <![CDATA[STEP1074]]>
    </line>
    <line>
      <![CDATA[STEP1075]]>
    </line>
    <line>
      <![CDATA[STEP1076]]>
    </line>
    <line>
      <![CDATA[STEP1077]]>
    </line>
    <line>
      <![CDATA[STEP1078]]>
    </line>
    <line>
      <![CDATA[STEP1079]]>
    </line>
    <line>
      <![CDATA[STEP1080]]>
    </line>
    <line>
      <![CDATA[STEP1081]]>
    </line>
    <line>
      <![CDATA[STEP1082]]>
    </line>
    <line>
      <![CDATA[STEP1083]]>
    </line>
    <line>
      <![CDATA[STEP1084]]>
    </line>
    <line>
      <![CDATA[STEP1085]]>
    </line>
    <line>
      <![CDATA[STEP1086]]>
    </line>
    <line>
      <![CDATA[STEP1087]]>
    </line>
    <line>
      <![CDATA[STEP1088]]>
    </line>
    <line>
      <![CDATA[STEP1089]]>
    </line>
    <line>
      <![CDATA[STEP1090]]>
    </line>
    <line>
      <![CDATA[STEP1091]]>
    </line>
    <line>
      <![CDATA[STEP1092]]>
    </line>
    <line>
      <![CDATA[STEP1093]]>
    </line>
    <line>
      <![CDATA[STEP1094]]>
    </line>
    <line>
      <![CDATA[STEP1095]]>
    </line>
    <line>
      <![CDATA[STEP1096]]>
    </line>
    <line>
      <![CDATA[STEP1097]]>
    </line>
    <line>
      <![CDATA[STEP1098]]>
    </line>
    <line>
      <![CDATA[STEP1099]]>
    </line>
    <line>
      <![CDATA[STEP1100]]>
    </line>
    <line>
      <![CDATA[STEP1101]]>
    </line>
    <line>
      <![CDATA[STEP1102]]>
    </line>
    <line>
      <![CDATA[STEP1103]]>
    </line>
    <line>
      <![CDATA[STEP1104]]>
    </line>
    <line>
      <![CDATA[STEP1105]]>
    </line>
    <line>
      <![CDATA[STEP1106]]>
    </line>
    <line>
      <![CDATA[STEP1107]]>
    </line>
    <line>
      <![CDATA[STEP1108]]>
    </line>
    <line>
      <![CDATA[STEP1109]]>
    </line>
    <line>
      <![CDATA[STEP1110]]>
    </line>
    <line>
      <![CDATA[STEP1111]]>
    </line>
    <line>
      <![CDATA[STEP1112]]>
    </line>
    <line>
      <![CDATA[STEP1113]]>
    </line>
    <line>
      <![CDATA[STEP1114]]>
    </line>
    <line>
      <![CDATA[STEP1115]]>
    </line>
    <line>
      <![CDATA[STEP1116]]>
    </line>
    <line>
      <![CDATA[STEP1117]]>
    </line>
    <line>
      <![CDATA[STEP1118]]>
    </line>
    <line>
      <![CDATA[STEP1119]]>
    </line>
    <line>
      <![CDATA[STEP1120]]>
    </line>
    <line>
      <![CDATA[STEP1121]]>
    </line>
    <line>
      <![CDATA[STEP1122]]>
    </line>
    <line>
      <![CDATA[STEP1123]]>
    </line>
    <line>
      <![CDATA[STEP1124]]>
    </line>
    <line>
      <![CDATA[STEP1125]]>
    </line>
    <line>
      <![CDATA[STEP1126]]>
    </line>
    <line>
      <![CDATA[STEP1127]]>
    </line>
    <line>
      <![CDATA[STEP1128]]>
    </line>
    <line>
      <![CDATA[STEP1129]]>
    </line>
    <line>
      <![CDATA[STEP1130]]>
    </line>
    <line>
      <![CDATA[STEP1131]]>
    </line>
    <line>
      <![CDATA[STEP1132]]>
    </line>
    <line>
      <![CDATA[STEP1133]]>
    </line>
    <line>
      <![CDATA[STEP1134]]>
    </line>
    <line>
      <![CDATA[STEP1135]]>
    </line>
    <line>
      <![CDATA[STEP1136]]>
    </line>
    <line>
      <![CDATA[STEP1137]]>
    </line>
    <line>
      <![CDATA[STEP1138]]>
    </line>
    <line>
      <![CDATA[STEP1139]]>
    </line>
    <line>
      <![CDATA[STEP1140]]>
    </line>
    <line>
      <![CDATA[STEP1141]]>
    </line>
    <line>
      <![CDATA[STEP1142]]>
    </line>
    <line>
      <![CDATA[STEP1143]]>
    </line>
    <line>
      <![CDATA[STEP1144]]>
    </line>
    <line>
      <![CDATA[STEP1145]]>
    </line>
    <line>
      <![CDATA[STEP1146]]>
    </line>
    <line>
      <![CDATA[STEP1147]]>
    </line>
    <line>
      <![CDATA[STEP1148]]>
    </line>
    <line>
      <![CDATA[STEP1149]]>
    </line>
    <line>
      <![CDATA[STEP1150]]>
    </line>
    <line>
      <![CDATA[STEP1151]]>
    </line>
    <line>
      <![CDATA[STEP1152]]>
    </line>
    <line>
      <![CDATA[STEP1153]]>
    </line>
    <line>
      <![CDATA[STEP1154]]>
    </line>
    <line>
      <![CDATA[STEP1155]]>
    </line>
    <line>
      <![CDATA[STEP1156]]>
    </line>
    <line>
      <![CDATA[STEP1157]]>
    </line>
    <line>
      <![CDATA[STEP1158]]>
    </line>
    <line>
      <![CDATA[STEP1159]]>
    </line>
    <line>
      <![CDATA[STEP1160]]>
    </line>
    <line>
      <![CDATA[STEP1161]]>
    </line>
    <line>
      <![CDATA[STEP1162]]>
    </line>
    <line>
      <![CDATA[STEP1163]]>
    </line>
    <line>
      <![CDATA[STEP1164]]>
    </line>
    <line>
      <![CDATA[STEP1165]]>
    </line>
    <line>
      <![CDATA[STEP1166]]>
    </line>
    <line>
      <![CDATA[STEP1167]]>
    </line>
    <line>
      <![CDATA[STEP1168]]>
    </line>
    <line>
      <![CDATA[STEP1169]]>
    </line>
    <line>
      <![CDATA[STEP1170]]>
    </line>
    <line>
      <![CDATA[STEP1171]]>
    </line>
    <line>
      <![CDATA[STEP1172]]>
    </line>
    <line>
      <![CDATA[STEP1173]]>
    </line>
    <line>
      <![CDATA[STEP1174]]>
    </line>
    <line>
      <![CDATA[STEP1175]]>
    </line>
    <line>
      <![CDATA[STEP1176]]>
    </line>
    <line>
      <![CDATA[STEP1177]]>
    </line>
    <line>
      <![CDATA[STEP1178]]>
    </line>
    <line>
      <![CDATA[STEP1179]]>
    </line>
    <line>
      <![CDATA[STEP1180]]>
    </line>
    <line>
      <![CDATA[STEP1181]]>
    </line>
    <line>
      <![CDATA[STEP1182]]>
    </line>
    <line>
      <![CDATA[STEP1183]]>
    </line>
    <line>
      <![CDATA[STEP1184]]>
    </line>
    <line>
      <![CDATA[STEP1185]]>
    </line>
    <line>
      <![CDATA[STEP1186]]>
    </line>
    <line>
      <![CDATA[STEP1187]]>
    </line>
    <line>
      <![CDATA[STEP1188]]>
    </line>
    <line>
      <![CDATA[STEP1189]]>
    </line>
    <line>
      <![CDATA[STEP1190]]>
    </line>
    <line>
      <![CDATA[STEP1191]]>
    </line>
    <line>
      <![CDATA[STEP1192]]>
    </line>
    <line>
      <![CDATA[STEP1193]]>
    </line>
    <line>
      <![CDATA[STEP1194]]>
    </line>
    <line>
      <![CDATA[STEP1195]]>
    </line>
    <line>
      <![CDATA[STEP1196]]>
    </line>
    <line>
      <![CDATA[STEP1197]]>
    </line>
    <line>
      <![CDATA[STEP1198]]>
    </line>
    <line>
      <![CDATA[STEP1199]]>
    </line>
    <line>
      <![CDATA[STEP1200]]>
    </line>
    <line>
      <![CDATA[STEP1201]]>
    </line>
    <line>
      <![CDATA[STEP1202]]>
    </line>
    <line>
      <![CDATA[STEP1203]]>
    </line>
    <line>
      <![CDATA[STEP1204]]>
    </line>
    <line>
      <![CDATA[STEP1205]]>
    </line>
    <line>
      <![CDATA[STEP1206]]>
    </line>
    <line>
      <![CDATA[STEP1207]]>
    </line>
    <line>
      <![CDATA[STEP1208]]>
    </line>
    <line>
      <![CDATA[STEP1209]]>
    </line>
    <line>
      <![CDATA[STEP1210]]>
    </line>
    <line>
      <![CDATA[STEP1211]]>
    </line>
    <line>
      <![CDATA[STEP1212]]>
    </line>
    <line>
      <![CDATA[STEP1213]]>
    </line>
    <line>
      <![CDATA[STEP1214]]>
    </line>
    <line>
      <![CDATA[STEP1215]]>
    </line>
    <line>
      <![CDATA[STEP1216]]>
    </line>
    <line>
      <![CDATA[STEP1217]]>
    </line>
    <line>
      <![CDATA[STEP1218]]>
    </line>
    <line>
      <![CDATA[STEP1219]]>
    </line>
    <line>
      <![CDATA[STEP1220]]>
    </line>
    <line>
      <![CDATA[STEP1221]]>
    </line>
    <line>
      <![CDATA[STEP1222]]>
    </line>
    <line>
      <![CDATA[STEP1223]]>
    </line>
    <line>
      <![CDATA[STEP1224]]>
    </line>
    <line>
      <![CDATA[STEP1225]]>
    </line>
    <line>
      <![CDATA[STEP1226]]>
    </line>
    <line>
      <![CDATA[STEP1227]]>
    </line>
    <line>
      <![CDATA[STEP1228]]>
    </line>
    <line>
      <![CDATA[STEP1229]]>
    </line>
    <line>
      <![CDATA[STEP1230]]>
    </line>
    <line>
      <![CDATA[STEP1231]]>
    </line>
    <line>
      <![CDATA[STEP1232]]>
    </line>
    <line>
      <![CDATA[STEP1233]]>
    </line>
    <line>
      <![CDATA[STEP1234]]>
    </line>
    <line>
      <![CDATA[STEP1235]]>
    </line>
    <line>
      <![CDATA[STEP1236]]>
    </line>
    <line>
      <![CDATA[STEP1237]]>
    </line>
    <line>
      <![CDATA[STEP1238]]>
    </line>
    <line>
      <![CDATA[STEP1239]]>
    </line>
    <line>
      <![CDATA[STEP1240]]>
    </line>
    <line>
      <![CDATA[STEP1241]]>
    </line>
    <line>
      <![CDATA[STEP1242]]>
    </line>
    <line>
      <![CDATA[STEP1243]]>
    </line>
    <line>
      <![CDATA[STEP1244]]>
    </line>
    <line>
      <![CDATA[STEP1245]]>
    </line>
    <line>
      <![CDATA[STEP1246]]>
    </line>
    <line>
      <![CDATA[STEP1247]]>
    </line>
    <line>
      <![CDATA[STEP1248]]>
    </line>
    <line>
      <![CDATA[STEP1249]]>
    </line>
    <line>
      <![CDATA[STEP1250]]>
    </line>
    <line>
      <![CDATA[STEP1251]]>
    </line>
    <line>
      <![CDATA[STEP1252]]>
    </line>
    <line>
      <![CDATA[STEP1253]]>
    </line>
    <line>
      <![CDATA[STEP1254]]>
    </line>
    <line>
      <![CDATA[STEP1255]]>
    </line>
    <line>
      <![CDATA[STEP1256]]>
    </line>
    <line>
      <![CDATA[STEP1257]]>
    </line>
    <line>
      <![CDATA[STEP1258]]>
    </line>
    <line>
      <![CDATA[STEP1259]]>
    </line>
    <line>
      <![CDATA[STEP1260]]>
    </line>
    <line>
      <![CDATA[STEP1261]]>
    </line>
    <line>
      <![CDATA[STEP1262]]>
    </line>
    <line>
      <![CDATA[STEP1263]]>
    </line>
    <line>
      <![CDATA[STEP1264]]>
    </line>
    <line>
      <![CDATA[STEP1265]]>
    </line>
    <line>
      <![CDATA[STEP1266]]>
    </line>
    <line>
      <![CDATA[STEP1267]]>
    </line>
    <line>
      <![CDATA[STEP1268]]>
    </line>
    <line>
      <![CDATA[STEP1269]]>
    </line>
    <line>
      <![CDATA[STEP1270]]>
    </line>
    <line>
      <![CDATA[STEP1271]]>
    </line>
    <line>
      <![CDATA[STEP1272]]>
    </line>
    <line>
      <![CDATA[STEP1273]]>
    </line>
    <line>
      <![CDATA[STEP1274]]>
    </line>
    <line>
      <![CDATA[STEP1275]]>
    </line>
    <line>
      <![CDATA[STEP1276]]>
    </line>
    <line>
      <![CDATA[STEP1277]]>
    </line>
    <line>
      <![CDATA[STEP1278]]>
    </line>
    <line>
      <![CDATA[STEP1279]]>
    </line>
    <line>
      <![CDATA[STEP1280]]>
    </line>
    <line>
      <![CDATA[STEP1281]]>
    </line>
    <line>
      <![CDATA[STEP1282]]>
    </line>
    <line>
      <![CDATA[STEP1283]]>
    </line>
    <line>
      <![CDATA[STEP1284]]>
    </line>
    <line>
      <![CDATA[STEP1285]]>
    </line>
    <line>
      <![CDATA[STEP1286]]>
    </line>
    <line>
      <![CDATA[STEP1287]]>
    </line>
    <line>
      <![CDATA[STEP1288]]>
    </line>
    <line>
      <![CDATA[STEP1289]]>
    </line>
    <line>
      <![CDATA[STEP1290]]>
    </line>
    <line>
      <![CDATA[STEP1291]]>
    </line>
    <line>
      <![CDATA[STEP1292]]>
    </line>
    <line>
      <![CDATA[STEP1293]]>
    </line>
    <line>
      <![CDATA[STEP1294]]>
    </line>
    <line>
      <![CDATA[STEP1295]]>
    </line>
    <line>
      <![CDATA[STEP1296]]>
    </line>
    <line>
      <![CDATA[STEP1297]]>
    </line>
    <line>
      <![CDATA[STEP1298]]>
    </line>
    <line>
      <![CDATA[STEP1299]]>
    </line>
    <line>
      <![CDATA[STEP1300]]>
    </line>
    <line>
      <![CDATA[STEP1301]]>
    </line>
    <line>
      <![CDATA[STEP1302]]>
    </line>
    <line>
      <![CDATA[STEP1303]]>
    </line>
    <line>
      <![CDATA[STEP1304]]>
    </line>
    <line>
      <![CDATA[STEP1305]]>
    </line>
    <line>
      <![CDATA[STEP1306]]>
    </line>
    <line>
      <![CDATA[STEP1307]]>
    </line>
    <line>
      <![CDATA[STEP1308]]>
    </line>
    <line>
      <![CDATA[STEP1309]]>
    </line>
    <line>
      <![CDATA[STEP1310]]>
    </line>
    <line>
      <![CDATA[STEP1311]]>
    </line>
    <line>
      <![CDATA[STEP1312]]>
    </line>
    <line>
      <![CDATA[STEP1313]]>
    </line>
    <line>
      <![CDATA[STEP1314]]>
    </line>
    <line>
      <![CDATA[STEP1315]]>
    </line>
    <line>
      <![CDATA[STEP1316]]>
    </line>
    <line>
      <![CDATA[STEP1317]]>
    </line>
    <line>
      <![CDATA[STEP1318]]>
    </line>
    <line>
      <![CDATA[STEP1319]]>
    </line>
    <line>
      <![CDATA[STEP1320]]>
    </line>
    <line>
      <![CDATA[STEP1321]]>
    </line>
    <line>
      <![CDATA[STEP1322]]>
    </line>
    <line>
      <![CDATA[STEP1323]]>
    </line>
    <line>
      <![CDATA[STEP1324]]>
    </line>
    <line>
      <![CDATA[STEP1325]]>
    </line>
    <line>
      <![CDATA[STEP1326]]>
    </line>
    <line>
      <![CDATA[STEP1327]]>
    </line>
    <line>
      <![CDATA[STEP1328]]>
    </line>
    <line>
      <![CDATA[STEP1329]]>
    </line>
    <line>
      <![CDATA[STEP1330]]>
    </line>
    <line>
      <![CDATA[STEP1331]]>
    </line>
    <line>
      <![CDATA[STEP1332]]>
    </line>
    <line>
      <![CDATA[STEP1333]]>
    </line>
    <line>
      <![CDATA[STEP1334]]>
    </line>
    <line>
      <![CDATA[STEP1335]]>
    </line>
    <line>
      <![CDATA[STEP1336]]>
    </line>
    <line>
      <![CDATA[STEP1337]]>
    </line>
    <line>
      <![CDATA[STEP1338]]>
    </line>
    <line>
      <![CDATA[STEP1339]]>
    </line>
    <line>
      <![CDATA[STEP1340]]>
    </line>
    <line>
      <![CDATA[STEP1341]]>
    </line>
    <line>
      <![CDATA[STEP1342]]>
    </line>
    <line>
      <![CDATA[STEP1343]]>
    </line>
    <line>
      <![CDATA[STEP1344]]>
    </line>
    <line>
      <![CDATA[STEP1345]]>
    </line>
    <line>
      <![CDATA[STEP1346]]>
    </line>
    <line>
      <![CDATA[STEP1347]]>
    </line>
    <line>
      <![CDATA[STEP1348]]>
    </line>
    <line>
      <![CDATA[STEP1349]]>
    </line>
    <line>
      <![CDATA[STEP1350]]>
    </line>
    <line>
      <![CDATA[STEP1351]]>
    </line>
    <line>
      <![CDATA[STEP1352]]>
    </line>
    <line>
      <![CDATA[STEP1353]]>
    </line>
    <line>
      <![CDATA[STEP1354]]>
    </line>
    <line>
      <![CDATA[STEP1355]]>
    </line>
    <line>
      <![CDATA[STEP1356]]>
    </line>
    <line>
      <![CDATA[STEP1357]]>
    </line>
    <line>
      <![CDATA[STEP1358]]>
    </line>
    <line>
      <![CDATA[STEP1359]]>
    </line>
    <line>
      <![CDATA[STEP1360]]>
    </line>
    <line>
      <![CDATA[STEP1361]]>
    </line>
    <line>
      <![CDATA[STEP1362]]>
    </line>
    <line>
      <![CDATA[STEP1363]]>
    </line>
    <line>
      <![CDATA[STEP1364]]>
    </line>
    <line>
      <![CDATA[STEP1365]]>
    </line>
    <line>
      <![CDATA[STEP1366]]>
    </line>
    <line>
      <![CDATA[STEP1367]]>
    </line>
    <line>
      <![CDATA[STEP1368]]>
    </line>
    <line>
      <![CDATA[STEP1369]]>
    </line>
    <line>
      <![CDATA[STEP1370]]>
    </line>
    <line>
      <![CDATA[STEP1371]]>
    </line>
    <line>
      <![CDATA[STEP1372]]>
    </line>
    <line>
      <![CDATA[STEP1373]]>
    </line>
    <line>
      <![CDATA[STEP1374]]>
    </line>
    <line>
      <![CDATA[STEP1375]]>
    </line>
    <line>
      <![CDATA[STEP1376]]>
    </line>
    <line>
      <![CDATA[STEP1377]]>
    </line>
    <line>
      <![CDATA[STEP1378]]>
    </line>
    <line>
      <![CDATA[STEP1379]]>
    </line>
    <line>
      <![CDATA[STEP1380]]>
    </line>
    <line>
      <![CDATA[STEP1381]]>
    </line>
    <line>
      <![CDATA[STEP1382]]>
    </line>
    <line>
      <![CDATA[STEP1383]]>
    </line>
    <line>
      <![CDATA[STEP1384]]>
    </line>
    <line>
      <![CDATA[STEP1385]]>
    </line>
    <line>
      <![CDATA[STEP1386]]>
    </line>
    <line>
      <![CDATA[STEP1387]]>
    </line>
    <line>
      <![CDATA[STEP1388]]>
    </line>
    <line>
      <![CDATA[STEP1389]]>
    </line>
    <line>
      <![CDATA[STEP1390]]>
    </line>
    <line>
      <![CDATA[STEP1391]]>
    </line>
    <line>
      <![CDATA[STEP1392]]>
    </line>
    <line>
      <![CDATA[STEP1393]]>
    </line>
    <line>
      <![CDATA[STEP1394]]>
    </line>
    <line>
      <![CDATA[STEP1395]]>
    </line>
    <line>
      <![CDATA[STEP1396]]>
    </line>
    <line>
      <![CDATA[STEP1397]]>
    </line>
    <line>
      <![CDATA[STEP1398]]>
    </line>
    <line>
      <![CDATA[STEP1399]]>
    </line>
    <line>
      <![CDATA[STEP1400]]>
    </line>
    <line>
      <![CDATA[STEP1401]]>
    </line>
    <line>
      <![CDATA[STEP1402]]>
    </line>
    <line>
      <![CDATA[STEP1403]]>
    </line>
    <line>
      <![CDATA[STEP1404]]>
    </line>
    <line>
      <![CDATA[STEP1405]]>
    </line>
    <line>
      <![CDATA[STEP1406]]>
    </line>
    <line>
      <![CDATA[STEP1407]]>
    </line>
    <line>
      <![CDATA[STEP1408]]>
    </line>
    <line>
      <![CDATA[STEP1409]]>
    </line>
    <line>
      <![CDATA[STEP1410]]>
    </line>
    <line>
      <![CDATA[STEP1411]]>
    </line>
    <line>
      <![CDATA[STEP1412]]>
    </line>
    <line>
      <![CDATA[STEP1413]]>
    </line>
    <line>
      <![CDATA[STEP1414]]>
    </line>
    <line>
      <![CDATA[STEP1415]]>
    </line>
    <line>
      <![CDATA[STEP1416]]>
    </line>
    <line>
      <![CDATA[STEP1417]]>
    </line>
    <line>
      <![CDATA[STEP1418]]>
    </line>
    <line>
      <![CDATA[STEP1419]]>
    </line>
    <line>
      <![CDATA[STEP1420]]>
    </line>
    <line>
      <![CDATA[STEP1421]]>
    </line>
    <line>
      <![CDATA[STEP1422]]>
    </line>
    <line>
      <![CDATA[STEP1423]]>
    </line>
    <line>
      <![CDATA[STEP1424]]>
    </line>
    <line>
      <![CDATA[STEP1425]]>
    </line>
    <line>
      <![CDATA[STEP1426]]>
    </line>
    <line>
      <![CDATA[STEP1427]]>
    </line>
    <line>
      <![CDATA[STEP1428]]>
    </line>
    <line>
      <![CDATA[STEP1429]]>
    </line>
    <line>
      <![CDATA[STEP1430]]>
    </line>
    <line>
      <![CDATA[STEP1431]]>
    </line>
    <line>
      <![CDATA[STEP1432]]>
    </line>
    <line>
      <![CDATA[STEP1433]]>
    </line>
    <line>
      <![CDATA[STEP1434]]>
    </line>
    <line>
      <![CDATA[STEP1435]]>
    </line>
    <line>
      <![CDATA[STEP1436]]>
    </line>
    <line>
      <![CDATA[STEP1437]]>
    </line>
    <line>
      <![CDATA[STEP1438]]>
    </line>
    <line>
      <![CDATA[STEP1439]]>
    </line>
    <line>
      <![CDATA[STEP1440]]>
    </line>
    <line>
      <![CDATA[STEP1441]]>
    </line>
    <line>
      <![CDATA[STEP1442]]>
    </line>
    <line>
      <![CDATA[STEP1443]]>
    </line>
    <line>
      <![CDATA[STEP1444]]>
    </line>
    <line>
      <![CDATA[STEP1445]]>
    </line>
    <line>
      <![CDATA[STEP1446]]>
    </line>
    <line>
      <![CDATA[STEP1447]]>
    </line>
    <line>
      <![CDATA[STEP1448]]>
    </line>
    <line>
      <![CDATA[STEP1449]]>
    </line>
    <line>
      <![CDATA[STEP1450]]>
    </line>
    <line>
      <![CDATA[STEP1451]]>
    </line>
    <line>
      <![CDATA[STEP1452]]>
    </line>
    <line>
      <![CDATA[STEP1453]]>
    </line>
    <line>
      <![CDATA[STEP1454]]>
    </line>
    <line>
      <![CDATA[STEP1455]]>
    </line>
    <line>
      <![CDATA[STEP1456]]>
    </line>
    <line>
      <![CDATA[STEP1457]]>
    </line>
    <line>
      <![CDATA[STEP1458]]>
    </line>
    <line>
      <![CDATA[STEP1459]]>
    </line>
    <line>
      <![CDATA[STEP1460]]>
    </line>
    <line>
      <![CDATA[STEP1461]]>
    </line>
    <line>
      <![CDATA[STEP1462]]>
    </line>
    <line>
      <![CDATA[STEP1463]]>
    </line>
    <line>
      <![CDATA[STEP1464]]>
    </line>
    <line>
      <![CDATA[STEP1465]]>
    </line>
    <line>
      <![CDATA[STEP1466]]>
    </line>
    <line>
      <![CDATA[STEP1467]]>
    </line>
    <line>
      <![CDATA[STEP1468]]>
    </line>
    <line>
      <![CDATA[STEP1469]]>
    </line>
    <line>
      <![CDATA[STEP1470]]>
    </line>
    <line>
      <![CDATA[STEP1471]]>
    </line>
    <line>
      <![CDATA[STEP1472]]>
    </line>
    <line>
      <![CDATA[STEP1473]]>
    </line>
    <line>
      <![CDATA[STEP1474]]>
    </line>
    <line>
      <![CDATA[STEP1475]]>
    </line>
    <line>
      <![CDATA[STEP1476]]>
    </line>
    <line>
      <![CDATA[STEP1477]]>
    </line>
    <line>
      <![CDATA[STEP1478]]>
    </line>
    <line>
      <![CDATA[STEP1479]]>
    </line>
    <line>
      <![CDATA[STEP1480]]>
    </line>
    <line>
      <![CDATA[STEP1481]]>
    </line>
    <line>
      <![CDATA[STEP1482]]>
    </line>
    <line>
      <![CDATA[STEP1483]]>
    </line>
    <line>
      <![CDATA[STEP1484]]>
    </line>
    <line>
      <![CDATA[STEP1485]]>
    </line>
    <line>
      <![CDATA[STEP1486]]>
    </line>
    <line>
      <![CDATA[STEP1487]]>
    </line>
    <line>
      <![CDATA[STEP1488]]>
    </line>
    <line>
      <![CDATA[STEP1489]]>
    </line>
    <line>
      <![CDATA[STEP1490]]>
    </line>
    <line>
      <![CDATA[STEP1491]]>
    </line>
    <line>
      <![CDATA[STEP1492]]>
    </line>
    <line>
      <![CDATA[STEP1493]]>
    </line>
    <line>
      <![CDATA[STEP1494]]>
    </line>
    <line>
      <![CDATA[STEP1495]]>
    </line>
    <line>
      <![CDATA[STEP1496]]>
    </line>
    <line>
      <![CDATA[STEP1497]]>
    </line>
    <line>
      <![CDATA[STEP1498]]>
    </line>
    <line>
      <![CDATA[STEP1499]]>
    </line>
    <line>
      <![CDATA[STEP1500]]>
    </line>
    <line>
      <![CDATA[STEP1501]]>
    </line>
    <line>
      <![CDATA[STEP1502]]>
    </line>
    <line>
      <![CDATA[STEP1503]]>
    </line>
    <line>
      <![CDATA[STEP1504]]>
    </line>
    <line>
      <![CDATA[STEP1505]]>
    </line>
    <line>
      <![CDATA[STEP1506]]>
    </line>
    <line>
      <![CDATA[STEP1507]]>
    </line>
    <line>
      <![CDATA[STEP1508]]>
    </line>
    <line>
      <![CDATA[STEP1509]]>
    </line>
    <line>
      <![CDATA[STEP1510]]>
    </line>
    <line>
      <![CDATA[STEP1511]]>
    </line>
    <line>
      <![CDATA[STEP1512]]>
    </line>
    <line>
      <![CDATA[STEP1513]]>
    </line>
    <line>
      <![CDATA[STEP1514]]>
    </line>
    <line>
      <![CDATA[STEP1515]]>
    </line>
    <line>
      <![CDATA[STEP1516]]>
    </line>
    <line>
      <![CDATA[STEP1517]]>
    </line>
    <line>
      <![CDATA[STEP1518]]>
    </line>
    <line>
      <![CDATA[STEP1519]]>
    </line>
    <line>
      <![CDATA[STEP1520]]>
    </line>
    <line>
      <![CDATA[STEP1521]]>
    </line>
    <line>
      <![CDATA[STEP1522]]>
    </line>
    <line>
      <![CDATA[STEP1523]]>
    </line>
    <line>
      <![CDATA[STEP1524]]>
    </line>
    <line>
      <![CDATA[STEP1525]]>
    </line>
    <line>
      <![CDATA[STEP1526]]>
    </line>
    <line>
      <![CDATA[STEP1527]]>
    </line>
    <line>
      <![CDATA[STEP1528]]>
    </line>
    <line>
      <![CDATA[STEP1529]]>
    </line>
    <line>
      <![CDATA[STEP1530]]>
    </line>
    <line>
      <![CDATA[STEP1531]]>
    </line>
    <line>
      <![CDATA[STEP1532]]>
    </line>
    <line>
      <![CDATA[STEP1533]]>
    </line>
    <line>
      <![CDATA[STEP1534]]>
    </line>
    <line>
      <![CDATA[STEP1535]]>
    </line>
    <line>
      <![CDATA[STEP1536]]>
    </line>
    <line>
      <![CDATA[STEP1537]]>
    </line>
    <line>
      <![CDATA[STEP1538]]>
    </line>
    <line>
      <![CDATA[STEP1539]]>
    </line>
    <line>
      <![CDATA[STEP1540]]>
    </line>
    <line>
      <![CDATA[STEP1541]]>
    </line>
    <line>
      <![CDATA[STEP1542]]>
    </line>
    <line>
      <![CDATA[STEP1543]]>
    </line>
    <line>
      <![CDATA[STEP1544]]>
    </line>
    <line>
      <![CDATA[STEP1545]]>
    </line>
    <line>
      <![CDATA[STEP1546]]>
    </line>
    <line>
      <![CDATA[STEP1547]]>
    </line>
    <line>
      <![CDATA[STEP1548]]>
    </line>
    <line>
      <![CDATA[STEP1549]]>
    </line>
    <line>
      <![CDATA[STEP1550]]>
    </line>
    <line>
      <![CDATA[STEP1551]]>
    </line>
    <line>
      <![CDATA[STEP1552]]>
    </line>
    <line>
      <![CDATA[STEP1553]]>
    </line>
    <line>
      <![CDATA[STEP1554]]>
    </line>
    <line>
      <![CDATA[STEP1555]]>
    </line>
    <line>
      <![CDATA[STEP1556]]>
    </line>
    <line>
      <![CDATA[STEP1557]]>
    </line>
    <line>
      <![CDATA[STEP1558]]>
    </line>
    <line>
      <![CDATA[STEP1559]]>
    </line>
    <line>
      <![CDATA[STEP1560]]>
    </line>
    <line>
      <![CDATA[STEP1561]]>
    </line>
    <line>
      <![CDATA[STEP1562]]>
    </line>
    <line>
      <![CDATA[STEP1563]]>
    </line>
    <line>
      <![CDATA[STEP1564]]>
    </line>
    <line>
      <![CDATA[STEP1565]]>
    </line>
    <line>
      <![CDATA[STEP1566]]>
    </line>
    <line>
      <![CDATA[STEP1567]]>
    </line>
    <line>
      <![CDATA[STEP1568]]>
    </line>
    <line>
      <![CDATA[STEP1569]]>
    </line>
    <line>
      <![CDATA[STEP1570]]>
    </line>
    <line>
      <![CDATA[STEP1571]]>
    </line>
    <line>
      <![CDATA[STEP1572]]>
    </line>
    <line>
      <![CDATA[STEP1573]]>
    </line>
    <line>
      <![CDATA[STEP1574]]>
    </line>
    <line>
      <![CDATA[STEP1575]]>
    </line>
    <line>
      <![CDATA[STEP1576]]>
    </line>
    <line>
      <![CDATA[STEP1577]]>
    </line>
    <line>
      <![CDATA[STEP1578]]>
    </line>
    <line>
      <![CDATA[STEP1579]]>
    </line>
    <line>
      <![CDATA[STEP1580]]>
    </line>
    <line>
      <![CDATA[STEP1581]]>
    </line>
    <line>
      <![CDATA[STEP1582]]>
    </line>
    <line>
      <![CDATA[STEP1583]]>
    </line>
    <line>
      <![CDATA[STEP1584]]>
    </line>
    <line>
      <![CDATA[STEP1585]]>
    </line>
    <line>
      <![CDATA[STEP1586]]>
    </line>
    <line>
      <![CDATA[STEP1587]]>
    </line>
    <line>
      <![CDATA[STEP1588]]>
    </line>
    <line>
      <![CDATA[STEP1589]]>
    </line>
    <line>
      <![CDATA[STEP1590]]>
    </line>
    <line>
      <![CDATA[STEP1591]]>
    </line>
    <line>
      <![CDATA[STEP1592]]>
    </line>
    <line>
      <![CDATA[STEP1593]]>
    </line>
    <line>
      <![CDATA[STEP1594]]>
    </line>
    <line>
      <![CDATA[STEP1595]]>
    </line>
    <line>
      <![CDATA[STEP1596]]>
    </line>
    <line>
      <![CDATA[STEP1597]]>
    </line>
    <line>
      <![CDATA[STEP1598]]>
    </line>
    <line>
      <![CDATA[STEP1599]]>
    </line>
    <line>
      <![CDATA[STEP1600]]>
    </line>
    <line>
      <![CDATA[STEP1601]]>
    </line>
    <line>
      <![CDATA[STEP1602]]>
    </line>
    <line>
      <![CDATA[STEP1603]]>
    </line>
    <line>
      <![CDATA[STEP1604]]>
    </line>
    <line>
      <![CDATA[STEP1605]]>
    </line>
    <line>
      <![CDATA[STEP1606]]>
    </line>
    <line>
      <![CDATA[STEP1607]]>
    </line>
    <line>
      <![CDATA[STEP1608]]>
    </line>
    <line>
      <![CDATA[STEP1609]]>
    </line>
    <line>
      <![CDATA[STEP1610]]>
    </line>
    <line>
      <![CDATA[STEP1611]]>
    </line>
    <line>
      <![CDATA[STEP1612]]>
    </line>
    <line>
      <![CDATA[STEP1613]]>
    </line>
    <line>
      <![CDATA[STEP1614]]>
    </line>
    <line>
      <![CDATA[STEP1615]]>
    </line>
    <line>
      <![CDATA[STEP1616]]>
    </line>
    <line>
      <![CDATA[STEP1617]]>
    </line>
    <line>
      <![CDATA[STEP1618]]>
    </line>
    <line>
      <![CDATA[STEP1619]]>
    </line>
    <line>
[...]
            <line>
              <![CDATA[STEP5303]]>
            </line>
            <line>
              <![CDATA[STEP5304]]>
            </line>
            <line>
              <![CDATA[STEP5305]]>
            </line>
            <line>
              <![CDATA[STEP5306]]>
            </line>
            <line>
              <![CDATA[STEP5307]]>
            </line>
            <line>
              <![CDATA[STEP5308]]>
            </line>
            <line>
              <![CDATA[STEP5309]]>
            </line>
            <line>
              <![CDATA[STEP5310]]>
            </line>
            <line>
              <![CDATA[STEP5311]]>
            </line>
            <line>
              <![CDATA[STEP5312]]>
            </line>
            <line>
              <![CDATA[STEP5313]]>
            </line>
            <line>
              <![CDATA[STEP5314]]>
            </line>
            <line>
              <![CDATA[STEP5315]]>
            </line>
            <line>
              <![CDATA[STEP5316]]>
            </line>
            <line>
              <![CDATA[STEP5317]]>
            </line>
            <line>
              <![CDATA[STEP5318]]>
            </line>
            <line>
              <![CDATA[STEP5319]]>
            </line>
            <line>
              <![CDATA[STEP5320]]>
            </line>
            <line>
              <![CDATA[STEP5321]]>
            </line>
            <line>
              <![CDATA[STEP5322]]>
            </line>
            <line>
              <![CDATA[STEP5323]]>
            </line>
            <line>
              <![CDATA[STEP5324]]>
            </line>
            <line>
              <![CDATA[STEP5325]]>
            </line>
            <line>
              <![CDATA[STEP5326]]>
            </line>
            <line>
              <![CDATA[STEP5327]]>
            </line>
            <line>
              <![CDATA[STEP5328]]>
            </line>
            <line>
              <![CDATA[STEP5329]]>
            </line>
            <line>
              <![CDATA[STEP5330]]>
            </line>
            <line>
              <![CDATA[STEP5331]]>
            </line>
            <line>
              <![CDATA[STEP5332]]>
            </line>
            <line>
              <![CDATA[STEP5333]]>
            </line>
            <line>
              <![CDATA[STEP5334]]>
            </line>
            <line>
              <![CDATA[STEP5335]]>
            </line>
            <line>
              <![CDATA[STEP5336]]>
            </line>
            <line>
              <![CDATA[STEP5337]]>
            </line>
            <line>
              <![CDATA[STEP5338]]>
            </line>
            <line>
              <![CDATA[STEP5339]]>
            </line>
            <line>
              <![CDATA[STEP5340]]>
            </line>
            <line>
              <![CDATA[STEP5341]]>
            </line>
            <line>
              <![CDATA[STEP5342]]>
            </line>
            <line>
              <![CDATA[STEP5343]]>
            </line>
            <line>
              <![CDATA[STEP5344]]>
            </line>
            <line>
              <![CDATA[STEP5345]]>
            </line>
            <line>
              <![CDATA[STEP5346]]>
            </line>
            <line>
              <![CDATA[STEP5347]]>
            </line>
            <line>
              <![CDATA[STEP5348]]>
            </line>
            <line>
              <![CDATA[STEP5349]]>
            </line>
            <line>
              <![CDATA[STEP5350]]>
            </line>
            <line>
              <![CDATA[STEP5351]]>
            </line>
            <line>
              <![CDATA[STEP5352]]>
            </line>
            <line>
              <![CDATA[STEP5353]]>
            </line>
            <line>
              <![CDATA[STEP5354]]>
            </line>
            <line>
              <![CDATA[STEP5355]]>
            </line>
            <line>
              <![CDATA[STEP5356]]>
            </line>
            <line>
              <![CDATA[STEP5357]]>
            </line>
            <line>
              <![CDATA[STEP5358]]>
            </line>
            <line>
              <![CDATA[STEP5359]]>
            </line>
            <line>
              <![CDATA[STEP5360]]>
            </line>
            <line>
              <![CDATA[STEP5361]]>
            </line>
            <line>
              <![CDATA[STEP5362]]>
            </line>
            <line>
              <![CDATA[STEP5363]]>
            </line>
            <line>
              <![CDATA[STEP5364]]>
            </line>
            <line>
              <![CDATA[STEP5365]]>
            </line>
            <line>
              <![CDATA[STEP5366]]>
            </line>
            <line>
              <![CDATA[STEP5367]]>
            </line>
            <line>
              <![CDATA[STEP5368]]>
            </line>
            <line>
              <![CDATA[STEP5369]]>
            </line>
            <line>
              <![CDATA[STEP5370]]>
            </line>
            <line>
              <![CDATA[STEP5371]]>
            </line>
            <line>
              <![CDATA[STEP5372]]>
            </line>
            <line>
              <![CDATA[STEP5373]]>
            </line>
            <line>
              <![CDATA[STEP5374]]>
            </line>
            <line>
              <![CDATA[STEP5375]]>
            </line>
            <line>
              <![CDATA[STEP5376]]>
            </line>
            <line>
              <![CDATA[STEP5377]]>
            </line>
            <line>
              <![CDATA[STEP5378]]>
            </line>
            <line>
              <![CDATA[STEP5379]]>
            </line>
            <line>
              <![CDATA[STEP5380]]>
            </line>
            <line>
              <![CDATA[STEP5381]]>
            </line>
            <line>
              <![CDATA[STEP5382]]>
            </line>
            <line>
              <![CDATA[STEP5383]]>
            </line>
            <line>
              <![CDATA[STEP5384]]>
            </line>
            <line>
              <![CDATA[STEP5385]]>
            </line>
            <line>
              <![CDATA[STEP5386]]>
            </line>
            <line>
              <![CDATA[STEP5387]]>
            </line>
            <line>
              <![CDATA[STEP5388]]>
            </line>
            <line>
              <![CDATA[STEP5389]]>
            </line>
            <line>
              <![CDATA[STEP5390]]>
            </line>
            <line>
              <![CDATA[STEP5391]]>
            </line>
            <line>
              <![CDATA[STEP5392]]>
            </line>
            <line>
              <![CDATA[STEP5393]]>
            </line>
            <line>
              <![CDATA[STEP5394]]>
            </line>
            <line>
              <![CDATA[STEP5395]]>
            </line>
            <line>
              <![CDATA[STEP5396]]>
            </line>
            <line>
              <![CDATA[STEP5397]]>
            </line>
            <line>
              <![CDATA[STEP5398]]>
            </line>
            <line>
              <![CDATA[STEP5399]]>
            </line>
            <line>
              <![CDATA[STEP5400]]>
            </line>
            <line>
              <![CDATA[STEP5401]]>
            </line>
            <line>
              <![CDATA[STEP5402]]>
            </line>
            <line>
              <![CDATA[STEP5403]]>
            </line>
            <line>
              <![CDATA[STEP5404]]>
            </line>
            <line>
              <![CDATA[STEP5405]]>
            </line>
            <line>
              <![CDATA[STEP5406]]>
            </line>
            <line>
              <![CDATA[STEP5407]]>
            </line>
            <line>
              <![CDATA[STEP5408]]>
            </line>
            <line>
              <![CDATA[STEP5409]]>
            </line>
            <line>
              <![CDATA[STEP5410]]>
            </line>
            <line>
              <![CDATA[STEP5411]]>
            </line>
            <line>
              <![CDATA[STEP5412]]>
            </line>
            <line>
              <![CDATA[STEP5413]]>
            </line>
            <line>
              <![CDATA[STEP5414]]>
            </line>
            <line>
              <![CDATA[STEP5415]]>
            </line>
            <line>
              <![CDATA[STEP5416]]>
            </line>
            <line>
              <![CDATA[STEP5417]]>
            </line>
            <line>
              <![CDATA[STEP5418]]>
            </line>
            <line>
              <![CDATA[STEP5419]]>
            </line>
            <line>
              <![CDATA[STEP5420]]>
            </line>
            <line>
              <![CDATA[STEP5421]]>
            </line>
            <line>
              <![CDATA[STEP5422]]>
            </line>
            <line>
              <![CDATA[STEP5423]]>
            </line>
            <line>
              <![CDATA[STEP5424]]>
            </line>
            <line>
              <![CDATA[STEP5425]]>
            </line>
            <line>
              <![CDATA[STEP5426]]>
            </line>
            <line>
              <![CDATA[STEP5427]]>
            </line>
            <line>
              <![CDATA[STEP5428]]>
            </line>
            <line>
              <![CDATA[STEP5429]]>
            </line>
            <line>
              <![CDATA[STEP5430]]>
            </line>
            <line>
              <![CDATA[STEP5431]]>
            </line>
            <line>
              <![CDATA[STEP5432]]>
            </line>
            <line>
              <![CDATA[STEP5433]]>
            </line>
            <line>
              <![CDATA[STEP5434]]>
            </line>
            <line>
              <![CDATA[STEP5435]]>
            </line>
            <line>
              <![CDATA[STEP5436]]>
            </line>
            <line>
              <![CDATA[STEP5437]]>
            </line>
            <line>
              <![CDATA[STEP5438]]>
            </line>
            <line>
              <![CDATA[STEP5439]]>
            </line>
            <line>
              <![CDATA[STEP5440]]>
            </line>
            <line>
              <![CDATA[STEP5441]]>
            </line>
            <line>
              <![CDATA[STEP5442]]>
            </line>
            <line>
              <![CDATA[STEP5443]]>
            </line>
            <line>
              <![CDATA[STEP5444]]>
            </line>
            <line>
              <![CDATA[STEP5445]]>
            </line>
            <line>
              <![CDATA[STEP5446]]>
            </line>
            <line>
              <![CDATA[STEP5447]]>
            </line>
            <line>
              <![CDATA[STEP5448]]>
            </line>
            <line>
              <![CDATA[STEP5449]]>
            </line>
            <line>
              <![CDATA[STEP5450]]>
            </line>
            <line>
              <![CDATA[STEP5451]]>
            </line>
            <line>
              <![CDATA[STEP5452]]>
            </line>
            <line>
              <![CDATA[STEP5453]]>
            </line>
            <line>
              <![CDATA[STEP5454]]>
            </line>
            <line>
              <![CDATA[STEP5455]]>
            </line>
            <line>
              <![CDATA[STEP5456]]>
            </line>
            <line>
              <![CDATA[STEP5457]]>
            </line>
            <line>
              <![CDATA[STEP5458]]>
            </line>
            <line>
              <![CDATA[STEP5459]]>
            </line>
            <line>
              <![CDATA[STEP5460]]>
            </line>
            <line>
              <![CDATA[STEP5461]]>
            </line>
            <line>
              <![CDATA[STEP5462]]>
            </line>
            <line>
              <![CDATA[STEP5463]]>
            </line>
            <line>
              <![CDATA[STEP5464]]>
            </line>
            <line>
              <![CDATA[STEP5465]]>
            </line>
            <line>
              <![CDATA[STEP5466]]>
            </line>
            <line>
              <![CDATA[STEP5467]]>
            </line>
            <line>
              <![CDATA[STEP5468]]>
            </line>
            <line>
              <![CDATA[STEP5469]]>
            </line>
            <line>
              <![CDATA[STEP5470]]>
            </line>
            <line>
              <![CDATA[STEP5471]]>
            </line>
            <line>
              <![CDATA[STEP5472]]>
            </line>
            <line>
              <![CDATA[STEP5473]]>
            </line>
            <line>
              <![CDATA[STEP5474]]>
            </line>
            <line>
              <![CDATA[STEP5475]]>
            </line>
            <line>
              <![CDATA[STEP5476]]>
            </line>
            <line>
              <![CDATA[STEP5477]]>
            </line>
            <line>
              <![CDATA[STEP5478]]>
            </line>
            <line>
              <![CDATA[STEP5479]]>
            </line>
            <line>
              <![CDATA[STEP5480]]>
            </line>
            <line>
              <![CDATA[STEP5481]]>
            </line>
            <line>
              <![CDATA[STEP5482]]>
            </line>
            <line>
              <![CDATA[STEP5483]]>
            </line>
            <line>
              <![CDATA[STEP5484]]>
            </line>
            <line>
              <![CDATA[STEP5485]]>
            </line>
            <line>
              <![CDATA[STEP5486]]>
            </line>
            <line>
              <![CDATA[STEP5487]]>
            </line>
            <line>
              <![CDATA[STEP5488]]>
            </line>
            <line>
              <![CDATA[STEP5489]]>
            </line>
            <line>
              <![CDATA[STEP5490]]>
            </line>
            <line>
              <![CDATA[STEP5491]]>
            </line>
            <line>
              <![CDATA[STEP5492]]>
            </line>
            <line>
              <![CDATA[STEP5493]]>
            </line>
            <line>
              <![CDATA[STEP5494]]>
            </line>
            <line>
              <![CDATA[STEP5495]]>
            </line>
            <line>
              <![CDATA[STEP5496]]>
            </line>
            <line>
              <![CDATA[STEP5497]]>
            </line>
            <line>
              <![CDATA[STEP5498]]>
            </line>
            <line>
              <![CDATA[STEP5499]]>
            </line>
            <line>
              <![CDATA[STEP5500]]>
            </line>
            <line>
              <![CDATA[STEP5501]]>
            </line>
            <line>
              <![CDATA[STEP5502]]>
            </line>
            <line>
              <![CDATA[STEP5503]]>
            </line>
            <line>
              <![CDATA[STEP5504]]>
            </line>
            <line>
              <![CDATA[STEP5505]]>
            </line>
            <line>
              <![CDATA[STEP5506]]>
            </line>
            <line>
              <![CDATA[STEP5507]]>
            </line>
            <line>
              <![CDATA[STEP5508]]>
            </line>
            <line>
              <![CDATA[STEP5509]]>
            </line>
            <line>
              <![CDATA[STEP5510]]>
            </line>
            <line>
              <![CDATA[STEP5511]]>
            </line>
            <line>
              <![CDATA[STEP5512]]>
            </line>
            <line>
              <![CDATA[STEP5513]]>
            </line>
            <line>
              <![CDATA[STEP5514]]>
            </line>
            <line>
              <![CDATA[STEP5515]]>
            </line>
            <line>
              <![CDATA[STEP5516]]>
            </line>
            <line>
              <![CDATA[STEP5517]]>
            </line>
            <line>
              <![CDATA[STEP5518]]>
            </line>
            <line>
              <![CDATA[STEP5519]]>
            </line>
            <line>
              <![CDATA[STEP5520]]>
            </line>
            <line>
              <![CDATA[STEP5521]]>
            </line>
            <line>
              <![CDATA[STEP5522]]>
            </line>
            <line>
              <![CDATA[STEP5523]]>
            </line>
            <line>
              <![CDATA[STEP5524]]>
            </line>
            <line>
              <![CDATA[STEP5525]]>
            </line>
            <line>
              <![CDATA[STEP5526]]>
            </line>
            <line>
              <![CDATA[STEP5527]]>
            </line>
            <line>
              <![CDATA[STEP5528]]>
            </line>
            <line>
              <![CDATA[STEP5529]]>
            </line>
            <line>
              <![CDATA[STEP5530]]>
            </line>
            <line>
              <![CDATA[STEP5531]]>
            </line>
            <line>
              <![CDATA[STEP5532]]>
            </line>
            <line>
              <![CDATA[STEP5533]]>
            </line>
            <line>
              <![CDATA[STEP5534]]>
            </line>
            <line>
              <![CDATA[STEP5535]]>
            </line>
            <line>
              <![CDATA[STEP5536]]>
            </line>
            <line>
              <![CDATA[STEP5537]]>
            </line>
            <line>
              <![CDATA[STEP5538]]>
            </line>
            <line>
              <![CDATA[STEP5539]]>
            </line>
            <line>
              <![CDATA[STEP5540]]>
            </line>
            <line>
              <![CDATA[STEP5541]]>
            </line>
            <line>
              <![CDATA[STEP5542]]>
            </line>
            <line>
              <![CDATA[STEP5543]]>
            </line>
            <line>
              <![CDATA[STEP5544]]>
            </line>
            <line>
              <![CDATA[STEP5545]]>
            </line>
            <line>
              <![CDATA[STEP5546]]>
            </line>
            <line>
              <![CDATA[STEP5547]]>
            </line>
            <line>
              <![CDATA[STEP5548]]>
            </line>
            <line>
              <![CDATA[STEP5549]]>
            </line>
            <line>
              <![CDATA[STEP5550]]>
            </line>
            <line>
              <![CDATA[STEP5551]]>
            </line>
            <line>
              <![CDATA[STEP5552]]>
            </line>
            <line>
              <![CDATA[STEP5553]]>
            </line>
            <line>
              <![CDATA[STEP5554]]>
            </line>
            <line>
              <![CDATA[STEP5555]]>
            </line>
            <line>
              <![CDATA[STEP5556]]>
            </line>
            <line>
              <![CDATA[STEP5557]]>
            </line>
            <line>
              <![CDATA[STEP5558]]>
            </line>
            <line>
              <![CDATA[STEP5559]]>
            </line>
            <line>
              <![CDATA[STEP5560]]>
            </line>
            <line>
              <![CDATA[STEP5561]]>
            </line>
            <line>
              <![CDATA[STEP5562]]>
            </line>
            <line>
              <![CDATA[STEP5563]]>
            </line>
            <line>
              <![CDATA[STEP5564]]>
            </line>
            <line>
              <![CDATA[STEP5565]]>
            </line>
          </reporter-output>
        </test-method> <!-- Scenario11 -->
        <test-method is-config="true" signature="aftertest()[pri:0, instance:commonMethods.Testcases@5f038248]" started-at="2024-04-03T17:49:33 IST" name="aftertest" finished-at="2024-04-03T17:50:07 IST" duration-ms="34551" status="PASS">
          <reporter-output>
          </reporter-output>
        </test-method> <!-- aftertest -->
      </class> <!-- commonMethods.Testcases -->
    </test> <!-- Test -->
  </suite> <!-- Suite -->
</testng-results>
